This file contains any messages produced by compilers while
running configure, to aid debugging if configure makes a mistake.

It was created by Flowgrind configure 0.7.5, which was
generated by GNU Autoconf 2.69.  Invocation command line was

  $ ./configure 

## --------- ##
## Platform. ##
## --------- ##

hostname = lohengrin
uname -m = x86_64
uname -r = 3.14.0-89-mptcp
uname -s = Linux
uname -v = #2 SMP Tue Sep 23 10:17:16 UTC 2014

/usr/bin/uname -p = unknown
/bin/uname -X     = unknown

/bin/arch              = unknown
/usr/bin/arch -k       = unknown
/usr/convex/getsysinfo = unknown
/usr/bin/hostinfo      = unknown
/bin/machine           = unknown
/usr/bin/oslevel       = unknown
/bin/universe          = unknown

PATH: /home/richi/bin
PATH: /home/richi/bin
PATH: /home/richi/bin
PATH: /usr/local/sbin
PATH: /usr/local/bin
PATH: /usr/sbin
PATH: /usr/bin
PATH: /sbin
PATH: /bin
PATH: /usr/games
PATH: /usr/local/games


## ----------- ##
## Core tests. ##
## ----------- ##

configure:2533: checking for a BSD-compatible install
configure:2601: result: /usr/bin/install -c
configure:2612: checking whether build environment is sane
configure:2667: result: yes
configure:2818: checking for a thread-safe mkdir -p
configure:2857: result: /bin/mkdir -p
configure:2864: checking for gawk
configure:2880: found /usr/bin/gawk
configure:2891: result: gawk
configure:2902: checking whether make sets $(MAKE)
configure:2924: result: yes
configure:2953: checking whether make supports nested variables
configure:2970: result: yes
configure:3107: checking build system type
configure:3121: result: x86_64-unknown-linux-gnu
configure:3141: checking host system type
configure:3154: result: x86_64-unknown-linux-gnu
configure:3267: checking for cc
configure:3283: found /usr/bin/cc
configure:3294: result: cc
configure:3325: checking for C compiler version
configure:3334: cc --version >&5
cc (Ubuntu 4.8.2-19ubuntu1) 4.8.2
Copyright (C) 2013 Free Software Foundation, Inc.
This is free software; see the source for copying conditions.  There is NO
warranty; not even for MERCHANTABILITY or FITNESS FOR A PARTICULAR PURPOSE.

configure:3345: $? = 0
configure:3334: cc -v >&5
Using built-in specs.
COLLECT_GCC=cc
COLLECT_LTO_WRAPPER=/usr/lib/gcc/x86_64-linux-gnu/4.8/lto-wrapper
Target: x86_64-linux-gnu
Configured with: ../src/configure -v --with-pkgversion='Ubuntu 4.8.2-19ubuntu1' --with-bugurl=file:///usr/share/doc/gcc-4.8/README.Bugs --enable-languages=c,c++,java,go,d,fortran,objc,obj-c++ --prefix=/usr --program-suffix=-4.8 --enable-shared --enable-linker-build-id --libexecdir=/usr/lib --without-included-gettext --enable-threads=posix --with-gxx-include-dir=/usr/include/c++/4.8 --libdir=/usr/lib --enable-nls --with-sysroot=/ --enable-clocale=gnu --enable-libstdcxx-debug --enable-libstdcxx-time=yes --enable-gnu-unique-object --disable-libmudflap --enable-plugin --with-system-zlib --disable-browser-plugin --enable-java-awt=gtk --enable-gtk-cairo --with-java-home=/usr/lib/jvm/java-1.5.0-gcj-4.8-amd64/jre --enable-java-home --with-jvm-root-dir=/usr/lib/jvm/java-1.5.0-gcj-4.8-amd64 --with-jvm-jar-dir=/usr/lib/jvm-exports/java-1.5.0-gcj-4.8-amd64 --with-arch-directory=amd64 --with-ecj-jar=/usr/share/java/eclipse-ecj.jar --enable-objc-gc --enable-multiarch --disable-werror --with-arch-32=i686 --with-abi=m64 --with-multilib-list=m32,m64,mx32 --with-tune=generic --enable-checking=release --build=x86_64-linux-gnu --host=x86_64-linux-gnu --target=x86_64-linux-gnu
Thread model: posix
gcc version 4.8.2 (Ubuntu 4.8.2-19ubuntu1) 
configure:3345: $? = 0
configure:3334: cc -V >&5
cc: error: unrecognized command line option '-V'
cc: fatal error: no input files
compilation terminated.
configure:3345: $? = 4
configure:3334: cc -qversion >&5
cc: error: unrecognized command line option '-qversion'
cc: fatal error: no input files
compilation terminated.
configure:3345: $? = 4
configure:3365: checking whether the C compiler works
configure:3387: cc    conftest.c  >&5
configure:3391: $? = 0
configure:3439: result: yes
configure:3442: checking for C compiler default output file name
configure:3444: result: a.out
configure:3450: checking for suffix of executables
configure:3457: cc -o conftest    conftest.c  >&5
configure:3461: $? = 0
configure:3483: result: 
configure:3505: checking whether we are cross compiling
configure:3513: cc -o conftest    conftest.c  >&5
configure:3517: $? = 0
configure:3524: ./conftest
configure:3528: $? = 0
configure:3543: result: no
configure:3548: checking for suffix of object files
configure:3570: cc -c   conftest.c >&5
configure:3574: $? = 0
configure:3595: result: o
configure:3599: checking whether we are using the GNU C compiler
configure:3618: cc -c   conftest.c >&5
configure:3618: $? = 0
configure:3627: result: yes
configure:3636: checking whether cc accepts -g
configure:3656: cc -c -g  conftest.c >&5
configure:3656: $? = 0
configure:3697: result: yes
configure:3714: checking for cc option to accept ISO C89
configure:3777: cc  -c -g -O2  conftest.c >&5
configure:3777: $? = 0
configure:3790: result: none needed
configure:3815: checking whether cc understands -c and -o together
configure:3837: cc -c conftest.c -o conftest2.o
configure:3840: $? = 0
configure:3837: cc -c conftest.c -o conftest2.o
configure:3840: $? = 0
configure:3852: result: yes
configure:3880: checking for style of include used by make
configure:3908: result: GNU
configure:3934: checking dependency style of cc
configure:4045: result: gcc3
configure:4066: checking how to run the C preprocessor
configure:4097: cc -E  conftest.c
configure:4097: $? = 0
configure:4111: cc -E  conftest.c
conftest.c:12:28: fatal error: ac_nonexistent.h: No such file or directory
 #include <ac_nonexistent.h>
                            ^
compilation terminated.
configure:4111: $? = 1
configure: failed program was:
| /* confdefs.h */
| #define PACKAGE_NAME "Flowgrind"
| #define PACKAGE_TARNAME "flowgrind"
| #define PACKAGE_VERSION "0.7.5"
| #define PACKAGE_STRING "Flowgrind 0.7.5"
| #define PACKAGE_BUGREPORT "https://github.com/flowgrind/flowgrind/issues"
| #define PACKAGE_URL "http://www.flowgrind.net"
| #define PACKAGE "flowgrind"
| #define VERSION "0.7.5"
| #define __LINUX__ 1
| /* end confdefs.h.  */
| #include <ac_nonexistent.h>
configure:4136: result: cc -E
configure:4156: cc -E  conftest.c
configure:4156: $? = 0
configure:4170: cc -E  conftest.c
conftest.c:12:28: fatal error: ac_nonexistent.h: No such file or directory
 #include <ac_nonexistent.h>
                            ^
compilation terminated.
configure:4170: $? = 1
configure: failed program was:
| /* confdefs.h */
| #define PACKAGE_NAME "Flowgrind"
| #define PACKAGE_TARNAME "flowgrind"
| #define PACKAGE_VERSION "0.7.5"
| #define PACKAGE_STRING "Flowgrind 0.7.5"
| #define PACKAGE_BUGREPORT "https://github.com/flowgrind/flowgrind/issues"
| #define PACKAGE_URL "http://www.flowgrind.net"
| #define PACKAGE "flowgrind"
| #define VERSION "0.7.5"
| #define __LINUX__ 1
| /* end confdefs.h.  */
| #include <ac_nonexistent.h>
configure:4206: checking for grep that handles long lines and -e
configure:4264: result: /bin/grep
configure:4269: checking for egrep
configure:4331: result: /bin/grep -E
configure:4336: checking for ANSI C header files
configure:4356: cc -c -g -O2  conftest.c >&5
configure:4356: $? = 0
configure:4429: cc -o conftest -g -O2   conftest.c  >&5
configure:4429: $? = 0
configure:4429: ./conftest
configure:4429: $? = 0
configure:4440: result: yes
configure:4453: checking for sys/types.h
configure:4453: cc -c -g -O2  conftest.c >&5
configure:4453: $? = 0
configure:4453: result: yes
configure:4453: checking for sys/stat.h
configure:4453: cc -c -g -O2  conftest.c >&5
configure:4453: $? = 0
configure:4453: result: yes
configure:4453: checking for stdlib.h
configure:4453: cc -c -g -O2  conftest.c >&5
configure:4453: $? = 0
configure:4453: result: yes
configure:4453: checking for string.h
configure:4453: cc -c -g -O2  conftest.c >&5
configure:4453: $? = 0
configure:4453: result: yes
configure:4453: checking for memory.h
configure:4453: cc -c -g -O2  conftest.c >&5
configure:4453: $? = 0
configure:4453: result: yes
configure:4453: checking for strings.h
configure:4453: cc -c -g -O2  conftest.c >&5
configure:4453: $? = 0
configure:4453: result: yes
configure:4453: checking for inttypes.h
configure:4453: cc -c -g -O2  conftest.c >&5
configure:4453: $? = 0
configure:4453: result: yes
configure:4453: checking for stdint.h
configure:4453: cc -c -g -O2  conftest.c >&5
configure:4453: $? = 0
configure:4453: result: yes
configure:4453: checking for unistd.h
configure:4453: cc -c -g -O2  conftest.c >&5
configure:4453: $? = 0
configure:4453: result: yes
configure:4466: checking minix/config.h usability
configure:4466: cc -c -g -O2  conftest.c >&5
conftest.c:55:26: fatal error: minix/config.h: No such file or directory
 #include <minix/config.h>
                          ^
compilation terminated.
configure:4466: $? = 1
configure: failed program was:
| /* confdefs.h */
| #define PACKAGE_NAME "Flowgrind"
| #define PACKAGE_TARNAME "flowgrind"
| #define PACKAGE_VERSION "0.7.5"
| #define PACKAGE_STRING "Flowgrind 0.7.5"
| #define PACKAGE_BUGREPORT "https://github.com/flowgrind/flowgrind/issues"
| #define PACKAGE_URL "http://www.flowgrind.net"
| #define PACKAGE "flowgrind"
| #define VERSION "0.7.5"
| #define __LINUX__ 1
| #define STDC_HEADERS 1
| #define HAVE_SYS_TYPES_H 1
| #define HAVE_SYS_STAT_H 1
| #define HAVE_STDLIB_H 1
| #define HAVE_STRING_H 1
| #define HAVE_MEMORY_H 1
| #define HAVE_STRINGS_H 1
| #define HAVE_INTTYPES_H 1
| #define HAVE_STDINT_H 1
| #define HAVE_UNISTD_H 1
| /* end confdefs.h.  */
| #include <stdio.h>
| #ifdef HAVE_SYS_TYPES_H
| # include <sys/types.h>
| #endif
| #ifdef HAVE_SYS_STAT_H
| # include <sys/stat.h>
| #endif
| #ifdef STDC_HEADERS
| # include <stdlib.h>
| # include <stddef.h>
| #else
| # ifdef HAVE_STDLIB_H
| #  include <stdlib.h>
| # endif
| #endif
| #ifdef HAVE_STRING_H
| # if !defined STDC_HEADERS && defined HAVE_MEMORY_H
| #  include <memory.h>
| # endif
| # include <string.h>
| #endif
| #ifdef HAVE_STRINGS_H
| # include <strings.h>
| #endif
| #ifdef HAVE_INTTYPES_H
| # include <inttypes.h>
| #endif
| #ifdef HAVE_STDINT_H
| # include <stdint.h>
| #endif
| #ifdef HAVE_UNISTD_H
| # include <unistd.h>
| #endif
| #include <minix/config.h>
configure:4466: result: no
configure:4466: checking minix/config.h presence
configure:4466: cc -E  conftest.c
conftest.c:22:26: fatal error: minix/config.h: No such file or directory
 #include <minix/config.h>
                          ^
compilation terminated.
configure:4466: $? = 1
configure: failed program was:
| /* confdefs.h */
| #define PACKAGE_NAME "Flowgrind"
| #define PACKAGE_TARNAME "flowgrind"
| #define PACKAGE_VERSION "0.7.5"
| #define PACKAGE_STRING "Flowgrind 0.7.5"
| #define PACKAGE_BUGREPORT "https://github.com/flowgrind/flowgrind/issues"
| #define PACKAGE_URL "http://www.flowgrind.net"
| #define PACKAGE "flowgrind"
| #define VERSION "0.7.5"
| #define __LINUX__ 1
| #define STDC_HEADERS 1
| #define HAVE_SYS_TYPES_H 1
| #define HAVE_SYS_STAT_H 1
| #define HAVE_STDLIB_H 1
| #define HAVE_STRING_H 1
| #define HAVE_MEMORY_H 1
| #define HAVE_STRINGS_H 1
| #define HAVE_INTTYPES_H 1
| #define HAVE_STDINT_H 1
| #define HAVE_UNISTD_H 1
| /* end confdefs.h.  */
| #include <minix/config.h>
configure:4466: result: no
configure:4466: checking for minix/config.h
configure:4466: result: no
configure:4487: checking whether it is safe to define __EXTENSIONS__
configure:4505: cc -c -g -O2  conftest.c >&5
configure:4505: $? = 0
configure:4512: result: yes
configure:4526: checking for an ANSI C-conforming const
configure:4592: cc -c -g -O2  conftest.c >&5
configure:4592: $? = 0
configure:4599: result: yes
configure:4607: checking for inline
configure:4623: cc -c -g -O2  conftest.c >&5
configure:4623: $? = 0
configure:4631: result: inline
configure:4651: checking whether to enable debugging output
configure:4671: result: no
configure:4675: checking whether to enable assertions
configure:4699: result: no
configure:4757: checking for doxygen
configure:4790: result: no
configure:4842: checking pcap/pcap.h usability
configure:4842: cc -c -g -O2  conftest.c >&5
conftest.c:61:23: fatal error: pcap/pcap.h: No such file or directory
 #include <pcap/pcap.h>
                       ^
compilation terminated.
configure:4842: $? = 1
configure: failed program was:
| /* confdefs.h */
| #define PACKAGE_NAME "Flowgrind"
| #define PACKAGE_TARNAME "flowgrind"
| #define PACKAGE_VERSION "0.7.5"
| #define PACKAGE_STRING "Flowgrind 0.7.5"
| #define PACKAGE_BUGREPORT "https://github.com/flowgrind/flowgrind/issues"
| #define PACKAGE_URL "http://www.flowgrind.net"
| #define PACKAGE "flowgrind"
| #define VERSION "0.7.5"
| #define __LINUX__ 1
| #define STDC_HEADERS 1
| #define HAVE_SYS_TYPES_H 1
| #define HAVE_SYS_STAT_H 1
| #define HAVE_STDLIB_H 1
| #define HAVE_STRING_H 1
| #define HAVE_MEMORY_H 1
| #define HAVE_STRINGS_H 1
| #define HAVE_INTTYPES_H 1
| #define HAVE_STDINT_H 1
| #define HAVE_UNISTD_H 1
| #define __EXTENSIONS__ 1
| #define _ALL_SOURCE 1
| #define _GNU_SOURCE 1
| #define _POSIX_PTHREAD_SEMANTICS 1
| #define _TANDEM_SOURCE 1
| #define NDEBUG 1
| /* end confdefs.h.  */
| #include <stdio.h>
| #ifdef HAVE_SYS_TYPES_H
| # include <sys/types.h>
| #endif
| #ifdef HAVE_SYS_STAT_H
| # include <sys/stat.h>
| #endif
| #ifdef STDC_HEADERS
| # include <stdlib.h>
| # include <stddef.h>
| #else
| # ifdef HAVE_STDLIB_H
| #  include <stdlib.h>
| # endif
| #endif
| #ifdef HAVE_STRING_H
| # if !defined STDC_HEADERS && defined HAVE_MEMORY_H
| #  include <memory.h>
| # endif
| # include <string.h>
| #endif
| #ifdef HAVE_STRINGS_H
| # include <strings.h>
| #endif
| #ifdef HAVE_INTTYPES_H
| # include <inttypes.h>
| #endif
| #ifdef HAVE_STDINT_H
| # include <stdint.h>
| #endif
| #ifdef HAVE_UNISTD_H
| # include <unistd.h>
| #endif
| #include <pcap/pcap.h>
configure:4842: result: no
configure:4842: checking pcap/pcap.h presence
configure:4842: cc -E  conftest.c
conftest.c:28:23: fatal error: pcap/pcap.h: No such file or directory
 #include <pcap/pcap.h>
                       ^
compilation terminated.
configure:4842: $? = 1
configure: failed program was:
| /* confdefs.h */
| #define PACKAGE_NAME "Flowgrind"
| #define PACKAGE_TARNAME "flowgrind"
| #define PACKAGE_VERSION "0.7.5"
| #define PACKAGE_STRING "Flowgrind 0.7.5"
| #define PACKAGE_BUGREPORT "https://github.com/flowgrind/flowgrind/issues"
| #define PACKAGE_URL "http://www.flowgrind.net"
| #define PACKAGE "flowgrind"
| #define VERSION "0.7.5"
| #define __LINUX__ 1
| #define STDC_HEADERS 1
| #define HAVE_SYS_TYPES_H 1
| #define HAVE_SYS_STAT_H 1
| #define HAVE_STDLIB_H 1
| #define HAVE_STRING_H 1
| #define HAVE_MEMORY_H 1
| #define HAVE_STRINGS_H 1
| #define HAVE_INTTYPES_H 1
| #define HAVE_STDINT_H 1
| #define HAVE_UNISTD_H 1
| #define __EXTENSIONS__ 1
| #define _ALL_SOURCE 1
| #define _GNU_SOURCE 1
| #define _POSIX_PTHREAD_SEMANTICS 1
| #define _TANDEM_SOURCE 1
| #define NDEBUG 1
| /* end confdefs.h.  */
| #include <pcap/pcap.h>
configure:4842: result: no
configure:4842: checking for pcap/pcap.h
configure:4842: result: no
configure:4892: WARNING: pcap.h not found. No support for traffic dump
configure:5045: checking gsl/gsl_rng.h usability
configure:5045: cc -c -g -O2  conftest.c >&5
conftest.c:61:25: fatal error: gsl/gsl_rng.h: No such file or directory
 #include <gsl/gsl_rng.h>
                         ^
compilation terminated.
configure:5045: $? = 1
configure: failed program was:
| /* confdefs.h */
| #define PACKAGE_NAME "Flowgrind"
| #define PACKAGE_TARNAME "flowgrind"
| #define PACKAGE_VERSION "0.7.5"
| #define PACKAGE_STRING "Flowgrind 0.7.5"
| #define PACKAGE_BUGREPORT "https://github.com/flowgrind/flowgrind/issues"
| #define PACKAGE_URL "http://www.flowgrind.net"
| #define PACKAGE "flowgrind"
| #define VERSION "0.7.5"
| #define __LINUX__ 1
| #define STDC_HEADERS 1
| #define HAVE_SYS_TYPES_H 1
| #define HAVE_SYS_STAT_H 1
| #define HAVE_STDLIB_H 1
| #define HAVE_STRING_H 1
| #define HAVE_MEMORY_H 1
| #define HAVE_STRINGS_H 1
| #define HAVE_INTTYPES_H 1
| #define HAVE_STDINT_H 1
| #define HAVE_UNISTD_H 1
| #define __EXTENSIONS__ 1
| #define _ALL_SOURCE 1
| #define _GNU_SOURCE 1
| #define _POSIX_PTHREAD_SEMANTICS 1
| #define _TANDEM_SOURCE 1
| #define NDEBUG 1
| /* end confdefs.h.  */
| #include <stdio.h>
| #ifdef HAVE_SYS_TYPES_H
| # include <sys/types.h>
| #endif
| #ifdef HAVE_SYS_STAT_H
| # include <sys/stat.h>
| #endif
| #ifdef STDC_HEADERS
| # include <stdlib.h>
| # include <stddef.h>
| #else
| # ifdef HAVE_STDLIB_H
| #  include <stdlib.h>
| # endif
| #endif
| #ifdef HAVE_STRING_H
| # if !defined STDC_HEADERS && defined HAVE_MEMORY_H
| #  include <memory.h>
| # endif
| # include <string.h>
| #endif
| #ifdef HAVE_STRINGS_H
| # include <strings.h>
| #endif
| #ifdef HAVE_INTTYPES_H
| # include <inttypes.h>
| #endif
| #ifdef HAVE_STDINT_H
| # include <stdint.h>
| #endif
| #ifdef HAVE_UNISTD_H
| # include <unistd.h>
| #endif
| #include <gsl/gsl_rng.h>
configure:5045: result: no
configure:5045: checking gsl/gsl_rng.h presence
configure:5045: cc -E  conftest.c
conftest.c:28:25: fatal error: gsl/gsl_rng.h: No such file or directory
 #include <gsl/gsl_rng.h>
                         ^
compilation terminated.
configure:5045: $? = 1
configure: failed program was:
| /* confdefs.h */
| #define PACKAGE_NAME "Flowgrind"
| #define PACKAGE_TARNAME "flowgrind"
| #define PACKAGE_VERSION "0.7.5"
| #define PACKAGE_STRING "Flowgrind 0.7.5"
| #define PACKAGE_BUGREPORT "https://github.com/flowgrind/flowgrind/issues"
| #define PACKAGE_URL "http://www.flowgrind.net"
| #define PACKAGE "flowgrind"
| #define VERSION "0.7.5"
| #define __LINUX__ 1
| #define STDC_HEADERS 1
| #define HAVE_SYS_TYPES_H 1
| #define HAVE_SYS_STAT_H 1
| #define HAVE_STDLIB_H 1
| #define HAVE_STRING_H 1
| #define HAVE_MEMORY_H 1
| #define HAVE_STRINGS_H 1
| #define HAVE_INTTYPES_H 1
| #define HAVE_STDINT_H 1
| #define HAVE_UNISTD_H 1
| #define __EXTENSIONS__ 1
| #define _ALL_SOURCE 1
| #define _GNU_SOURCE 1
| #define _POSIX_PTHREAD_SEMANTICS 1
| #define _TANDEM_SOURCE 1
| #define NDEBUG 1
| /* end confdefs.h.  */
| #include <gsl/gsl_rng.h>
configure:5045: result: no
configure:5045: checking for gsl/gsl_rng.h
configure:5045: result: no
configure:5095: WARNING: gsl_rng.h not found. No stochastic traffic generation
configure:5240: checking for sys/wait.h that is POSIX.1 compatible
configure:5266: cc -c -g -O2  conftest.c >&5
configure:5266: $? = 0
configure:5273: result: yes
configure:5281: checking whether time.h and sys/time.h may both be included
configure:5301: cc -c -g -O2  conftest.c >&5
configure:5301: $? = 0
configure:5308: result: yes
configure:5316: checking for ANSI C header files
configure:5420: result: yes
configure:5428: checking for stdbool.h that conforms to C99
configure:5495: cc -c -g -O2  conftest.c >&5
configure:5495: $? = 0
configure:5502: result: yes
configure:5504: checking for _Bool
configure:5504: cc -c -g -O2  conftest.c >&5
configure:5504: $? = 0
configure:5504: cc -c -g -O2  conftest.c >&5
conftest.c: In function 'main':
conftest.c:67:20: error: expected expression before ')' token
 if (sizeof ((_Bool)))
                    ^
configure:5504: $? = 1
configure: failed program was:
| /* confdefs.h */
| #define PACKAGE_NAME "Flowgrind"
| #define PACKAGE_TARNAME "flowgrind"
| #define PACKAGE_VERSION "0.7.5"
| #define PACKAGE_STRING "Flowgrind 0.7.5"
| #define PACKAGE_BUGREPORT "https://github.com/flowgrind/flowgrind/issues"
| #define PACKAGE_URL "http://www.flowgrind.net"
| #define PACKAGE "flowgrind"
| #define VERSION "0.7.5"
| #define __LINUX__ 1
| #define STDC_HEADERS 1
| #define HAVE_SYS_TYPES_H 1
| #define HAVE_SYS_STAT_H 1
| #define HAVE_STDLIB_H 1
| #define HAVE_STRING_H 1
| #define HAVE_MEMORY_H 1
| #define HAVE_STRINGS_H 1
| #define HAVE_INTTYPES_H 1
| #define HAVE_STDINT_H 1
| #define HAVE_UNISTD_H 1
| #define __EXTENSIONS__ 1
| #define _ALL_SOURCE 1
| #define _GNU_SOURCE 1
| #define _POSIX_PTHREAD_SEMANTICS 1
| #define _TANDEM_SOURCE 1
| #define NDEBUG 1
| #define HAVE_SYS_WAIT_H 1
| #define TIME_WITH_SYS_TIME 1
| #define STDC_HEADERS 1
| /* end confdefs.h.  */
| #include <stdio.h>
| #ifdef HAVE_SYS_TYPES_H
| # include <sys/types.h>
| #endif
| #ifdef HAVE_SYS_STAT_H
| # include <sys/stat.h>
| #endif
| #ifdef STDC_HEADERS
| # include <stdlib.h>
| # include <stddef.h>
| #else
| # ifdef HAVE_STDLIB_H
| #  include <stdlib.h>
| # endif
| #endif
| #ifdef HAVE_STRING_H
| # if !defined STDC_HEADERS && defined HAVE_MEMORY_H
| #  include <memory.h>
| # endif
| # include <string.h>
| #endif
| #ifdef HAVE_STRINGS_H
| # include <strings.h>
| #endif
| #ifdef HAVE_INTTYPES_H
| # include <inttypes.h>
| #endif
| #ifdef HAVE_STDINT_H
| # include <stdint.h>
| #endif
| #ifdef HAVE_UNISTD_H
| # include <unistd.h>
| #endif
| int
| main ()
| {
| if (sizeof ((_Bool)))
| 	    return 0;
|   ;
|   return 0;
| }
configure:5504: result: yes
configure:5543: checking arpa/inet.h usability
configure:5543: cc -c -g -O2  conftest.c >&5
configure:5543: $? = 0
configure:5543: result: yes
configure:5543: checking arpa/inet.h presence
configure:5543: cc -E  conftest.c
configure:5543: $? = 0
configure:5543: result: yes
configure:5543: checking for arpa/inet.h
configure:5543: result: yes
configure:5543: checking errno.h usability
configure:5543: cc -c -g -O2  conftest.c >&5
configure:5543: $? = 0
configure:5543: result: yes
configure:5543: checking errno.h presence
configure:5543: cc -E  conftest.c
configure:5543: $? = 0
configure:5543: result: yes
configure:5543: checking for errno.h
configure:5543: result: yes
configure:5543: checking fcntl.h usability
configure:5543: cc -c -g -O2  conftest.c >&5
configure:5543: $? = 0
configure:5543: result: yes
configure:5543: checking fcntl.h presence
configure:5543: cc -E  conftest.c
configure:5543: $? = 0
configure:5543: result: yes
configure:5543: checking for fcntl.h
configure:5543: result: yes
configure:5543: checking fenv.h usability
configure:5543: cc -c -g -O2  conftest.c >&5
configure:5543: $? = 0
configure:5543: result: yes
configure:5543: checking fenv.h presence
configure:5543: cc -E  conftest.c
configure:5543: $? = 0
configure:5543: result: yes
configure:5543: checking for fenv.h
configure:5543: result: yes
configure:5543: checking float.h usability
configure:5543: cc -c -g -O2  conftest.c >&5
configure:5543: $? = 0
configure:5543: result: yes
configure:5543: checking float.h presence
configure:5543: cc -E  conftest.c
configure:5543: $? = 0
configure:5543: result: yes
configure:5543: checking for float.h
configure:5543: result: yes
configure:5543: checking limits.h usability
configure:5543: cc -c -g -O2  conftest.c >&5
configure:5543: $? = 0
configure:5543: result: yes
configure:5543: checking limits.h presence
configure:5543: cc -E  conftest.c
configure:5543: $? = 0
configure:5543: result: yes
configure:5543: checking for limits.h
configure:5543: result: yes
configure:5543: checking math.h usability
configure:5543: cc -c -g -O2  conftest.c >&5
configure:5543: $? = 0
configure:5543: result: yes
configure:5543: checking math.h presence
configure:5543: cc -E  conftest.c
configure:5543: $? = 0
configure:5543: result: yes
configure:5543: checking for math.h
configure:5543: result: yes
configure:5543: checking netdb.h usability
configure:5543: cc -c -g -O2  conftest.c >&5
configure:5543: $? = 0
configure:5543: result: yes
configure:5543: checking netdb.h presence
configure:5543: cc -E  conftest.c
configure:5543: $? = 0
configure:5543: result: yes
configure:5543: checking for netdb.h
configure:5543: result: yes
configure:5543: checking netinet/in.h usability
configure:5543: cc -c -g -O2  conftest.c >&5
configure:5543: $? = 0
configure:5543: result: yes
configure:5543: checking netinet/in.h presence
configure:5543: cc -E  conftest.c
configure:5543: $? = 0
configure:5543: result: yes
configure:5543: checking for netinet/in.h
configure:5543: result: yes
configure:5543: checking netinet/in_systm.h usability
configure:5543: cc -c -g -O2  conftest.c >&5
configure:5543: $? = 0
configure:5543: result: yes
configure:5543: checking netinet/in_systm.h presence
configure:5543: cc -E  conftest.c
configure:5543: $? = 0
configure:5543: result: yes
configure:5543: checking for netinet/in_systm.h
configure:5543: result: yes
configure:5543: checking netinet/tcp.h usability
configure:5543: cc -c -g -O2  conftest.c >&5
configure:5543: $? = 0
configure:5543: result: yes
configure:5543: checking netinet/tcp.h presence
configure:5543: cc -E  conftest.c
configure:5543: $? = 0
configure:5543: result: yes
configure:5543: checking for netinet/tcp.h
configure:5543: result: yes
configure:5543: checking pthread.h usability
configure:5543: cc -c -g -O2  conftest.c >&5
configure:5543: $? = 0
configure:5543: result: yes
configure:5543: checking pthread.h presence
configure:5543: cc -E  conftest.c
configure:5543: $? = 0
configure:5543: result: yes
configure:5543: checking for pthread.h
configure:5543: result: yes
configure:5543: checking signal.h usability
configure:5543: cc -c -g -O2  conftest.c >&5
configure:5543: $? = 0
configure:5543: result: yes
configure:5543: checking signal.h presence
configure:5543: cc -E  conftest.c
configure:5543: $? = 0
configure:5543: result: yes
configure:5543: checking for signal.h
configure:5543: result: yes
configure:5543: checking stdio.h usability
configure:5543: cc -c -g -O2  conftest.c >&5
configure:5543: $? = 0
configure:5543: result: yes
configure:5543: checking stdio.h presence
configure:5543: cc -E  conftest.c
configure:5543: $? = 0
configure:5543: result: yes
configure:5543: checking for stdio.h
configure:5543: result: yes
configure:5543: checking sys/ioctl.h usability
configure:5543: cc -c -g -O2  conftest.c >&5
configure:5543: $? = 0
configure:5543: result: yes
configure:5543: checking sys/ioctl.h presence
configure:5543: cc -E  conftest.c
configure:5543: $? = 0
configure:5543: result: yes
configure:5543: checking for sys/ioctl.h
configure:5543: result: yes
configure:5543: checking syslog.h usability
configure:5543: cc -c -g -O2  conftest.c >&5
configure:5543: $? = 0
configure:5543: result: yes
configure:5543: checking syslog.h presence
configure:5543: cc -E  conftest.c
configure:5543: $? = 0
configure:5543: result: yes
configure:5543: checking for syslog.h
configure:5543: result: yes
configure:5543: checking sys/param.h usability
configure:5543: cc -c -g -O2  conftest.c >&5
configure:5543: $? = 0
configure:5543: result: yes
configure:5543: checking sys/param.h presence
configure:5543: cc -E  conftest.c
configure:5543: $? = 0
configure:5543: result: yes
configure:5543: checking for sys/param.h
configure:5543: result: yes
configure:5543: checking sys/uio.h usability
configure:5543: cc -c -g -O2  conftest.c >&5
configure:5543: $? = 0
configure:5543: result: yes
configure:5543: checking sys/uio.h presence
configure:5543: cc -E  conftest.c
configure:5543: $? = 0
configure:5543: result: yes
configure:5543: checking for sys/uio.h
configure:5543: result: yes
configure:5543: checking sys/utsname.h usability
configure:5543: cc -c -g -O2  conftest.c >&5
configure:5543: $? = 0
configure:5543: result: yes
configure:5543: checking sys/utsname.h presence
configure:5543: cc -E  conftest.c
configure:5543: $? = 0
configure:5543: result: yes
configure:5543: checking for sys/utsname.h
configure:5543: result: yes
configure:5561: checking sys/socket.h usability
configure:5561: cc -c -g -O2  conftest.c >&5
configure:5561: $? = 0
configure:5561: result: yes
configure:5561: checking sys/socket.h presence
configure:5561: cc -E  conftest.c
configure:5561: $? = 0
configure:5561: result: yes
configure:5561: checking for sys/socket.h
configure:5561: result: yes
configure:5561: checking pthread_np.h usability
configure:5561: cc -c -g -O2  conftest.c >&5
conftest.c:86:24: fatal error: pthread_np.h: No such file or directory
 #include <pthread_np.h>
                        ^
compilation terminated.
configure:5561: $? = 1
configure: failed program was:
| /* confdefs.h */
| #define PACKAGE_NAME "Flowgrind"
| #define PACKAGE_TARNAME "flowgrind"
| #define PACKAGE_VERSION "0.7.5"
| #define PACKAGE_STRING "Flowgrind 0.7.5"
| #define PACKAGE_BUGREPORT "https://github.com/flowgrind/flowgrind/issues"
| #define PACKAGE_URL "http://www.flowgrind.net"
| #define PACKAGE "flowgrind"
| #define VERSION "0.7.5"
| #define __LINUX__ 1
| #define STDC_HEADERS 1
| #define HAVE_SYS_TYPES_H 1
| #define HAVE_SYS_STAT_H 1
| #define HAVE_STDLIB_H 1
| #define HAVE_STRING_H 1
| #define HAVE_MEMORY_H 1
| #define HAVE_STRINGS_H 1
| #define HAVE_INTTYPES_H 1
| #define HAVE_STDINT_H 1
| #define HAVE_UNISTD_H 1
| #define __EXTENSIONS__ 1
| #define _ALL_SOURCE 1
| #define _GNU_SOURCE 1
| #define _POSIX_PTHREAD_SEMANTICS 1
| #define _TANDEM_SOURCE 1
| #define NDEBUG 1
| #define HAVE_SYS_WAIT_H 1
| #define TIME_WITH_SYS_TIME 1
| #define STDC_HEADERS 1
| #define HAVE__BOOL 1
| #define HAVE_STDBOOL_H 1
| #define HAVE_ARPA_INET_H 1
| #define HAVE_ERRNO_H 1
| #define HAVE_FCNTL_H 1
| #define HAVE_FENV_H 1
| #define HAVE_FLOAT_H 1
| #define HAVE_LIMITS_H 1
| #define HAVE_MATH_H 1
| #define HAVE_NETDB_H 1
| #define HAVE_NETINET_IN_H 1
| #define HAVE_NETINET_IN_SYSTM_H 1
| #define HAVE_NETINET_TCP_H 1
| #define HAVE_PTHREAD_H 1
| #define HAVE_SIGNAL_H 1
| #define HAVE_STDIO_H 1
| #define HAVE_SYS_IOCTL_H 1
| #define HAVE_SYSLOG_H 1
| #define HAVE_SYS_PARAM_H 1
| #define HAVE_SYS_UIO_H 1
| #define HAVE_SYS_UTSNAME_H 1
| #define HAVE_SYS_SOCKET_H 1
| /* end confdefs.h.  */
| #include <stdio.h>
| #ifdef HAVE_SYS_TYPES_H
| # include <sys/types.h>
| #endif
| #ifdef HAVE_SYS_STAT_H
| # include <sys/stat.h>
| #endif
| #ifdef STDC_HEADERS
| # include <stdlib.h>
| # include <stddef.h>
| #else
| # ifdef HAVE_STDLIB_H
| #  include <stdlib.h>
| # endif
| #endif
| #ifdef HAVE_STRING_H
| # if !defined STDC_HEADERS && defined HAVE_MEMORY_H
| #  include <memory.h>
| # endif
| # include <string.h>
| #endif
| #ifdef HAVE_STRINGS_H
| # include <strings.h>
| #endif
| #ifdef HAVE_INTTYPES_H
| # include <inttypes.h>
| #endif
| #ifdef HAVE_STDINT_H
| # include <stdint.h>
| #endif
| #ifdef HAVE_UNISTD_H
| # include <unistd.h>
| #endif
| #include <pthread_np.h>
configure:5561: result: no
configure:5561: checking pthread_np.h presence
configure:5561: cc -E  conftest.c
conftest.c:53:24: fatal error: pthread_np.h: No such file or directory
 #include <pthread_np.h>
                        ^
compilation terminated.
configure:5561: $? = 1
configure: failed program was:
| /* confdefs.h */
| #define PACKAGE_NAME "Flowgrind"
| #define PACKAGE_TARNAME "flowgrind"
| #define PACKAGE_VERSION "0.7.5"
| #define PACKAGE_STRING "Flowgrind 0.7.5"
| #define PACKAGE_BUGREPORT "https://github.com/flowgrind/flowgrind/issues"
| #define PACKAGE_URL "http://www.flowgrind.net"
| #define PACKAGE "flowgrind"
| #define VERSION "0.7.5"
| #define __LINUX__ 1
| #define STDC_HEADERS 1
| #define HAVE_SYS_TYPES_H 1
| #define HAVE_SYS_STAT_H 1
| #define HAVE_STDLIB_H 1
| #define HAVE_STRING_H 1
| #define HAVE_MEMORY_H 1
| #define HAVE_STRINGS_H 1
| #define HAVE_INTTYPES_H 1
| #define HAVE_STDINT_H 1
| #define HAVE_UNISTD_H 1
| #define __EXTENSIONS__ 1
| #define _ALL_SOURCE 1
| #define _GNU_SOURCE 1
| #define _POSIX_PTHREAD_SEMANTICS 1
| #define _TANDEM_SOURCE 1
| #define NDEBUG 1
| #define HAVE_SYS_WAIT_H 1
| #define TIME_WITH_SYS_TIME 1
| #define STDC_HEADERS 1
| #define HAVE__BOOL 1
| #define HAVE_STDBOOL_H 1
| #define HAVE_ARPA_INET_H 1
| #define HAVE_ERRNO_H 1
| #define HAVE_FCNTL_H 1
| #define HAVE_FENV_H 1
| #define HAVE_FLOAT_H 1
| #define HAVE_LIMITS_H 1
| #define HAVE_MATH_H 1
| #define HAVE_NETDB_H 1
| #define HAVE_NETINET_IN_H 1
| #define HAVE_NETINET_IN_SYSTM_H 1
| #define HAVE_NETINET_TCP_H 1
| #define HAVE_PTHREAD_H 1
| #define HAVE_SIGNAL_H 1
| #define HAVE_STDIO_H 1
| #define HAVE_SYS_IOCTL_H 1
| #define HAVE_SYSLOG_H 1
| #define HAVE_SYS_PARAM_H 1
| #define HAVE_SYS_UIO_H 1
| #define HAVE_SYS_UTSNAME_H 1
| #define HAVE_SYS_SOCKET_H 1
| /* end confdefs.h.  */
| #include <pthread_np.h>
configure:5561: result: no
configure:5561: checking for pthread_np.h
configure:5561: result: no
configure:5574: checking for sys/cpuset.h
configure:5574: cc -c -g -O2  conftest.c >&5
conftest.c:55:24: fatal error: sys/cpuset.h: No such file or directory
 #include <sys/cpuset.h>
                        ^
compilation terminated.
configure:5574: $? = 1
configure: failed program was:
| /* confdefs.h */
| #define PACKAGE_NAME "Flowgrind"
| #define PACKAGE_TARNAME "flowgrind"
| #define PACKAGE_VERSION "0.7.5"
| #define PACKAGE_STRING "Flowgrind 0.7.5"
| #define PACKAGE_BUGREPORT "https://github.com/flowgrind/flowgrind/issues"
| #define PACKAGE_URL "http://www.flowgrind.net"
| #define PACKAGE "flowgrind"
| #define VERSION "0.7.5"
| #define __LINUX__ 1
| #define STDC_HEADERS 1
| #define HAVE_SYS_TYPES_H 1
| #define HAVE_SYS_STAT_H 1
| #define HAVE_STDLIB_H 1
| #define HAVE_STRING_H 1
| #define HAVE_MEMORY_H 1
| #define HAVE_STRINGS_H 1
| #define HAVE_INTTYPES_H 1
| #define HAVE_STDINT_H 1
| #define HAVE_UNISTD_H 1
| #define __EXTENSIONS__ 1
| #define _ALL_SOURCE 1
| #define _GNU_SOURCE 1
| #define _POSIX_PTHREAD_SEMANTICS 1
| #define _TANDEM_SOURCE 1
| #define NDEBUG 1
| #define HAVE_SYS_WAIT_H 1
| #define TIME_WITH_SYS_TIME 1
| #define STDC_HEADERS 1
| #define HAVE__BOOL 1
| #define HAVE_STDBOOL_H 1
| #define HAVE_ARPA_INET_H 1
| #define HAVE_ERRNO_H 1
| #define HAVE_FCNTL_H 1
| #define HAVE_FENV_H 1
| #define HAVE_FLOAT_H 1
| #define HAVE_LIMITS_H 1
| #define HAVE_MATH_H 1
| #define HAVE_NETDB_H 1
| #define HAVE_NETINET_IN_H 1
| #define HAVE_NETINET_IN_SYSTM_H 1
| #define HAVE_NETINET_TCP_H 1
| #define HAVE_PTHREAD_H 1
| #define HAVE_SIGNAL_H 1
| #define HAVE_STDIO_H 1
| #define HAVE_SYS_IOCTL_H 1
| #define HAVE_SYSLOG_H 1
| #define HAVE_SYS_PARAM_H 1
| #define HAVE_SYS_UIO_H 1
| #define HAVE_SYS_UTSNAME_H 1
| #define HAVE_SYS_SOCKET_H 1
| /* end confdefs.h.  */
| #include <sys/param.h>
| 
| #include <sys/cpuset.h>
configure:5574: result: no
configure:5588: checking for net/if.h
configure:5588: cc -c -g -O2  conftest.c >&5
configure:5588: $? = 0
configure:5588: result: yes
configure:5609: checking for netinet/if_ether.h
configure:5609: cc -c -g -O2  conftest.c >&5
configure:5609: $? = 0
configure:5609: result: yes
configure:5609: checking for netinet/ip.h
configure:5609: cc -c -g -O2  conftest.c >&5
configure:5609: $? = 0
configure:5609: result: yes
configure:5631: checking for library containing log
configure:5662: cc -o conftest -g -O2   conftest.c  >&5
conftest.c:63:6: warning: conflicting types for built-in function 'log' [enabled by default]
 char log ();
      ^
/tmp/cc9B6VsC.o: In function `main':
/home/richi/Dropbox/UNI/Info_WS_2014-2015/Bachelorarbeit/Experimente/flowgrind-0.7.5/conftest.c:67: undefined reference to `log'
collect2: error: ld returned 1 exit status
configure:5662: $? = 1
configure: failed program was:
| /* confdefs.h */
| #define PACKAGE_NAME "Flowgrind"
| #define PACKAGE_TARNAME "flowgrind"
| #define PACKAGE_VERSION "0.7.5"
| #define PACKAGE_STRING "Flowgrind 0.7.5"
| #define PACKAGE_BUGREPORT "https://github.com/flowgrind/flowgrind/issues"
| #define PACKAGE_URL "http://www.flowgrind.net"
| #define PACKAGE "flowgrind"
| #define VERSION "0.7.5"
| #define __LINUX__ 1
| #define STDC_HEADERS 1
| #define HAVE_SYS_TYPES_H 1
| #define HAVE_SYS_STAT_H 1
| #define HAVE_STDLIB_H 1
| #define HAVE_STRING_H 1
| #define HAVE_MEMORY_H 1
| #define HAVE_STRINGS_H 1
| #define HAVE_INTTYPES_H 1
| #define HAVE_STDINT_H 1
| #define HAVE_UNISTD_H 1
| #define __EXTENSIONS__ 1
| #define _ALL_SOURCE 1
| #define _GNU_SOURCE 1
| #define _POSIX_PTHREAD_SEMANTICS 1
| #define _TANDEM_SOURCE 1
| #define NDEBUG 1
| #define HAVE_SYS_WAIT_H 1
| #define TIME_WITH_SYS_TIME 1
| #define STDC_HEADERS 1
| #define HAVE__BOOL 1
| #define HAVE_STDBOOL_H 1
| #define HAVE_ARPA_INET_H 1
| #define HAVE_ERRNO_H 1
| #define HAVE_FCNTL_H 1
| #define HAVE_FENV_H 1
| #define HAVE_FLOAT_H 1
| #define HAVE_LIMITS_H 1
| #define HAVE_MATH_H 1
| #define HAVE_NETDB_H 1
| #define HAVE_NETINET_IN_H 1
| #define HAVE_NETINET_IN_SYSTM_H 1
| #define HAVE_NETINET_TCP_H 1
| #define HAVE_PTHREAD_H 1
| #define HAVE_SIGNAL_H 1
| #define HAVE_STDIO_H 1
| #define HAVE_SYS_IOCTL_H 1
| #define HAVE_SYSLOG_H 1
| #define HAVE_SYS_PARAM_H 1
| #define HAVE_SYS_UIO_H 1
| #define HAVE_SYS_UTSNAME_H 1
| #define HAVE_SYS_SOCKET_H 1
| #define HAVE_NET_IF_H 1
| #define HAVE_NETINET_IF_ETHER_H 1
| #define HAVE_NETINET_IP_H 1
| /* end confdefs.h.  */
| 
| /* Override any GCC internal prototype to avoid an error.
|    Use char because int might match the return type of a GCC
|    builtin and then its argument prototype would still apply.  */
| #ifdef __cplusplus
| extern "C"
| #endif
| char log ();
| int
| main ()
| {
| return log ();
|   ;
|   return 0;
| }
configure:5662: cc -o conftest -g -O2   conftest.c -lm   >&5
conftest.c:63:6: warning: conflicting types for built-in function 'log' [enabled by default]
 char log ();
      ^
configure:5662: $? = 0
configure:5679: result: -lm
configure:5687: checking for library containing pthread_create
configure:5718: cc -o conftest -g -O2   conftest.c -lm  >&5
/tmp/ccptnMNP.o: In function `main':
/home/richi/Dropbox/UNI/Info_WS_2014-2015/Bachelorarbeit/Experimente/flowgrind-0.7.5/conftest.c:67: undefined reference to `pthread_create'
collect2: error: ld returned 1 exit status
configure:5718: $? = 1
configure: failed program was:
| /* confdefs.h */
| #define PACKAGE_NAME "Flowgrind"
| #define PACKAGE_TARNAME "flowgrind"
| #define PACKAGE_VERSION "0.7.5"
| #define PACKAGE_STRING "Flowgrind 0.7.5"
| #define PACKAGE_BUGREPORT "https://github.com/flowgrind/flowgrind/issues"
| #define PACKAGE_URL "http://www.flowgrind.net"
| #define PACKAGE "flowgrind"
| #define VERSION "0.7.5"
| #define __LINUX__ 1
| #define STDC_HEADERS 1
| #define HAVE_SYS_TYPES_H 1
| #define HAVE_SYS_STAT_H 1
| #define HAVE_STDLIB_H 1
| #define HAVE_STRING_H 1
| #define HAVE_MEMORY_H 1
| #define HAVE_STRINGS_H 1
| #define HAVE_INTTYPES_H 1
| #define HAVE_STDINT_H 1
| #define HAVE_UNISTD_H 1
| #define __EXTENSIONS__ 1
| #define _ALL_SOURCE 1
| #define _GNU_SOURCE 1
| #define _POSIX_PTHREAD_SEMANTICS 1
| #define _TANDEM_SOURCE 1
| #define NDEBUG 1
| #define HAVE_SYS_WAIT_H 1
| #define TIME_WITH_SYS_TIME 1
| #define STDC_HEADERS 1
| #define HAVE__BOOL 1
| #define HAVE_STDBOOL_H 1
| #define HAVE_ARPA_INET_H 1
| #define HAVE_ERRNO_H 1
| #define HAVE_FCNTL_H 1
| #define HAVE_FENV_H 1
| #define HAVE_FLOAT_H 1
| #define HAVE_LIMITS_H 1
| #define HAVE_MATH_H 1
| #define HAVE_NETDB_H 1
| #define HAVE_NETINET_IN_H 1
| #define HAVE_NETINET_IN_SYSTM_H 1
| #define HAVE_NETINET_TCP_H 1
| #define HAVE_PTHREAD_H 1
| #define HAVE_SIGNAL_H 1
| #define HAVE_STDIO_H 1
| #define HAVE_SYS_IOCTL_H 1
| #define HAVE_SYSLOG_H 1
| #define HAVE_SYS_PARAM_H 1
| #define HAVE_SYS_UIO_H 1
| #define HAVE_SYS_UTSNAME_H 1
| #define HAVE_SYS_SOCKET_H 1
| #define HAVE_NET_IF_H 1
| #define HAVE_NETINET_IF_ETHER_H 1
| #define HAVE_NETINET_IP_H 1
| /* end confdefs.h.  */
| 
| /* Override any GCC internal prototype to avoid an error.
|    Use char because int might match the return type of a GCC
|    builtin and then its argument prototype would still apply.  */
| #ifdef __cplusplus
| extern "C"
| #endif
| char pthread_create ();
| int
| main ()
| {
| return pthread_create ();
|   ;
|   return 0;
| }
configure:5718: cc -o conftest -g -O2   conftest.c -lpthread  -lm  >&5
configure:5718: $? = 0
configure:5735: result: -lpthread
configure:5743: checking for library containing clock_gettime
configure:5774: cc -o conftest -g -O2   conftest.c -lpthread -lm  >&5
configure:5774: $? = 0
configure:5791: result: none required
configure:5801: checking return type of signal handlers
configure:5819: cc -c -g -O2  conftest.c >&5
conftest.c: In function 'main':
conftest.c:62:1: error: void value not ignored as it ought to be
 return *(signal (0, 0)) (0) == 1;
 ^
configure:5819: $? = 1
configure: failed program was:
| /* confdefs.h */
| #define PACKAGE_NAME "Flowgrind"
| #define PACKAGE_TARNAME "flowgrind"
| #define PACKAGE_VERSION "0.7.5"
| #define PACKAGE_STRING "Flowgrind 0.7.5"
| #define PACKAGE_BUGREPORT "https://github.com/flowgrind/flowgrind/issues"
| #define PACKAGE_URL "http://www.flowgrind.net"
| #define PACKAGE "flowgrind"
| #define VERSION "0.7.5"
| #define __LINUX__ 1
| #define STDC_HEADERS 1
| #define HAVE_SYS_TYPES_H 1
| #define HAVE_SYS_STAT_H 1
| #define HAVE_STDLIB_H 1
| #define HAVE_STRING_H 1
| #define HAVE_MEMORY_H 1
| #define HAVE_STRINGS_H 1
| #define HAVE_INTTYPES_H 1
| #define HAVE_STDINT_H 1
| #define HAVE_UNISTD_H 1
| #define __EXTENSIONS__ 1
| #define _ALL_SOURCE 1
| #define _GNU_SOURCE 1
| #define _POSIX_PTHREAD_SEMANTICS 1
| #define _TANDEM_SOURCE 1
| #define NDEBUG 1
| #define HAVE_SYS_WAIT_H 1
| #define TIME_WITH_SYS_TIME 1
| #define STDC_HEADERS 1
| #define HAVE__BOOL 1
| #define HAVE_STDBOOL_H 1
| #define HAVE_ARPA_INET_H 1
| #define HAVE_ERRNO_H 1
| #define HAVE_FCNTL_H 1
| #define HAVE_FENV_H 1
| #define HAVE_FLOAT_H 1
| #define HAVE_LIMITS_H 1
| #define HAVE_MATH_H 1
| #define HAVE_NETDB_H 1
| #define HAVE_NETINET_IN_H 1
| #define HAVE_NETINET_IN_SYSTM_H 1
| #define HAVE_NETINET_TCP_H 1
| #define HAVE_PTHREAD_H 1
| #define HAVE_SIGNAL_H 1
| #define HAVE_STDIO_H 1
| #define HAVE_SYS_IOCTL_H 1
| #define HAVE_SYSLOG_H 1
| #define HAVE_SYS_PARAM_H 1
| #define HAVE_SYS_UIO_H 1
| #define HAVE_SYS_UTSNAME_H 1
| #define HAVE_SYS_SOCKET_H 1
| #define HAVE_NET_IF_H 1
| #define HAVE_NETINET_IF_ETHER_H 1
| #define HAVE_NETINET_IP_H 1
| /* end confdefs.h.  */
| #include <sys/types.h>
| #include <signal.h>
| 
| int
| main ()
| {
| return *(signal (0, 0)) (0) == 1;
|   ;
|   return 0;
| }
configure:5826: result: void
configure:5834: checking for size_t
configure:5834: cc -c -g -O2  conftest.c >&5
configure:5834: $? = 0
configure:5834: cc -c -g -O2  conftest.c >&5
conftest.c: In function 'main':
conftest.c:93:21: error: expected expression before ')' token
 if (sizeof ((size_t)))
                     ^
configure:5834: $? = 1
configure: failed program was:
| /* confdefs.h */
| #define PACKAGE_NAME "Flowgrind"
| #define PACKAGE_TARNAME "flowgrind"
| #define PACKAGE_VERSION "0.7.5"
| #define PACKAGE_STRING "Flowgrind 0.7.5"
| #define PACKAGE_BUGREPORT "https://github.com/flowgrind/flowgrind/issues"
| #define PACKAGE_URL "http://www.flowgrind.net"
| #define PACKAGE "flowgrind"
| #define VERSION "0.7.5"
| #define __LINUX__ 1
| #define STDC_HEADERS 1
| #define HAVE_SYS_TYPES_H 1
| #define HAVE_SYS_STAT_H 1
| #define HAVE_STDLIB_H 1
| #define HAVE_STRING_H 1
| #define HAVE_MEMORY_H 1
| #define HAVE_STRINGS_H 1
| #define HAVE_INTTYPES_H 1
| #define HAVE_STDINT_H 1
| #define HAVE_UNISTD_H 1
| #define __EXTENSIONS__ 1
| #define _ALL_SOURCE 1
| #define _GNU_SOURCE 1
| #define _POSIX_PTHREAD_SEMANTICS 1
| #define _TANDEM_SOURCE 1
| #define NDEBUG 1
| #define HAVE_SYS_WAIT_H 1
| #define TIME_WITH_SYS_TIME 1
| #define STDC_HEADERS 1
| #define HAVE__BOOL 1
| #define HAVE_STDBOOL_H 1
| #define HAVE_ARPA_INET_H 1
| #define HAVE_ERRNO_H 1
| #define HAVE_FCNTL_H 1
| #define HAVE_FENV_H 1
| #define HAVE_FLOAT_H 1
| #define HAVE_LIMITS_H 1
| #define HAVE_MATH_H 1
| #define HAVE_NETDB_H 1
| #define HAVE_NETINET_IN_H 1
| #define HAVE_NETINET_IN_SYSTM_H 1
| #define HAVE_NETINET_TCP_H 1
| #define HAVE_PTHREAD_H 1
| #define HAVE_SIGNAL_H 1
| #define HAVE_STDIO_H 1
| #define HAVE_SYS_IOCTL_H 1
| #define HAVE_SYSLOG_H 1
| #define HAVE_SYS_PARAM_H 1
| #define HAVE_SYS_UIO_H 1
| #define HAVE_SYS_UTSNAME_H 1
| #define HAVE_SYS_SOCKET_H 1
| #define HAVE_NET_IF_H 1
| #define HAVE_NETINET_IF_ETHER_H 1
| #define HAVE_NETINET_IP_H 1
| #define RETSIGTYPE void
| /* end confdefs.h.  */
| #include <stdio.h>
| #ifdef HAVE_SYS_TYPES_H
| # include <sys/types.h>
| #endif
| #ifdef HAVE_SYS_STAT_H
| # include <sys/stat.h>
| #endif
| #ifdef STDC_HEADERS
| # include <stdlib.h>
| # include <stddef.h>
| #else
| # ifdef HAVE_STDLIB_H
| #  include <stdlib.h>
| # endif
| #endif
| #ifdef HAVE_STRING_H
| # if !defined STDC_HEADERS && defined HAVE_MEMORY_H
| #  include <memory.h>
| # endif
| # include <string.h>
| #endif
| #ifdef HAVE_STRINGS_H
| # include <strings.h>
| #endif
| #ifdef HAVE_INTTYPES_H
| # include <inttypes.h>
| #endif
| #ifdef HAVE_STDINT_H
| # include <stdint.h>
| #endif
| #ifdef HAVE_UNISTD_H
| # include <unistd.h>
| #endif
| int
| main ()
| {
| if (sizeof ((size_t)))
| 	    return 0;
|   ;
|   return 0;
| }
configure:5834: result: yes
configure:5845: checking for ssize_t
configure:5845: cc -c -g -O2  conftest.c >&5
configure:5845: $? = 0
configure:5845: cc -c -g -O2  conftest.c >&5
conftest.c: In function 'main':
conftest.c:93:22: error: expected expression before ')' token
 if (sizeof ((ssize_t)))
                      ^
configure:5845: $? = 1
configure: failed program was:
| /* confdefs.h */
| #define PACKAGE_NAME "Flowgrind"
| #define PACKAGE_TARNAME "flowgrind"
| #define PACKAGE_VERSION "0.7.5"
| #define PACKAGE_STRING "Flowgrind 0.7.5"
| #define PACKAGE_BUGREPORT "https://github.com/flowgrind/flowgrind/issues"
| #define PACKAGE_URL "http://www.flowgrind.net"
| #define PACKAGE "flowgrind"
| #define VERSION "0.7.5"
| #define __LINUX__ 1
| #define STDC_HEADERS 1
| #define HAVE_SYS_TYPES_H 1
| #define HAVE_SYS_STAT_H 1
| #define HAVE_STDLIB_H 1
| #define HAVE_STRING_H 1
| #define HAVE_MEMORY_H 1
| #define HAVE_STRINGS_H 1
| #define HAVE_INTTYPES_H 1
| #define HAVE_STDINT_H 1
| #define HAVE_UNISTD_H 1
| #define __EXTENSIONS__ 1
| #define _ALL_SOURCE 1
| #define _GNU_SOURCE 1
| #define _POSIX_PTHREAD_SEMANTICS 1
| #define _TANDEM_SOURCE 1
| #define NDEBUG 1
| #define HAVE_SYS_WAIT_H 1
| #define TIME_WITH_SYS_TIME 1
| #define STDC_HEADERS 1
| #define HAVE__BOOL 1
| #define HAVE_STDBOOL_H 1
| #define HAVE_ARPA_INET_H 1
| #define HAVE_ERRNO_H 1
| #define HAVE_FCNTL_H 1
| #define HAVE_FENV_H 1
| #define HAVE_FLOAT_H 1
| #define HAVE_LIMITS_H 1
| #define HAVE_MATH_H 1
| #define HAVE_NETDB_H 1
| #define HAVE_NETINET_IN_H 1
| #define HAVE_NETINET_IN_SYSTM_H 1
| #define HAVE_NETINET_TCP_H 1
| #define HAVE_PTHREAD_H 1
| #define HAVE_SIGNAL_H 1
| #define HAVE_STDIO_H 1
| #define HAVE_SYS_IOCTL_H 1
| #define HAVE_SYSLOG_H 1
| #define HAVE_SYS_PARAM_H 1
| #define HAVE_SYS_UIO_H 1
| #define HAVE_SYS_UTSNAME_H 1
| #define HAVE_SYS_SOCKET_H 1
| #define HAVE_NET_IF_H 1
| #define HAVE_NETINET_IF_ETHER_H 1
| #define HAVE_NETINET_IP_H 1
| #define RETSIGTYPE void
| /* end confdefs.h.  */
| #include <stdio.h>
| #ifdef HAVE_SYS_TYPES_H
| # include <sys/types.h>
| #endif
| #ifdef HAVE_SYS_STAT_H
| # include <sys/stat.h>
| #endif
| #ifdef STDC_HEADERS
| # include <stdlib.h>
| # include <stddef.h>
| #else
| # ifdef HAVE_STDLIB_H
| #  include <stdlib.h>
| # endif
| #endif
| #ifdef HAVE_STRING_H
| # if !defined STDC_HEADERS && defined HAVE_MEMORY_H
| #  include <memory.h>
| # endif
| # include <string.h>
| #endif
| #ifdef HAVE_STRINGS_H
| # include <strings.h>
| #endif
| #ifdef HAVE_INTTYPES_H
| # include <inttypes.h>
| #endif
| #ifdef HAVE_STDINT_H
| # include <stdint.h>
| #endif
| #ifdef HAVE_UNISTD_H
| # include <unistd.h>
| #endif
| int
| main ()
| {
| if (sizeof ((ssize_t)))
| 	    return 0;
|   ;
|   return 0;
| }
configure:5845: result: yes
configure:5856: checking for int8_t
configure:5856: cc -c -g -O2  conftest.c >&5
configure:5856: $? = 0
configure:5856: cc -c -g -O2  conftest.c >&5
conftest.c: In function 'main':
conftest.c:94:12: error: size of array 'test_array' is negative
 static int test_array [1 - 2 * !((int8_t) (((((int8_t) 1 << N) << N) - 1) * 2 + 1)
            ^
configure:5856: $? = 1
configure: failed program was:
| /* confdefs.h */
| #define PACKAGE_NAME "Flowgrind"
| #define PACKAGE_TARNAME "flowgrind"
| #define PACKAGE_VERSION "0.7.5"
| #define PACKAGE_STRING "Flowgrind 0.7.5"
| #define PACKAGE_BUGREPORT "https://github.com/flowgrind/flowgrind/issues"
| #define PACKAGE_URL "http://www.flowgrind.net"
| #define PACKAGE "flowgrind"
| #define VERSION "0.7.5"
| #define __LINUX__ 1
| #define STDC_HEADERS 1
| #define HAVE_SYS_TYPES_H 1
| #define HAVE_SYS_STAT_H 1
| #define HAVE_STDLIB_H 1
| #define HAVE_STRING_H 1
| #define HAVE_MEMORY_H 1
| #define HAVE_STRINGS_H 1
| #define HAVE_INTTYPES_H 1
| #define HAVE_STDINT_H 1
| #define HAVE_UNISTD_H 1
| #define __EXTENSIONS__ 1
| #define _ALL_SOURCE 1
| #define _GNU_SOURCE 1
| #define _POSIX_PTHREAD_SEMANTICS 1
| #define _TANDEM_SOURCE 1
| #define NDEBUG 1
| #define HAVE_SYS_WAIT_H 1
| #define TIME_WITH_SYS_TIME 1
| #define STDC_HEADERS 1
| #define HAVE__BOOL 1
| #define HAVE_STDBOOL_H 1
| #define HAVE_ARPA_INET_H 1
| #define HAVE_ERRNO_H 1
| #define HAVE_FCNTL_H 1
| #define HAVE_FENV_H 1
| #define HAVE_FLOAT_H 1
| #define HAVE_LIMITS_H 1
| #define HAVE_MATH_H 1
| #define HAVE_NETDB_H 1
| #define HAVE_NETINET_IN_H 1
| #define HAVE_NETINET_IN_SYSTM_H 1
| #define HAVE_NETINET_TCP_H 1
| #define HAVE_PTHREAD_H 1
| #define HAVE_SIGNAL_H 1
| #define HAVE_STDIO_H 1
| #define HAVE_SYS_IOCTL_H 1
| #define HAVE_SYSLOG_H 1
| #define HAVE_SYS_PARAM_H 1
| #define HAVE_SYS_UIO_H 1
| #define HAVE_SYS_UTSNAME_H 1
| #define HAVE_SYS_SOCKET_H 1
| #define HAVE_NET_IF_H 1
| #define HAVE_NETINET_IF_ETHER_H 1
| #define HAVE_NETINET_IP_H 1
| #define RETSIGTYPE void
| /* end confdefs.h.  */
| #include <stdio.h>
| #ifdef HAVE_SYS_TYPES_H
| # include <sys/types.h>
| #endif
| #ifdef HAVE_SYS_STAT_H
| # include <sys/stat.h>
| #endif
| #ifdef STDC_HEADERS
| # include <stdlib.h>
| # include <stddef.h>
| #else
| # ifdef HAVE_STDLIB_H
| #  include <stdlib.h>
| # endif
| #endif
| #ifdef HAVE_STRING_H
| # if !defined STDC_HEADERS && defined HAVE_MEMORY_H
| #  include <memory.h>
| # endif
| # include <string.h>
| #endif
| #ifdef HAVE_STRINGS_H
| # include <strings.h>
| #endif
| #ifdef HAVE_INTTYPES_H
| # include <inttypes.h>
| #endif
| #ifdef HAVE_STDINT_H
| # include <stdint.h>
| #endif
| #ifdef HAVE_UNISTD_H
| # include <unistd.h>
| #endif
| 	        enum { N = 8 / 2 - 1 };
| int
| main ()
| {
| static int test_array [1 - 2 * !((int8_t) (((((int8_t) 1 << N) << N) - 1) * 2 + 1)
| 		 < (int8_t) (((((int8_t) 1 << N) << N) - 1) * 2 + 2))];
| test_array [0] = 0;
| return test_array [0];
| 
|   ;
|   return 0;
| }
configure:5856: result: yes
configure:5867: checking for uint32_t
configure:5867: cc -c -g -O2  conftest.c >&5
configure:5867: $? = 0
configure:5867: result: yes
configure:5881: checking for int32_t
configure:5881: cc -c -g -O2  conftest.c >&5
configure:5881: $? = 0
configure:5881: cc -c -g -O2  conftest.c >&5
conftest.c: In function 'main':
conftest.c:95:53: warning: integer overflow in expression [-Woverflow]
    < (int32_t) (((((int32_t) 1 << N) << N) - 1) * 2 + 2))];
                                                     ^
conftest.c:94:12: error: storage size of 'test_array' isn't constant
 static int test_array [1 - 2 * !((int32_t) (((((int32_t) 1 << N) << N) - 1) * 2 + 1)
            ^
configure:5881: $? = 1
configure: failed program was:
| /* confdefs.h */
| #define PACKAGE_NAME "Flowgrind"
| #define PACKAGE_TARNAME "flowgrind"
| #define PACKAGE_VERSION "0.7.5"
| #define PACKAGE_STRING "Flowgrind 0.7.5"
| #define PACKAGE_BUGREPORT "https://github.com/flowgrind/flowgrind/issues"
| #define PACKAGE_URL "http://www.flowgrind.net"
| #define PACKAGE "flowgrind"
| #define VERSION "0.7.5"
| #define __LINUX__ 1
| #define STDC_HEADERS 1
| #define HAVE_SYS_TYPES_H 1
| #define HAVE_SYS_STAT_H 1
| #define HAVE_STDLIB_H 1
| #define HAVE_STRING_H 1
| #define HAVE_MEMORY_H 1
| #define HAVE_STRINGS_H 1
| #define HAVE_INTTYPES_H 1
| #define HAVE_STDINT_H 1
| #define HAVE_UNISTD_H 1
| #define __EXTENSIONS__ 1
| #define _ALL_SOURCE 1
| #define _GNU_SOURCE 1
| #define _POSIX_PTHREAD_SEMANTICS 1
| #define _TANDEM_SOURCE 1
| #define NDEBUG 1
| #define HAVE_SYS_WAIT_H 1
| #define TIME_WITH_SYS_TIME 1
| #define STDC_HEADERS 1
| #define HAVE__BOOL 1
| #define HAVE_STDBOOL_H 1
| #define HAVE_ARPA_INET_H 1
| #define HAVE_ERRNO_H 1
| #define HAVE_FCNTL_H 1
| #define HAVE_FENV_H 1
| #define HAVE_FLOAT_H 1
| #define HAVE_LIMITS_H 1
| #define HAVE_MATH_H 1
| #define HAVE_NETDB_H 1
| #define HAVE_NETINET_IN_H 1
| #define HAVE_NETINET_IN_SYSTM_H 1
| #define HAVE_NETINET_TCP_H 1
| #define HAVE_PTHREAD_H 1
| #define HAVE_SIGNAL_H 1
| #define HAVE_STDIO_H 1
| #define HAVE_SYS_IOCTL_H 1
| #define HAVE_SYSLOG_H 1
| #define HAVE_SYS_PARAM_H 1
| #define HAVE_SYS_UIO_H 1
| #define HAVE_SYS_UTSNAME_H 1
| #define HAVE_SYS_SOCKET_H 1
| #define HAVE_NET_IF_H 1
| #define HAVE_NETINET_IF_ETHER_H 1
| #define HAVE_NETINET_IP_H 1
| #define RETSIGTYPE void
| /* end confdefs.h.  */
| #include <stdio.h>
| #ifdef HAVE_SYS_TYPES_H
| # include <sys/types.h>
| #endif
| #ifdef HAVE_SYS_STAT_H
| # include <sys/stat.h>
| #endif
| #ifdef STDC_HEADERS
| # include <stdlib.h>
| # include <stddef.h>
| #else
| # ifdef HAVE_STDLIB_H
| #  include <stdlib.h>
| # endif
| #endif
| #ifdef HAVE_STRING_H
| # if !defined STDC_HEADERS && defined HAVE_MEMORY_H
| #  include <memory.h>
| # endif
| # include <string.h>
| #endif
| #ifdef HAVE_STRINGS_H
| # include <strings.h>
| #endif
| #ifdef HAVE_INTTYPES_H
| # include <inttypes.h>
| #endif
| #ifdef HAVE_STDINT_H
| # include <stdint.h>
| #endif
| #ifdef HAVE_UNISTD_H
| # include <unistd.h>
| #endif
| 	        enum { N = 32 / 2 - 1 };
| int
| main ()
| {
| static int test_array [1 - 2 * !((int32_t) (((((int32_t) 1 << N) << N) - 1) * 2 + 1)
| 		 < (int32_t) (((((int32_t) 1 << N) << N) - 1) * 2 + 2))];
| test_array [0] = 0;
| return test_array [0];
| 
|   ;
|   return 0;
| }
configure:5881: result: yes
configure:5893: checking for unsigned long long int
configure:5932: cc -o conftest -g -O2   conftest.c -lpthread -lm  >&5
configure:5932: $? = 0
configure:5941: result: yes
configure:5951: checking whether IP_MTU_DISCOVER is declared
configure:5951: cc -c -g -O2  conftest.c >&5
configure:5951: $? = 0
configure:5951: result: yes
configure:5959: checking whether TCP_CORK is declared
configure:5959: cc -c -g -O2  conftest.c >&5
configure:5959: $? = 0
configure:5959: result: yes
configure:5967: checking whether TCP_CONGESTION is declared
configure:5967: cc -c -g -O2  conftest.c >&5
configure:5967: $? = 0
configure:5967: result: yes
configure:5975: checking whether TCP_INFO is declared
configure:5975: cc -c -g -O2  conftest.c >&5
configure:5975: $? = 0
configure:5975: result: yes
configure:5985: checking whether struct tm is in sys/time.h or time.h
configure:6005: cc -c -g -O2  conftest.c >&5
configure:6005: $? = 0
configure:6012: result: time.h
configure:6022: checking for struct cpuset_t
configure:6040: cc -o conftest -g -O2   conftest.c -lpthread -lm  >&5
conftest.c: In function 'main':
conftest.c:70:1: error: unknown type name 'cpuset_t'
 cpuset_t cpuset;
 ^
configure:6040: $? = 1
configure: failed program was:
| /* confdefs.h */
| #define PACKAGE_NAME "Flowgrind"
| #define PACKAGE_TARNAME "flowgrind"
| #define PACKAGE_VERSION "0.7.5"
| #define PACKAGE_STRING "Flowgrind 0.7.5"
| #define PACKAGE_BUGREPORT "https://github.com/flowgrind/flowgrind/issues"
| #define PACKAGE_URL "http://www.flowgrind.net"
| #define PACKAGE "flowgrind"
| #define VERSION "0.7.5"
| #define __LINUX__ 1
| #define STDC_HEADERS 1
| #define HAVE_SYS_TYPES_H 1
| #define HAVE_SYS_STAT_H 1
| #define HAVE_STDLIB_H 1
| #define HAVE_STRING_H 1
| #define HAVE_MEMORY_H 1
| #define HAVE_STRINGS_H 1
| #define HAVE_INTTYPES_H 1
| #define HAVE_STDINT_H 1
| #define HAVE_UNISTD_H 1
| #define __EXTENSIONS__ 1
| #define _ALL_SOURCE 1
| #define _GNU_SOURCE 1
| #define _POSIX_PTHREAD_SEMANTICS 1
| #define _TANDEM_SOURCE 1
| #define NDEBUG 1
| #define HAVE_SYS_WAIT_H 1
| #define TIME_WITH_SYS_TIME 1
| #define STDC_HEADERS 1
| #define HAVE__BOOL 1
| #define HAVE_STDBOOL_H 1
| #define HAVE_ARPA_INET_H 1
| #define HAVE_ERRNO_H 1
| #define HAVE_FCNTL_H 1
| #define HAVE_FENV_H 1
| #define HAVE_FLOAT_H 1
| #define HAVE_LIMITS_H 1
| #define HAVE_MATH_H 1
| #define HAVE_NETDB_H 1
| #define HAVE_NETINET_IN_H 1
| #define HAVE_NETINET_IN_SYSTM_H 1
| #define HAVE_NETINET_TCP_H 1
| #define HAVE_PTHREAD_H 1
| #define HAVE_SIGNAL_H 1
| #define HAVE_STDIO_H 1
| #define HAVE_SYS_IOCTL_H 1
| #define HAVE_SYSLOG_H 1
| #define HAVE_SYS_PARAM_H 1
| #define HAVE_SYS_UIO_H 1
| #define HAVE_SYS_UTSNAME_H 1
| #define HAVE_SYS_SOCKET_H 1
| #define HAVE_NET_IF_H 1
| #define HAVE_NETINET_IF_ETHER_H 1
| #define HAVE_NETINET_IP_H 1
| #define RETSIGTYPE void
| #define HAVE_UNSIGNED_LONG_LONG_INT 1
| #define HAVE_SO_IP_MTU_DISCOVER 1
| #define HAVE_SO_TCP_CORK 1
| #define HAVE_SO_TCP_CONGESTION 1
| #define HAVE_SO_TCP_INFO 1
| /* end confdefs.h.  */
| #if defined HAVE_SYS_CPUSET_H
| 		  #include <sys/param.h>
| 		  #include <sys/cpuset.h>
| 		  #endif
| 
| int
| main ()
| {
| cpuset_t cpuset;
|   ;
|   return 0;
| }
| 
configure:6051: result: no
configure:6055: checking for struct cpu_set_t
configure:6069: cc -o conftest -g -O2   conftest.c -lpthread -lm  >&5
configure:6069: $? = 0
configure:6080: result: yes
configure:6084: checking for struct tcp_info
configure:6098: cc -o conftest -g -O2   conftest.c -lpthread -lm  >&5
configure:6098: $? = 0
configure:6109: result: yes
configure:6113: checking for enum tcp_ca_state
configure:6127: cc -o conftest -g -O2   conftest.c -lpthread -lm  >&5
configure:6127: $? = 0
configure:6138: result: yes
configure:6142: checking for error_at_line
configure:6158: cc -o conftest -g -O2   conftest.c -lpthread -lm  >&5
configure:6158: $? = 0
configure:6166: result: yes
configure:6177: checking for pid_t
configure:6177: cc -c -g -O2  conftest.c >&5
configure:6177: $? = 0
configure:6177: cc -c -g -O2  conftest.c >&5
conftest.c: In function 'main':
conftest.c:101:20: error: expected expression before ')' token
 if (sizeof ((pid_t)))
                    ^
configure:6177: $? = 1
configure: failed program was:
| /* confdefs.h */
| #define PACKAGE_NAME "Flowgrind"
| #define PACKAGE_TARNAME "flowgrind"
| #define PACKAGE_VERSION "0.7.5"
| #define PACKAGE_STRING "Flowgrind 0.7.5"
| #define PACKAGE_BUGREPORT "https://github.com/flowgrind/flowgrind/issues"
| #define PACKAGE_URL "http://www.flowgrind.net"
| #define PACKAGE "flowgrind"
| #define VERSION "0.7.5"
| #define __LINUX__ 1
| #define STDC_HEADERS 1
| #define HAVE_SYS_TYPES_H 1
| #define HAVE_SYS_STAT_H 1
| #define HAVE_STDLIB_H 1
| #define HAVE_STRING_H 1
| #define HAVE_MEMORY_H 1
| #define HAVE_STRINGS_H 1
| #define HAVE_INTTYPES_H 1
| #define HAVE_STDINT_H 1
| #define HAVE_UNISTD_H 1
| #define __EXTENSIONS__ 1
| #define _ALL_SOURCE 1
| #define _GNU_SOURCE 1
| #define _POSIX_PTHREAD_SEMANTICS 1
| #define _TANDEM_SOURCE 1
| #define NDEBUG 1
| #define HAVE_SYS_WAIT_H 1
| #define TIME_WITH_SYS_TIME 1
| #define STDC_HEADERS 1
| #define HAVE__BOOL 1
| #define HAVE_STDBOOL_H 1
| #define HAVE_ARPA_INET_H 1
| #define HAVE_ERRNO_H 1
| #define HAVE_FCNTL_H 1
| #define HAVE_FENV_H 1
| #define HAVE_FLOAT_H 1
| #define HAVE_LIMITS_H 1
| #define HAVE_MATH_H 1
| #define HAVE_NETDB_H 1
| #define HAVE_NETINET_IN_H 1
| #define HAVE_NETINET_IN_SYSTM_H 1
| #define HAVE_NETINET_TCP_H 1
| #define HAVE_PTHREAD_H 1
| #define HAVE_SIGNAL_H 1
| #define HAVE_STDIO_H 1
| #define HAVE_SYS_IOCTL_H 1
| #define HAVE_SYSLOG_H 1
| #define HAVE_SYS_PARAM_H 1
| #define HAVE_SYS_UIO_H 1
| #define HAVE_SYS_UTSNAME_H 1
| #define HAVE_SYS_SOCKET_H 1
| #define HAVE_NET_IF_H 1
| #define HAVE_NETINET_IF_ETHER_H 1
| #define HAVE_NETINET_IP_H 1
| #define RETSIGTYPE void
| #define HAVE_UNSIGNED_LONG_LONG_INT 1
| #define HAVE_SO_IP_MTU_DISCOVER 1
| #define HAVE_SO_TCP_CORK 1
| #define HAVE_SO_TCP_CONGESTION 1
| #define HAVE_SO_TCP_INFO 1
| #define HAVE_CPU_SET_T 1
| #define HAVE_TCP_INFO 1
| #define HAVE_TCP_CA_STATE 1
| /* end confdefs.h.  */
| #include <stdio.h>
| #ifdef HAVE_SYS_TYPES_H
| # include <sys/types.h>
| #endif
| #ifdef HAVE_SYS_STAT_H
| # include <sys/stat.h>
| #endif
| #ifdef STDC_HEADERS
| # include <stdlib.h>
| # include <stddef.h>
| #else
| # ifdef HAVE_STDLIB_H
| #  include <stdlib.h>
| # endif
| #endif
| #ifdef HAVE_STRING_H
| # if !defined STDC_HEADERS && defined HAVE_MEMORY_H
| #  include <memory.h>
| # endif
| # include <string.h>
| #endif
| #ifdef HAVE_STRINGS_H
| # include <strings.h>
| #endif
| #ifdef HAVE_INTTYPES_H
| # include <inttypes.h>
| #endif
| #ifdef HAVE_STDINT_H
| # include <stdint.h>
| #endif
| #ifdef HAVE_UNISTD_H
| # include <unistd.h>
| #endif
| int
| main ()
| {
| if (sizeof ((pid_t)))
| 	    return 0;
|   ;
|   return 0;
| }
configure:6177: result: yes
configure:6190: checking vfork.h usability
configure:6190: cc -c -g -O2  conftest.c >&5
conftest.c:98:19: fatal error: vfork.h: No such file or directory
 #include <vfork.h>
                   ^
compilation terminated.
configure:6190: $? = 1
configure: failed program was:
| /* confdefs.h */
| #define PACKAGE_NAME "Flowgrind"
| #define PACKAGE_TARNAME "flowgrind"
| #define PACKAGE_VERSION "0.7.5"
| #define PACKAGE_STRING "Flowgrind 0.7.5"
| #define PACKAGE_BUGREPORT "https://github.com/flowgrind/flowgrind/issues"
| #define PACKAGE_URL "http://www.flowgrind.net"
| #define PACKAGE "flowgrind"
| #define VERSION "0.7.5"
| #define __LINUX__ 1
| #define STDC_HEADERS 1
| #define HAVE_SYS_TYPES_H 1
| #define HAVE_SYS_STAT_H 1
| #define HAVE_STDLIB_H 1
| #define HAVE_STRING_H 1
| #define HAVE_MEMORY_H 1
| #define HAVE_STRINGS_H 1
| #define HAVE_INTTYPES_H 1
| #define HAVE_STDINT_H 1
| #define HAVE_UNISTD_H 1
| #define __EXTENSIONS__ 1
| #define _ALL_SOURCE 1
| #define _GNU_SOURCE 1
| #define _POSIX_PTHREAD_SEMANTICS 1
| #define _TANDEM_SOURCE 1
| #define NDEBUG 1
| #define HAVE_SYS_WAIT_H 1
| #define TIME_WITH_SYS_TIME 1
| #define STDC_HEADERS 1
| #define HAVE__BOOL 1
| #define HAVE_STDBOOL_H 1
| #define HAVE_ARPA_INET_H 1
| #define HAVE_ERRNO_H 1
| #define HAVE_FCNTL_H 1
| #define HAVE_FENV_H 1
| #define HAVE_FLOAT_H 1
| #define HAVE_LIMITS_H 1
| #define HAVE_MATH_H 1
| #define HAVE_NETDB_H 1
| #define HAVE_NETINET_IN_H 1
| #define HAVE_NETINET_IN_SYSTM_H 1
| #define HAVE_NETINET_TCP_H 1
| #define HAVE_PTHREAD_H 1
| #define HAVE_SIGNAL_H 1
| #define HAVE_STDIO_H 1
| #define HAVE_SYS_IOCTL_H 1
| #define HAVE_SYSLOG_H 1
| #define HAVE_SYS_PARAM_H 1
| #define HAVE_SYS_UIO_H 1
| #define HAVE_SYS_UTSNAME_H 1
| #define HAVE_SYS_SOCKET_H 1
| #define HAVE_NET_IF_H 1
| #define HAVE_NETINET_IF_ETHER_H 1
| #define HAVE_NETINET_IP_H 1
| #define RETSIGTYPE void
| #define HAVE_UNSIGNED_LONG_LONG_INT 1
| #define HAVE_SO_IP_MTU_DISCOVER 1
| #define HAVE_SO_TCP_CORK 1
| #define HAVE_SO_TCP_CONGESTION 1
| #define HAVE_SO_TCP_INFO 1
| #define HAVE_CPU_SET_T 1
| #define HAVE_TCP_INFO 1
| #define HAVE_TCP_CA_STATE 1
| /* end confdefs.h.  */
| #include <stdio.h>
| #ifdef HAVE_SYS_TYPES_H
| # include <sys/types.h>
| #endif
| #ifdef HAVE_SYS_STAT_H
| # include <sys/stat.h>
| #endif
| #ifdef STDC_HEADERS
| # include <stdlib.h>
| # include <stddef.h>
| #else
| # ifdef HAVE_STDLIB_H
| #  include <stdlib.h>
| # endif
| #endif
| #ifdef HAVE_STRING_H
| # if !defined STDC_HEADERS && defined HAVE_MEMORY_H
| #  include <memory.h>
| # endif
| # include <string.h>
| #endif
| #ifdef HAVE_STRINGS_H
| # include <strings.h>
| #endif
| #ifdef HAVE_INTTYPES_H
| # include <inttypes.h>
| #endif
| #ifdef HAVE_STDINT_H
| # include <stdint.h>
| #endif
| #ifdef HAVE_UNISTD_H
| # include <unistd.h>
| #endif
| #include <vfork.h>
configure:6190: result: no
configure:6190: checking vfork.h presence
configure:6190: cc -E  conftest.c
conftest.c:65:19: fatal error: vfork.h: No such file or directory
 #include <vfork.h>
                   ^
compilation terminated.
configure:6190: $? = 1
configure: failed program was:
| /* confdefs.h */
| #define PACKAGE_NAME "Flowgrind"
| #define PACKAGE_TARNAME "flowgrind"
| #define PACKAGE_VERSION "0.7.5"
| #define PACKAGE_STRING "Flowgrind 0.7.5"
| #define PACKAGE_BUGREPORT "https://github.com/flowgrind/flowgrind/issues"
| #define PACKAGE_URL "http://www.flowgrind.net"
| #define PACKAGE "flowgrind"
| #define VERSION "0.7.5"
| #define __LINUX__ 1
| #define STDC_HEADERS 1
| #define HAVE_SYS_TYPES_H 1
| #define HAVE_SYS_STAT_H 1
| #define HAVE_STDLIB_H 1
| #define HAVE_STRING_H 1
| #define HAVE_MEMORY_H 1
| #define HAVE_STRINGS_H 1
| #define HAVE_INTTYPES_H 1
| #define HAVE_STDINT_H 1
| #define HAVE_UNISTD_H 1
| #define __EXTENSIONS__ 1
| #define _ALL_SOURCE 1
| #define _GNU_SOURCE 1
| #define _POSIX_PTHREAD_SEMANTICS 1
| #define _TANDEM_SOURCE 1
| #define NDEBUG 1
| #define HAVE_SYS_WAIT_H 1
| #define TIME_WITH_SYS_TIME 1
| #define STDC_HEADERS 1
| #define HAVE__BOOL 1
| #define HAVE_STDBOOL_H 1
| #define HAVE_ARPA_INET_H 1
| #define HAVE_ERRNO_H 1
| #define HAVE_FCNTL_H 1
| #define HAVE_FENV_H 1
| #define HAVE_FLOAT_H 1
| #define HAVE_LIMITS_H 1
| #define HAVE_MATH_H 1
| #define HAVE_NETDB_H 1
| #define HAVE_NETINET_IN_H 1
| #define HAVE_NETINET_IN_SYSTM_H 1
| #define HAVE_NETINET_TCP_H 1
| #define HAVE_PTHREAD_H 1
| #define HAVE_SIGNAL_H 1
| #define HAVE_STDIO_H 1
| #define HAVE_SYS_IOCTL_H 1
| #define HAVE_SYSLOG_H 1
| #define HAVE_SYS_PARAM_H 1
| #define HAVE_SYS_UIO_H 1
| #define HAVE_SYS_UTSNAME_H 1
| #define HAVE_SYS_SOCKET_H 1
| #define HAVE_NET_IF_H 1
| #define HAVE_NETINET_IF_ETHER_H 1
| #define HAVE_NETINET_IP_H 1
| #define RETSIGTYPE void
| #define HAVE_UNSIGNED_LONG_LONG_INT 1
| #define HAVE_SO_IP_MTU_DISCOVER 1
| #define HAVE_SO_TCP_CORK 1
| #define HAVE_SO_TCP_CONGESTION 1
| #define HAVE_SO_TCP_INFO 1
| #define HAVE_CPU_SET_T 1
| #define HAVE_TCP_INFO 1
| #define HAVE_TCP_CA_STATE 1
| /* end confdefs.h.  */
| #include <vfork.h>
configure:6190: result: no
configure:6190: checking for vfork.h
configure:6190: result: no
configure:6203: checking for fork
configure:6203: cc -o conftest -g -O2   conftest.c -lpthread -lm  >&5
conftest.c:88:6: warning: conflicting types for built-in function 'fork' [enabled by default]
 char fork ();
      ^
configure:6203: $? = 0
configure:6203: result: yes
configure:6203: checking for vfork
configure:6203: cc -o conftest -g -O2   conftest.c -lpthread -lm  >&5
configure:6203: $? = 0
configure:6203: result: yes
configure:6213: checking for working fork
configure:6235: cc -o conftest -g -O2   conftest.c -lpthread -lm  >&5
configure:6235: $? = 0
configure:6235: ./conftest
configure:6235: $? = 0
configure:6245: result: yes
configure:6266: checking for working vfork
configure:6376: result: yes
configure:6403: checking for stdlib.h
configure:6403: result: yes
configure:6413: checking for GNU libc compatible malloc
configure:6437: cc -o conftest -g -O2   conftest.c -lpthread -lm  >&5
configure:6437: $? = 0
configure:6437: ./conftest
configure:6437: $? = 0
configure:6447: result: yes
configure:6468: checking for working memcmp
configure:6511: cc -o conftest -g -O2   conftest.c -lpthread -lm  >&5
configure:6511: $? = 0
configure:6511: ./conftest
configure:6511: $? = 0
configure:6521: result: yes
configure:6533: checking sys/select.h usability
configure:6533: cc -c -g -O2  conftest.c >&5
configure:6533: $? = 0
configure:6533: result: yes
configure:6533: checking sys/select.h presence
configure:6533: cc -E  conftest.c
configure:6533: $? = 0
configure:6533: result: yes
configure:6533: checking for sys/select.h
configure:6533: result: yes
configure:6533: checking for sys/socket.h
configure:6533: result: yes
configure:6543: checking types of arguments for select
configure:6571: cc -c -g -O2  conftest.c >&5
configure:6571: $? = 0
configure:6582: result: int,fd_set *,struct timeval *
configure:6607: checking for strftime
configure:6607: cc -o conftest -g -O2   conftest.c -lpthread -lm  >&5
conftest.c:99:6: warning: conflicting types for built-in function 'strftime' [enabled by default]
 char strftime ();
      ^
configure:6607: $? = 0
configure:6607: result: yes
configure:6672: checking for bzero
configure:6672: cc -o conftest -g -O2   conftest.c -lpthread -lm  >&5
conftest.c:100:6: warning: conflicting types for built-in function 'bzero' [enabled by default]
 char bzero ();
      ^
configure:6672: $? = 0
configure:6672: result: yes
configure:6672: checking for memset
configure:6672: cc -o conftest -g -O2   conftest.c -lpthread -lm  >&5
conftest.c:101:6: warning: conflicting types for built-in function 'memset' [enabled by default]
 char memset ();
      ^
configure:6672: $? = 0
configure:6672: result: yes
configure:6672: checking for pselect
configure:6672: cc -o conftest -g -O2   conftest.c -lpthread -lm  >&5
configure:6672: $? = 0
configure:6672: result: yes
configure:6672: checking for socket
configure:6672: cc -o conftest -g -O2   conftest.c -lpthread -lm  >&5
configure:6672: $? = 0
configure:6672: result: yes
configure:6672: checking for strchr
configure:6672: cc -o conftest -g -O2   conftest.c -lpthread -lm  >&5
conftest.c:104:6: warning: conflicting types for built-in function 'strchr' [enabled by default]
 char strchr ();
      ^
configure:6672: $? = 0
configure:6672: result: yes
configure:6672: checking for strerror
configure:6672: cc -o conftest -g -O2   conftest.c -lpthread -lm  >&5
configure:6672: $? = 0
configure:6672: result: yes
configure:6672: checking for uname
configure:6672: cc -o conftest -g -O2   conftest.c -lpthread -lm  >&5
configure:6672: $? = 0
configure:6672: result: yes
configure:6672: checking for asprintf
configure:6672: cc -o conftest -g -O2   conftest.c -lpthread -lm  >&5
configure:6672: $? = 0
configure:6672: result: yes
configure:6672: checking for strdup
configure:6672: cc -o conftest -g -O2   conftest.c -lpthread -lm  >&5
conftest.c:108:6: warning: conflicting types for built-in function 'strdup' [enabled by default]
 char strdup ();
      ^
configure:6672: $? = 0
configure:6672: result: yes
configure:6685: checking for clock_gettime
configure:6685: cc -o conftest -g -O2   conftest.c -lpthread -lm  >&5
configure:6685: $? = 0
configure:6685: result: yes
configure:6743: checking for pthread_barrier_init
configure:6743: cc -o conftest -g -O2   conftest.c -lpthread -lm  >&5
configure:6743: $? = 0
configure:6743: result: yes
configure:6743: checking for pthread_barrier_wait
configure:6743: cc -o conftest -g -O2   conftest.c -lpthread -lm  >&5
configure:6743: $? = 0
configure:6743: result: yes
configure:6743: checking for pthread_barrier_destroy
configure:6743: cc -o conftest -g -O2   conftest.c -lpthread -lm  >&5
configure:6743: $? = 0
configure:6743: result: yes
configure:6766: checking for pthread_getaffinity_np
configure:6793: cc -o conftest -g -O2   conftest.c -lpthread -lm  >&5
configure:6793: $? = 0
configure:6804: result: yes
configure:6898: checking for curl-config
configure:6916: found /usr/bin/curl-config
configure:6928: result: /usr/bin/curl-config
configure:7010: checking for xmlrpc-c-config
configure:7028: found /usr/bin/xmlrpc-c-config
configure:7040: result: /usr/bin/xmlrpc-c-config
configure:7077: xmlrpc-c found in version 1.33.6
configure:7085: checking for struct xmlrpc_curl_xportparms.dont_advertise
configure:7085: cc -c -g -O2  conftest.c >&5
configure:7085: $? = 0
configure:7085: result: yes
configure:7110: checking whether make sets $(MAKE)
configure:7132: result: yes
configure:7250: checking that generated files are newer than configure
configure:7256: result: done
configure:7295: creating ./config.status

## ---------------------- ##
## Running config.status. ##
## ---------------------- ##

This file was extended by Flowgrind config.status 0.7.5, which was
generated by GNU Autoconf 2.69.  Invocation command line was

  CONFIG_FILES    = 
  CONFIG_HEADERS  = 
  CONFIG_LINKS    = 
  CONFIG_COMMANDS = 
  $ ./config.status 

on lohengrin

config.status:960: creating Makefile
config.status:960: creating src/config.h
config.status:1189: executing depfiles commands

## ---------------- ##
## Cache variables. ##
## ---------------- ##

ac_cv_build=x86_64-unknown-linux-gnu
ac_cv_c_compiler_gnu=yes
ac_cv_c_const=yes
ac_cv_c_inline=inline
ac_cv_c_int32_t=yes
ac_cv_c_int8_t=yes
ac_cv_c_uint32_t=yes
ac_cv_env_CC_set=
ac_cv_env_CC_value=
ac_cv_env_CFLAGS_set=
ac_cv_env_CFLAGS_value=
ac_cv_env_CPPFLAGS_set=
ac_cv_env_CPPFLAGS_value=
ac_cv_env_CPP_set=
ac_cv_env_CPP_value=
ac_cv_env_LDFLAGS_set=
ac_cv_env_LDFLAGS_value=
ac_cv_env_LIBS_set=
ac_cv_env_LIBS_value=
ac_cv_env_build_alias_set=
ac_cv_env_build_alias_value=
ac_cv_env_host_alias_set=
ac_cv_env_host_alias_value=
ac_cv_env_target_alias_set=
ac_cv_env_target_alias_value=
ac_cv_func_asprintf=yes
ac_cv_func_bzero=yes
ac_cv_func_clock_gettime=yes
ac_cv_func_fork=yes
ac_cv_func_fork_works=yes
ac_cv_func_malloc_0_nonnull=yes
ac_cv_func_memcmp_working=yes
ac_cv_func_memset=yes
ac_cv_func_pselect=yes
ac_cv_func_pthread_barrier_destroy=yes
ac_cv_func_pthread_barrier_init=yes
ac_cv_func_pthread_barrier_wait=yes
ac_cv_func_select_args='int,fd_set *,struct timeval *'
ac_cv_func_socket=yes
ac_cv_func_strchr=yes
ac_cv_func_strdup=yes
ac_cv_func_strerror=yes
ac_cv_func_strftime=yes
ac_cv_func_uname=yes
ac_cv_func_vfork=yes
ac_cv_func_vfork_works=yes
ac_cv_have_decl_IP_MTU_DISCOVER=yes
ac_cv_have_decl_TCP_CONGESTION=yes
ac_cv_have_decl_TCP_CORK=yes
ac_cv_have_decl_TCP_INFO=yes
ac_cv_header_arpa_inet_h=yes
ac_cv_header_errno_h=yes
ac_cv_header_fcntl_h=yes
ac_cv_header_fenv_h=yes
ac_cv_header_float_h=yes
ac_cv_header_gsl_gsl_rng_h=no
ac_cv_header_inttypes_h=yes
ac_cv_header_limits_h=yes
ac_cv_header_math_h=yes
ac_cv_header_memory_h=yes
ac_cv_header_minix_config_h=no
ac_cv_header_net_if_h=yes
ac_cv_header_netdb_h=yes
ac_cv_header_netinet_if_ether_h=yes
ac_cv_header_netinet_in_h=yes
ac_cv_header_netinet_in_systm_h=yes
ac_cv_header_netinet_ip_h=yes
ac_cv_header_netinet_tcp_h=yes
ac_cv_header_pcap_pcap_h=no
ac_cv_header_pthread_h=yes
ac_cv_header_pthread_np_h=no
ac_cv_header_signal_h=yes
ac_cv_header_stdbool_h=yes
ac_cv_header_stdc=yes
ac_cv_header_stdint_h=yes
ac_cv_header_stdio_h=yes
ac_cv_header_stdlib_h=yes
ac_cv_header_string_h=yes
ac_cv_header_strings_h=yes
ac_cv_header_sys_cpuset_h=no
ac_cv_header_sys_ioctl_h=yes
ac_cv_header_sys_param_h=yes
ac_cv_header_sys_select_h=yes
ac_cv_header_sys_socket_h=yes
ac_cv_header_sys_stat_h=yes
ac_cv_header_sys_types_h=yes
ac_cv_header_sys_uio_h=yes
ac_cv_header_sys_utsname_h=yes
ac_cv_header_sys_wait_h=yes
ac_cv_header_syslog_h=yes
ac_cv_header_time=yes
ac_cv_header_unistd_h=yes
ac_cv_header_vfork_h=no
ac_cv_host=x86_64-unknown-linux-gnu
ac_cv_lib_error_at_line=yes
ac_cv_member_struct_xmlrpc_curl_xportparms_dont_advertise=yes
ac_cv_objext=o
ac_cv_path_EGREP='/bin/grep -E'
ac_cv_path_GREP=/bin/grep
ac_cv_path_ac_pt_CURL_CONFIG=/usr/bin/curl-config
ac_cv_path_ac_pt_XMLRPC_C_CONFIG=/usr/bin/xmlrpc-c-config
ac_cv_path_install='/usr/bin/install -c'
ac_cv_path_mkdir=/bin/mkdir
ac_cv_prog_AWK=gawk
ac_cv_prog_CPP='cc -E'
ac_cv_prog_ac_ct_CC=cc
ac_cv_prog_cc_c89=
ac_cv_prog_cc_g=yes
ac_cv_prog_make_make_set=yes
ac_cv_safe_to_define___extensions__=yes
ac_cv_search_clock_gettime='none required'
ac_cv_search_log=-lm
ac_cv_search_pthread_create=-lpthread
ac_cv_struct_tm=time.h
ac_cv_type__Bool=yes
ac_cv_type_pid_t=yes
ac_cv_type_signal=void
ac_cv_type_size_t=yes
ac_cv_type_ssize_t=yes
ac_cv_type_unsigned_long_long_int=yes
am_cv_CC_dependencies_compiler_type=gcc3
am_cv_make_support_nested_variables=yes
am_cv_prog_cc_c_o=yes

## ----------------- ##
## Output variables. ##
## ----------------- ##

ACLOCAL='${SHELL} /home/richi/Dropbox/UNI/Info_WS_2014-2015/Bachelorarbeit/Experimente/flowgrind-0.7.5/build-aux/missing aclocal-1.14'
AMDEPBACKSLASH='\'
AMDEP_FALSE='#'
AMDEP_TRUE=''
AMTAR='$${TAR-tar}'
AM_BACKSLASH='\'
AM_DEFAULT_V='$(AM_DEFAULT_VERBOSITY)'
AM_DEFAULT_VERBOSITY='1'
AM_V='$(V)'
AUTOCONF='${SHELL} /home/richi/Dropbox/UNI/Info_WS_2014-2015/Bachelorarbeit/Experimente/flowgrind-0.7.5/build-aux/missing autoconf'
AUTOHEADER='${SHELL} /home/richi/Dropbox/UNI/Info_WS_2014-2015/Bachelorarbeit/Experimente/flowgrind-0.7.5/build-aux/missing autoheader'
AUTOMAKE='${SHELL} /home/richi/Dropbox/UNI/Info_WS_2014-2015/Bachelorarbeit/Experimente/flowgrind-0.7.5/build-aux/missing automake-1.14'
AWK='gawk'
CC='cc'
CCDEPMODE='depmode=gcc3'
CFLAGS='-g -O2'
CPP='cc -E'
CPPFLAGS=''
CURL_CFLAGS=''
CURL_CONFIG='/usr/bin/curl-config'
CURL_LDADD='-L/usr/lib/x86_64-linux-gnu -lcurl'
CYGPATH_W='echo'
DEFS='-DHAVE_CONFIG_H'
DEPDIR='.deps'
DOXYGEN=''
ECHO_C=''
ECHO_N='-n'
ECHO_T=''
EGREP='/bin/grep -E'
EXEEXT=''
GREP='/bin/grep'
GSL_CFLAGS=''
GSL_CONFIG=''
GSL_LDADD=''
INSTALL_DATA='${INSTALL} -m 644'
INSTALL_PROGRAM='${INSTALL}'
INSTALL_SCRIPT='${INSTALL}'
INSTALL_STRIP_PROGRAM='$(install_sh) -c -s'
LDFLAGS=''
LIBOBJS=''
LIBS='-lpthread -lm '
LTLIBOBJS=''
MAKEINFO='${SHELL} /home/richi/Dropbox/UNI/Info_WS_2014-2015/Bachelorarbeit/Experimente/flowgrind-0.7.5/build-aux/missing makeinfo'
MKDIR_P='/bin/mkdir -p'
OBJEXT='o'
PACKAGE='flowgrind'
PACKAGE_BUGREPORT='https://github.com/flowgrind/flowgrind/issues'
PACKAGE_NAME='Flowgrind'
PACKAGE_STRING='Flowgrind 0.7.5'
PACKAGE_TARNAME='flowgrind'
PACKAGE_URL='http://www.flowgrind.net'
PACKAGE_VERSION='0.7.5'
PATH_SEPARATOR=':'
PCAP_CFLAGS=''
PCAP_CONFIG=''
PCAP_LDADD=''
SET_MAKE=''
SHELL='/bin/bash'
STRIP=''
USE_DOXYGEN_FALSE=''
USE_DOXYGEN_TRUE='#'
USE_FG_PTHREAD_BARRIER_FALSE=''
USE_FG_PTHREAD_BARRIER_TRUE='#'
USE_LIBGSL_FALSE=''
USE_LIBGSL_TRUE='#'
USE_LIBPCAP_FALSE=''
USE_LIBPCAP_TRUE='#'
VERSION='0.7.5'
XMLRPC_C_CLIENT_CFLAGS='-I/usr/include '
XMLRPC_C_CLIENT_LDADD='-L/usr/lib/x86_64-linux-gnu  -lxmlrpc_client -lxmlrpc  -lxmlrpc_xmlparse -lxmlrpc_xmltok -lxmlrpc_util -L/usr/lib/x86_64-linux-gnu -lcurl '
XMLRPC_C_CONFIG='/usr/bin/xmlrpc-c-config'
XMLRPC_C_SERVER_CFLAGS='-I/usr/include '
XMLRPC_C_SERVER_LDADD='-L/usr/lib/x86_64-linux-gnu  -lxmlrpc_server_abyss -lxmlrpc_server -lxmlrpc_abyss  -lpthread -lxmlrpc  -lxmlrpc_xmlparse -lxmlrpc_xmltok -lxmlrpc_util '
ac_ct_CC='cc'
am__EXEEXT_FALSE=''
am__EXEEXT_TRUE='#'
am__fastdepCC_FALSE='#'
am__fastdepCC_TRUE=''
am__include='include'
am__isrc=''
am__leading_dot='.'
am__nodep='_no'
am__quote=''
am__tar='$${TAR-tar} chof - "$$tardir"'
am__untar='$${TAR-tar} xf -'
bindir='${exec_prefix}/bin'
build='x86_64-unknown-linux-gnu'
build_alias=''
build_cpu='x86_64'
build_os='linux-gnu'
build_vendor='unknown'
datadir='${datarootdir}'
datarootdir='${prefix}/share'
docdir='${datarootdir}/doc/${PACKAGE_TARNAME}'
dvidir='${docdir}'
exec_prefix='${prefix}'
host='x86_64-unknown-linux-gnu'
host_alias=''
host_cpu='x86_64'
host_os='linux-gnu'
host_vendor='unknown'
htmldir='${docdir}'
includedir='${prefix}/include'
infodir='${datarootdir}/info'
install_sh='${SHELL} /home/richi/Dropbox/UNI/Info_WS_2014-2015/Bachelorarbeit/Experimente/flowgrind-0.7.5/build-aux/install-sh'
libdir='${exec_prefix}/lib'
libexecdir='${exec_prefix}/libexec'
localedir='${datarootdir}/locale'
localstatedir='${prefix}/var'
mandir='${datarootdir}/man'
mkdir_p='$(MKDIR_P)'
oldincludedir='/usr/include'
pdfdir='${docdir}'
prefix='/usr/local'
program_transform_name='s,x,x,'
psdir='${docdir}'
sbindir='${exec_prefix}/sbin'
sharedstatedir='${prefix}/com'
sysconfdir='${prefix}/etc'
target_alias=''

## ----------- ##
## confdefs.h. ##
## ----------- ##

/* confdefs.h */
#define PACKAGE_NAME "Flowgrind"
#define PACKAGE_TARNAME "flowgrind"
#define PACKAGE_VERSION "0.7.5"
#define PACKAGE_STRING "Flowgrind 0.7.5"
#define PACKAGE_BUGREPORT "https://github.com/flowgrind/flowgrind/issues"
#define PACKAGE_URL "http://www.flowgrind.net"
#define PACKAGE "flowgrind"
#define VERSION "0.7.5"
#define __LINUX__ 1
#define STDC_HEADERS 1
#define HAVE_SYS_TYPES_H 1
#define HAVE_SYS_STAT_H 1
#define HAVE_STDLIB_H 1
#define HAVE_STRING_H 1
#define HAVE_MEMORY_H 1
#define HAVE_STRINGS_H 1
#define HAVE_INTTYPES_H 1
#define HAVE_STDINT_H 1
#define HAVE_UNISTD_H 1
#define __EXTENSIONS__ 1
#define _ALL_SOURCE 1
#define _GNU_SOURCE 1
#define _POSIX_PTHREAD_SEMANTICS 1
#define _TANDEM_SOURCE 1
#define NDEBUG 1
#define HAVE_SYS_WAIT_H 1
#define TIME_WITH_SYS_TIME 1
#define STDC_HEADERS 1
#define HAVE__BOOL 1
#define HAVE_STDBOOL_H 1
#define HAVE_ARPA_INET_H 1
#define HAVE_ERRNO_H 1
#define HAVE_FCNTL_H 1
#define HAVE_FENV_H 1
#define HAVE_FLOAT_H 1
#define HAVE_LIMITS_H 1
#define HAVE_MATH_H 1
#define HAVE_NETDB_H 1
#define HAVE_NETINET_IN_H 1
#define HAVE_NETINET_IN_SYSTM_H 1
#define HAVE_NETINET_TCP_H 1
#define HAVE_PTHREAD_H 1
#define HAVE_SIGNAL_H 1
#define HAVE_STDIO_H 1
#define HAVE_SYS_IOCTL_H 1
#define HAVE_SYSLOG_H 1
#define HAVE_SYS_PARAM_H 1
#define HAVE_SYS_UIO_H 1
#define HAVE_SYS_UTSNAME_H 1
#define HAVE_SYS_SOCKET_H 1
#define HAVE_NET_IF_H 1
#define HAVE_NETINET_IF_ETHER_H 1
#define HAVE_NETINET_IP_H 1
#define RETSIGTYPE void
#define HAVE_UNSIGNED_LONG_LONG_INT 1
#define HAVE_SO_IP_MTU_DISCOVER 1
#define HAVE_SO_TCP_CORK 1
#define HAVE_SO_TCP_CONGESTION 1
#define HAVE_SO_TCP_INFO 1
#define HAVE_CPU_SET_T 1
#define HAVE_TCP_INFO 1
#define HAVE_TCP_CA_STATE 1
#define HAVE_FORK 1
#define HAVE_VFORK 1
#define HAVE_WORKING_VFORK 1
#define HAVE_WORKING_FORK 1
#define HAVE_STDLIB_H 1
#define HAVE_MALLOC 1
#define HAVE_SYS_SELECT_H 1
#define HAVE_SYS_SOCKET_H 1
#define SELECT_TYPE_ARG1 int
#define SELECT_TYPE_ARG234 (fd_set *)
#define SELECT_TYPE_ARG5 (struct timeval *)
#define HAVE_STRFTIME 1
#define HAVE_BZERO 1
#define HAVE_MEMSET 1
#define HAVE_PSELECT 1
#define HAVE_SOCKET 1
#define HAVE_STRCHR 1
#define HAVE_STRERROR 1
#define HAVE_UNAME 1
#define HAVE_ASPRINTF 1
#define HAVE_STRDUP 1
#define HAVE_CLOCK_GETTIME 1
#define HAVE_PTHREAD_BARRIER_INIT 1
#define HAVE_PTHREAD_BARRIER 1
#define HAVE_PTHREAD_BARRIER_WAIT 1
#define HAVE_PTHREAD_BARRIER 1
#define HAVE_PTHREAD_BARRIER_DESTROY 1
#define HAVE_PTHREAD_BARRIER 1
#define HAVE_PTHREAD_AFFINITY_NP 1
#define XMLRPC_C_VERSION 1.33.6
#define HAVE_STRUCT_XMLRPC_CURL_XPORTPARMS_DONT_ADVERTISE 1

configure: exit 0
