# Mon Dec  8 06:01:25 2014: controlling host = lohengrin, number of flows = 1, reporting interval = 0.05s, [through] = 10**6 bit/second (0.7.5)
# ID           begin             end   through transac min IAT avg IAT max IAT uack sack lost retr tret fack reor bkof ca state  pmtu
#                [s]             [s]  [Mbit/s]   [#/s]    [ms]    [ms]    [ms]  [#]  [#]  [#]  [#]  [#]  [#]  [#]  [#]            [B]
D  1  1418014848.215  1418014848.265  0.000000    0.00  11.859  16.124  23.530    0    0    0    0    0    0   28    0     open  1500
D  1  1418014848.265  1418014848.321  0.000000    0.00  15.738  18.798  20.941    0    0    0    0    0    0   28    0     open  1500
D  1  1418014848.321  1418014848.363  0.000000    0.00  15.284  19.314  23.344    0    0    0    0    0    0   28    0     open  1500
D  1  1418014848.363  1418014848.421  0.000000    0.00   8.533  13.696  19.797    0    0    0    0    0    0   28    0     open  1500
D  1  1418014848.421  1418014848.465  0.000000    0.00  12.822  18.780  28.550    0    0    0    0    0    0   28    0     open  1500
D  1  1418014848.465  1418014848.515  0.000000    0.00   8.584  15.882  23.279    0    0    0    0    0    0   28    0     open  1500
D  1  1418014848.515  1418014848.569  0.000000    0.00   9.083  18.229  26.074    0    0    0    0    0    0   28    0     open  1500
D  1  1418014848.569  1418014848.623  0.000000    0.00   6.998  15.376  29.391    0    0    0    0    0    0   28    0     open  1500
D  1  1418014848.623  1418014848.665  0.000000    0.00  27.427  27.427  27.427    0    0    0    0    0    0   28    0     open  1500
D  1  1418014848.665  1418014848.714  0.000000    0.00  15.460  24.230  32.523    0    0    0    0    0    0   28    0     open  1500
D  1  1418014848.714  1418014848.767  0.000000    0.00   7.881  11.996  20.750    0    0    0    0    0    0   28    0     open  1500
D  1  1418014848.767  1418014848.815  0.000000    0.00  15.941  15.978  16.015    0    0    0    0    0    0   28    0     open  1500
D  1  1418014848.815  1418014848.864  0.000000    0.00   8.692  18.869  30.629    0    0    0    0    0    0   28    0     open  1500
D  1  1418014848.864  1418014848.921  0.000000    0.00  14.701  16.905  21.311    0    0    0    0    0    0   28    0     open  1500
D  1  1418014848.921  1418014848.968  0.000000    0.00   1.238  14.552  30.826    0    0    0    0    0    0   28    0     open  1500
D  1  1418014848.968  1418014849.021  0.000000    0.00  19.088  23.351  27.615    0    0    0    0    0    0   28    0     open  1500
D  1  1418014849.021  1418014849.067  0.000000    0.00   8.900  18.155  29.576    0    0    0    0    0    0   28    0     open  1500
D  1  1418014849.067  1418014849.119  0.000000    0.00   7.472  10.891  16.572    0    0    0    0    0    0   28    0     open  1500
D  1  1418014849.119  1418014849.164  0.000000    0.00   8.492  16.386  27.268    0    0    0    0    0    0   28    0     open  1500
D  1  1418014849.164  1418014849.221  0.000000    0.00   8.271  15.875  22.845    0    0    0    0    0    0   28    0     open  1500
D  1  1418014849.221  1418014849.268  0.000000    0.00     inf     inf     inf    0    0    0    0    0    0   28    0     open  1500
D  1  1418014849.268  1418014849.314  0.000000    0.00   1.444  22.169  63.079    0    0    0    0    0    0   28    0     open  1500
D  1  1418014849.314  1418014849.368  0.000000    0.00   6.510  24.514  42.517    0    0    0    0    0    0   28    0     open  1500
D  1  1418014849.368  1418014849.425  0.000000    0.00   8.070  24.755  55.201    0    0    0    0    0    0   28    0     open  1500
D  1  1418014849.425  1418014849.473  0.000000    0.00  10.290  21.077  41.884    0    0    0    0    0    0   28    0     open  1500
# ID           begin             end   through transac min IAT avg IAT max IAT uack sack lost retr tret fack reor bkof ca state  pmtu
#                [s]             [s]  [Mbit/s]   [#/s]    [ms]    [ms]    [ms]  [#]  [#]  [#]  [#]  [#]  [#]  [#]  [#]            [B]
D  1  1418014849.473  1418014849.525  0.000000    0.00   5.921  10.698  19.326    0    0    0    0    0    0   28    0     open  1500
D  1  1418014849.525  1418014849.563  0.000000    0.00   8.922  20.943  39.194    0    0    0    0    0    0   28    0     open  1500
D  1  1418014849.563  1418014849.614  0.000000    0.00  46.351  46.351  46.351    0    0    0    0    0    0   28    0     open  1500
D  1  1418014849.614  1418014849.666  0.000000    0.00   5.370  14.901  24.432    0    0    0    0    0    0   28    0     open  1500
D  1  1418014849.666  1418014849.717  0.000000    0.00   2.191  10.636  26.742    0    0    0    0    0    0   28    0     open  1500
D  1  1418014849.717  1418014849.770  0.000000    0.00  30.556  34.501  38.447    0    0    0    0    0    0   28    0     open  1500
D  1  1418014849.770  1418014849.817  0.000000    0.00   9.549   9.549   9.549    0    0    0    0    0    0   28    0     open  1500
D  1  1418014849.817  1418014849.873  0.000000    0.00   4.202  17.623  45.830    0    0    0    0    0    0   28    0     open  1500
D  1  1418014849.873  1418014849.913  0.000000    0.00  10.799  34.954  59.108    0    0    0    0    0    0   28    0     open  1500
D  1  1418014849.913  1418014849.976  0.000000    0.00   1.897  12.201  28.910    0    0    0    0    0    0   28    0     open  1500
D  1  1418014849.976  1418014850.021  0.000000    0.00   7.450  12.749  16.464    0    0    0    0    0    0   28    0     open  1500
D  1  1418014850.021  1418014850.065  0.000000    0.00  23.145  23.145  23.145    0    0    0    0    0    0   28    0     open  1500
D  1  1418014850.065  1418014850.125  0.000000    0.00   1.830  12.840  42.334    0    0    0    0    0    0   28    0     open  1500
D  1  1418014850.125  1418014850.166  0.000000    0.00   1.931  21.588  41.246    0    0    0    0    0    0   28    0     open  1500
D  1  1418014850.166  1418014850.218  0.000000    0.00   7.918  13.784  25.413    0    0    0    0    0    0   28    0     open  1500
D  1  1418014850.218  1418014850.264  0.000000    0.00   1.921  22.813  43.704    0    0    0    0    0    0   28    0     open  1500
D  1  1418014850.264  1418014850.317  0.000000    0.00   1.922  11.614  20.607    0    0    0    0    0    0   28    0     open  1500
D  1  1418014850.317  1418014850.367  0.000000    0.00   1.835  12.790  21.565    0    0    0    0    0    0   28    0     open  1500
D  1  1418014850.367  1418014850.423  0.000000    0.00   2.212  16.306  30.399    0    0    0    0    0    0   28    0     open  1500
D  1  1418014850.423  1418014850.476  0.000000    0.00   2.030  15.333  37.853    0    0    0    0    0    0   28    0     open  1500
D  1  1418014850.476  1418014850.517  0.000000    0.00   1.944  13.046  22.014    0    0    0    0    0    0   28    0     open  1500
D  1  1418014850.517  1418014850.569  0.000000    0.00  11.745  19.679  28.397    0    0    0    0    0    0   28    0     open  1500
D  1  1418014850.569  1418014850.617  0.000000    0.00   8.344  16.905  33.343    0    0    0    0    0    0   28    0     open  1500
D  1  1418014850.617  1418014850.669  0.000000    0.00   1.346  10.384  18.494    0    0    0    0    0    0   28    0     open  1500
D  1  1418014850.669  1418014850.725  0.000000    0.00   2.117  13.938  22.722    0    0    0    0    0    0   28    0     open  1500
# ID           begin             end   through transac min IAT avg IAT max IAT uack sack lost retr tret fack reor bkof ca state  pmtu
#                [s]             [s]  [Mbit/s]   [#/s]    [ms]    [ms]    [ms]  [#]  [#]  [#]  [#]  [#]  [#]  [#]  [#]            [B]
D  1  1418014850.725  1418014850.765  0.000000    0.00  18.262  18.841  19.420    0    0    0    0    0    0   28    0     open  1500
D  1  1418014850.765  1418014850.813  0.000000    0.00   1.922  16.628  25.239    0    0    0    0    0    0   28    0     open  1500
D  1  1418014850.813  1418014850.867  0.000000    0.00   1.994  10.222  20.191    0    0    0    0    0    0   28    0     open  1500
D  1  1418014850.867  1418014850.917  0.000000    0.00  14.417  16.541  19.077    0    0    0    0    0    0   28    0     open  1500
D  1  1418014850.917  1418014850.964  0.000000    0.00  17.599  17.825  18.050    0    0    0    0    0    0   28    0     open  1500
D  1  1418014850.964  1418014851.025  0.000000    0.00   1.920  14.094  26.210    0    0    0    0    0    0   28    0     open  1500
D  1  1418014851.025  1418014851.068  0.000000    0.00   1.888  12.661  18.948    0    0    0    0    0    0   28    0     open  1500
D  1  1418014851.068  1418014851.123  0.000000    0.00   8.559  17.354  28.711    0    0    0    0    0    0   28    0     open  1500
D  1  1418014851.123  1418014851.169  0.000000    0.00   1.876  13.504  25.132    0    0    0    0    0    0   28    0     open  1500
D  1  1418014851.169  1418014851.215  0.000000    0.00   1.230  13.321  31.087    0    0    0    0    0    0   28    0     open  1500
D  1  1418014851.215  1418014851.267  0.000000    0.00   7.971  12.441  19.007    0    0    0    0    0    0   28    0     open  1500
D  1  1418014851.267  1418014851.314  0.000000    0.00  12.435  20.495  28.556    0    0    0    0    0    0   28    0     open  1500
D  1  1418014851.314  1418014851.363  0.000000    0.00   1.779  18.911  33.648    0    0    0    0    0    0   28    0     open  1500
D  1  1418014851.363  1418014851.416  0.000000    0.00   1.226  14.779  32.375    0    0    0    0    0    0   28    0     open  1500
D  1  1418014851.416  1418014851.465  0.000000    0.00  12.385  14.600  18.985    0    0    0    0    0    0   28    0     open  1500
D  1  1418014851.465  1418014851.517  0.000000    0.00   2.041  13.636  33.754    0    0    0    0    0    0   28    0     open  1500
D  1  1418014851.517  1418014851.565  0.000000    0.00     inf     inf     inf    0    0    0    0    0    0   28    0     open  1500
D  1  1418014851.565  1418014851.621  0.000000    0.00   1.359  50.031  98.704    0    0    0    0    0    0   28    0     open  1500
D  1  1418014851.621  1418014851.669  0.000000    0.00     inf     inf     inf    0    0    0    0    0    0   28    0     open  1500
D  1  1418014851.669  1418014851.725  0.000000    0.00   1.338  17.743  87.328    0    0    0    0    0    0   28    0     open  1500
D  1  1418014851.725  1418014851.777  0.000000    0.00   1.306   9.459  17.138    0    0    0    0    0    0   28    0     open  1500
D  1  1418014851.777  1418014851.816  0.000000    0.00   1.904  30.009  58.114    0    0    0    0    0    0   28    0     open  1500
D  1  1418014851.816  1418014851.865  0.000000    0.00     inf     inf     inf    0    0    0    0    0    0   28    0     open  1500
D  1  1418014851.865  1418014851.915  0.000000    0.00   1.237  11.968  63.091    0    0    0    0    0    0   28    0     open  1500
D  1  1418014851.915  1418014851.977  0.000000    0.00   1.240  11.134  21.028    0    0    0    0    0    0   28    0     open  1500
# ID           begin             end   through transac min IAT avg IAT max IAT uack sack lost retr tret fack reor bkof ca state  pmtu
#                [s]             [s]  [Mbit/s]   [#/s]    [ms]    [ms]    [ms]  [#]  [#]  [#]  [#]  [#]  [#]  [#]  [#]            [B]
D  1  1418014851.977  1418014852.017  0.000000    0.00   1.898  28.992  56.085    0    0    0    0    0    0   28    0     open  1500
D  1  1418014852.017  1418014852.065  0.000000    0.00   1.849  21.780  61.153    0    0    0    0    0    0   28    0     open  1500
D  1  1418014852.065  1418014852.116  0.000000    0.00   1.255   9.316  17.297    0    0    0    0    0    0   28    0     open  1500
D  1  1418014852.116  1418014852.168  0.000000    0.00   6.055  18.481  36.797    0    0    0    0    0    0   28    0     open  1500
D  1  1418014852.168  1418014852.220  0.000000    0.00     inf     inf     inf    0    0    0    0    0    0   28    0     open  1500
D  1  1418014852.220  1418014852.268  0.000000    0.00   1.822  14.633  60.428    0    0    0    0    0    0   28    0     open  1500
D  1  1418014852.268  1418014852.321  0.000000    0.00   6.504   9.995  16.304    0    0    0    0    0    0   28    0     open  1500
D  1  1418014852.321  1418014852.377  0.000000    0.00   1.970  19.598  37.226    0    0    0    0    0    0   28    0     open  1500
D  1  1418014852.377  1418014852.424  0.000000    0.00   1.827  25.701  61.539    0    0    0    0    0    0   28    0     open  1500
D  1  1418014852.424  1418014852.468  0.000000    0.00   1.358   8.893  17.028    0    0    0    0    0    0   28    0     open  1500
D  1  1418014852.468  1418014852.521  0.000000    0.00   9.075  21.674  34.273    0    0    0    0    0    0   28    0     open  1500
D  1  1418014852.521  1418014852.569  0.000000    0.00  18.690  18.690  18.690    0    0    0    0    0    0   28    0     open  1500
D  1  1418014852.569  1418014852.616  0.000000    0.00   1.805  16.256  49.065    0    0    0    0    0    0   28    0     open  1500
D  1  1418014852.616  1418014852.665  0.000000    0.00   1.353   9.191  16.852    0    0    0    0    0    0   28    0     open  1500
D  1  1418014852.665  1418014852.729  0.000000    0.00   7.735  17.955  31.139    0    0    0    0    0    0   28    0     open  1500
D  1  1418014852.729  1418014852.764  0.000000    0.00   8.067  32.506  56.945    0    0    0    0    0    0   28    0     open  1500
D  1  1418014852.764  1418014852.814  0.000000    0.00   1.804   7.661  16.479    0    0    0    0    0    0   28    0     open  1500
D  1  1418014852.814  1418014852.864  0.000000    0.00   9.998  14.176  19.971    0    0    0    0    0    0   28    0     open  1500
D  1  1418014852.864  1418014852.913  0.000000    0.00   8.776   8.776   8.776    0    0    0    0    0    0   28    0     open  1500
D  1  1418014852.913  1418014852.968  0.000000    0.00   2.397  23.980  67.614    0    0    0    0    0    0   28    0     open  1500
D  1  1418014852.968  1418014853.020  0.000000    0.00   1.906   8.837  16.453    0    0    0    0    0    0   28    0     open  1500
D  1  1418014853.020  1418014853.065  0.000000    0.00   1.240   9.500  15.461    0    0    0    0    0    0   28    0     open  1500
D  1  1418014853.065  1418014853.113  0.000000    0.00     inf     inf     inf    0    0    0    0    0    0   28    0     open  1500
D  1  1418014853.113  1418014853.172  0.000000    0.00   1.318  18.387  80.705    0    0    0    0    0    0   28    0     open  1500
D  1  1418014853.172  1418014853.221  0.000000    0.00   7.457  10.749  15.874    0    0    0    0    0    0   28    0     open  1500
