# Mon Dec  8 06:38:02 2014: controlling host = lohengrin, number of flows = 1, reporting interval = 0.05s, [through] = 10**6 bit/second (0.7.5)
# ID  begin    end   through transac min IAT avg IAT max IAT uack sack lost retr tret fack reor bkof ca state pmtu
#       [s]    [s]  [Mbit/s]   [#/s]    [ms]    [ms]    [ms]  [#]  [#]  [#]  [#]  [#]  [#]  [#]  [#]           [B]
D  0  0.000  0.055  0.000000    0.00     inf     inf     inf    0    0    0    0    0    0    0    0     open    0
# ID  begin    end   through transac min IAT avg IAT max IAT uack sack lost retr tret fack reor bkof ca state  pmtu
#       [s]    [s]  [Mbit/s]   [#/s]    [ms]    [ms]    [ms]  [#]  [#]  [#]  [#]  [#]  [#]  [#]  [#]            [B]
S  0  0.000  0.051  0.000000    0.00     inf     inf     inf    1    0    0    0    0    0    3    0     open  1500
S  0  0.051  0.101  0.000000    0.00     inf     inf     inf    1    0    0    0    0    0    3    0     open  1500
D  0  0.055  0.103  0.000000    0.00     inf     inf     inf    0    0    0    0    0    0    0    0     open     0
S  0  0.101  0.150  0.000000    0.00     inf     inf     inf    0    0    0    0    0    0    3    0     open  1500
D  0  0.103  0.151  0.000000    0.00     inf     inf     inf    0    0    0    0    0    0    0    0     open     0
S  0  0.150  0.201  3.861930    0.00     inf     inf     inf   10    0    0    0    0    0    3    0     open  1500
D  0  0.151  0.211  0.000000    0.00     inf     inf     inf    0    0    0    0    0    0    0    0     open     0
S  0  0.201  0.252  0.000000    0.00     inf     inf     inf   10    0    0    0    0    0    3    0     open  1500
D  0  0.211  0.251  0.000000    0.00     inf     inf     inf    0    0    0    0    0    0    3    0     open  1500
S  0  0.252  0.302  0.000000    0.00     inf     inf     inf   12    4    3    2    0    8    3    0  recover  1500
D  0  0.251  0.303  0.000000    0.00     inf     inf     inf    0    0    0    0    0    0    3    0     open  1500
S  0  0.302  0.351  2.695887    0.00     inf     inf     inf   14    0    0    0    0    0    8    0     open  1500
D  0  0.303  0.359  0.000000    0.00     inf     inf     inf    0    0    0    0    0    0    3    0     open  1500
S  0  0.351  0.401  0.000000    0.00     inf     inf     inf   15    0    0    0    0    0    8    0     open  1500
# ID  begin    end   through transac  min IAT  avg IAT  max IAT uack sack lost retr tret fack reor bkof ca state  pmtu
#       [s]    [s]  [Mbit/s]   [#/s]     [ms]     [ms]     [ms]  [#]  [#]  [#]  [#]  [#]  [#]  [#]  [#]            [B]
D  0  0.359  0.407  0.000000    0.00  122.053  122.053  122.053    0    0    0    0    0    0    3    0     open  1500
D  0  0.407  0.450  0.000000    0.00   49.508   49.508   49.508    0    0    0    0    0    0    3    0     open  1500
S  0  0.401  0.454  1.250117    0.00      inf      inf      inf   21    5    0    0    0   10    8    0 disorder  1500
D  0  0.450  0.510  0.000000    0.00    6.777    6.777    6.777    0    0    0    0    0    0    3    0     open  1500
S  0  0.454  0.502  4.099528    0.00      inf      inf      inf   26    1    0    0    0    2   10    0 disorder  1500
S  0  0.502  0.552  0.000000    0.00      inf      inf      inf   28    0    0    0    0    0   10    0     open  1500
D  0  0.510  0.559  0.000000    0.00      inf      inf      inf    0    0    0    0    0    0    3    0     open  1500
D  0  0.559  0.607  0.000000    0.00  118.769  118.769  118.769    0    0    0    0    0    0    3    0     open  1500
S  0  0.552  0.606  3.696223    0.00      inf      inf      inf   34    4    0    0    0    8   10    0 disorder  1500
D  0  0.607  0.655  0.000000    0.00    1.694   16.352   45.522    0    0    0    0    0    0    3    0     open  1500
# ID  begin    end   through transac  min IAT  avg IAT  max IAT uack sack lost retr tret fack reor bkof ca state  pmtu
#       [s]    [s]  [Mbit/s]   [#/s]     [ms]     [ms]     [ms]  [#]  [#]  [#]  [#]  [#]  [#]  [#]  [#]            [B]
S  0  0.606  0.658  1.242458    0.00      inf      inf      inf   37    8    0    0    0   17   20    0 disorder  1500
D  0  0.655  0.711  0.000000    0.00   11.838   33.893   55.949    0    0    0    0    0    0    3    0     open  1500
S  0  0.658  0.708  7.857449    0.00      inf      inf      inf   44    4    0    0    0    7   20    0 disorder  1500
S  0  0.708  0.750  4.685637    0.00      inf      inf      inf   42    3    0    0    0    7   20    0 disorder  1500
D  0  0.711  0.763  0.000000    0.00    1.840   27.560   53.279    0    0    0    0    0    0    3    0     open  1500
S  0  0.750  0.801  1.303845    0.00      inf      inf      inf   50    0    0    0    0    0   20    0     open  1500
D  0  0.763  0.803  0.000000    0.00      inf      inf      inf    0    0    0    0    0    0    3    0     open  1500
S  0  0.801  0.851  0.000000    0.00      inf      inf      inf   54   13    0    0    0   27   20    0 disorder  1500
D  0  0.803  0.853  0.000000    0.00    1.220   20.180   63.100    0    0    0    0    0    0    3    0     open  1500
# ID  begin    end    through transac  min IAT  avg IAT  max IAT uack sack lost retr tret fack reor bkof ca state  pmtu
#       [s]    [s]   [Mbit/s]   [#/s]     [ms]     [ms]     [ms]  [#]  [#]  [#]  [#]  [#]  [#]  [#]  [#]            [B]
S  0  0.851  0.904  13.612478    0.00      inf      inf      inf   69    1    0    0    0    2   27    0 disorder  1500
D  0  0.853  0.903   0.000000    0.00      inf      inf      inf    0    0    0    0    0    0    3    0     open  1500
D  0  0.903  0.959   0.000000    0.00    1.786   20.968   72.664    0    0    0    0    0    0    3    0     open  1500
S  0  0.904  0.959   1.200414    0.00      inf      inf      inf   69    9    0    0    0   19   27    0 disorder  1500
S  0  0.959  1.004   5.783340    0.00      inf      inf      inf   69   16    0    0    0   31   27    0 disorder  1500
D  0  0.959  1.004   0.000000    0.00    1.228   14.075   56.656    0    0    0    0    0    0    3    0     open  1500
S  0  1.004  1.053   3.987066    0.00      inf      inf      inf   69   13    0    0    0   25   45    0 disorder  1500
D  0  1.004  1.059   0.000000    0.00    1.224   11.903   29.361    0    0    0    0    0    0    3    0     open  1500
D  0  1.059  1.107   0.000000    0.00    1.277   18.394   52.096    0    0    0    0    0    0    3    0     open  1500
S  0  1.053  1.107   7.277542    0.00      inf      inf      inf   68    9    0    0    0   17   45    0 disorder  1500
D  0  1.107  1.153   0.000000    0.00   13.708   13.708   13.708    0    0    0    0    0    0    3    0     open  1500
S  0  1.107  1.160   2.513554    0.00      inf      inf      inf   68    4    0    0    0    7   45    0 disorder  1500
S  0  1.160  1.200   3.214640    0.00      inf      inf      inf   68   16    0    0    0   33   45    0 disorder  1500
D  0  1.153  1.206   0.000000    0.00    1.822   14.440   52.042    0    0    0    0    0    0    3    0     open  1500
S  0  1.200  1.254   6.158035    0.00      inf      inf      inf   68    6    0    0    0   12   45    0 disorder  1500
D  0  1.206  1.259   0.000000    0.00    6.999    7.851    8.703    0    0    0    0    0    0    3    0     open  1500
# ID  begin    end    through transac  min IAT  avg IAT  max IAT uack sack lost retr tret fack reor bkof ca state  pmtu
#       [s]    [s]   [Mbit/s]   [#/s]     [ms]     [ms]     [ms]  [#]  [#]  [#]  [#]  [#]  [#]  [#]  [#]            [B]
D  0  1.259  1.311   0.000000    0.00    1.235   20.642   56.602    0    0    0    0    0    0    3    0     open  1500
S  0  1.254  1.310   3.497494    0.00      inf      inf      inf   68   10    0    0    0   20   45    0 disorder  1500
S  0  1.310  1.350   6.503245    0.00      inf      inf      inf   68    7    0    0    0   13   45    0 disorder  1500
D  0  1.311  1.353   0.000000    0.00    2.109   22.481   42.854    0    0    0    0    0    0    3    0     open  1500
S  0  1.350  1.401   1.276694    0.00      inf      inf      inf   68   16    0    0    0   31   45    0 disorder  1500
D  0  1.353  1.411   0.000000    0.00    1.828    8.796   14.275    0    0    0    0    0    0    3    0     open  1500
S  0  1.401  1.453   7.550746    0.00      inf      inf      inf   68    0    0    0    0    0   45    0     open  1500
D  0  1.411  1.458   0.000000    0.00    1.235   24.783   48.331    0    0    0    0    0    0    3    0     open  1500
S  0  1.453  1.503   2.667861    0.00      inf      inf      inf   68    8    0    0    0   14   45    0 disorder  1500
D  0  1.458  1.511   0.000000    0.00    1.240    7.974   14.708    0    0    0    0    0    0    3    0     open  1500
S  0  1.503  1.551   4.085243    0.00      inf      inf      inf   68   12    0    0    0   25   45    0 disorder  1500
D  0  1.511  1.553   0.000000    0.00    1.308   17.832   57.399    0    0    0    0    0    0    3    0     open  1500
S  0  1.551  1.605   6.017691    0.00      inf      inf      inf   68    8    0    0    0   17   45    0 disorder  1500
D  0  1.553  1.607   0.000000    0.00    8.022    9.726   11.774    0    0    0    0    0    0    3    0     open  1500
S  0  1.605  1.653   4.118324    0.00      inf      inf      inf   68   10    0    0    0   21   45    0 disorder  1500
D  0  1.607  1.658   0.000000    0.00    7.603   16.407   39.739    0    0    0    0    0    0    3    0     open  1500
S  0  1.653  1.701   4.074966    0.00      inf      inf      inf   68    4    0    0    0    7   45    0 disorder  1500
D  0  1.658  1.703   0.000000    0.00   46.927   46.927   46.927    0    0    0    0    0    0    3    0     open  1500
D  0  1.703  1.755   0.000000    0.00    1.835    8.837   16.297    0    0    0    0    0    0    3    0     open  1500
S  0  1.701  1.756   2.383491    0.00      inf      inf      inf   68   16    0    0    0   33   45    0 disorder  1500
D  0  1.755  1.803   0.000000    0.00   10.599   20.953   31.307    0    0    0    0    0    0    3    0     open  1500
S  0  1.756  1.809   7.489575    0.00      inf      inf      inf   68    5    0    0    0   10   45    0 disorder  1500
D  0  1.803  1.855   0.000000    0.00    1.239    8.953   16.977    0    0    0    0    0    0    3    0     open  1500
S  0  1.809  1.856   2.747402    0.00      inf      inf      inf   68    9    0    0    0   17   45    0 disorder  1500
S  0  1.856  1.903   4.192851    0.00      inf      inf      inf   68   11    0    0    0   22   45    0 disorder  1500
# ID  begin    end    through transac  min IAT  avg IAT  max IAT uack sack lost retr tret fack reor bkof ca state  pmtu
#       [s]    [s]   [Mbit/s]   [#/s]     [ms]     [ms]     [ms]  [#]  [#]  [#]  [#]  [#]  [#]  [#]  [#]            [B]
D  0  1.855  1.911   0.000000    0.00    1.818   21.091   41.716    0    0    0    0    0    0    3    0     open  1500
D  0  1.911  1.955   0.000000    0.00    2.209   10.807   16.225    0    0    0    0    0    0    3    0     open  1500
S  0  1.903  1.959   4.682933    0.00      inf      inf      inf   68   11    0    0    0   21   45    0 disorder  1500
S  0  1.959  2.002   6.151576    0.00      inf      inf      inf   68    9    0    0    0   18   45    0 disorder  1500
D  0  1.955  2.011   0.000000    0.00    1.224   12.232   31.787    0    0    0    0    0    0    3    0     open  1500
D  0  2.011  2.063   0.000000    0.00   10.086   29.065   48.043    0    0    0    0    0    0    3    0     open  1500
S  0  2.002  2.058   4.672724    0.00      inf      inf      inf   68    4    0    0    0    8   45    0 disorder  1500
D  0  2.063  2.104   0.000000    0.00    1.825   11.997   24.595    0    0    0    0    0    0    3    0     open  1500
S  0  2.058  2.107   2.686263    0.00      inf      inf      inf   68   11    0    0    0   22   45    0 disorder  1500
D  0  2.104  2.155   0.000000    0.00    1.176   11.065   23.854    0    0    0    0    0    0    3    0     open  1500
S  0  2.107  2.160   4.957996    0.00      inf      inf      inf   68   10    0    0    0   19   45    0 disorder  1500
S  0  2.160  2.204   4.378728    0.00      inf      inf      inf   68    8    0    0    0   17   45    0 disorder  1500
D  0  2.155  2.204   0.000000    0.00    1.335   14.515   33.181    0    0    0    0    0    0    3    0     open  1500
D  0  2.204  2.250   0.000000    0.00   41.363   41.363   41.363    0    0    0    0    0    0    3    0     open  1500
S  0  2.204  2.252   4.180522    0.00      inf      inf      inf   68    4    0    0    0    9   45    0 disorder  1500
D  0  2.250  2.310   0.000000    0.00    0.405    9.968   26.187    0    0    0    0    0    0    3    0     open  1500
S  0  2.252  2.307   2.343855    0.00      inf      inf      inf   68   18    0    0    0   34   45    0 disorder  1500
D  0  2.310  2.359   0.000000    0.00    1.333   14.280   31.842    0    0    0    0    0    0    3    0     open  1500
S  0  2.307  2.360   7.501670    0.00      inf      inf      inf   68   12    0    0    0   23   45    0 disorder  1500
S  0  2.360  2.400   3.230482    0.00      inf      inf      inf   68    7    0    0    0   13   45    0 disorder  1500
D  0  2.359  2.415   0.000000    0.00   25.143   26.795   28.447    0    0    0    0    0    0    3    0     open  1500
S  0  2.400  2.451   3.851336    0.00      inf      inf      inf   68   10    0    0    0   20   45    0 disorder  1500
D  0  2.415  2.455   0.000000    0.00    1.934   15.870   37.372    0    0    0    0    0    0    3    0     open  1500
S  0  2.451  2.504   5.033075    0.00      inf      inf      inf   68   12    0    0    0   22   45    0 disorder  1500
D  0  2.455  2.511   0.000000    0.00    1.915    9.801   21.922    0    0    0    0    0    0    3    0     open  1500
# ID  begin    end    through transac  min IAT  avg IAT  max IAT uack sack lost retr tret fack reor bkof ca state  pmtu
#       [s]    [s]   [Mbit/s]   [#/s]     [ms]     [ms]     [ms]  [#]  [#]  [#]  [#]  [#]  [#]  [#]  [#]            [B]
S  0  2.504  2.554   1.298553    0.00      inf      inf      inf   68    9    0    0    0   17   45    0 disorder  1500
D  0  2.511  2.563   0.000000    0.00    1.947   13.191   32.987    0    0    0    0    0    0    3    0     open  1500
S  0  2.554  2.600   7.113595    0.00      inf      inf      inf   68    7    0    0    0   13   45    0 disorder  1500
D  0  2.563  2.604   0.000000    0.00   39.328   39.328   39.328    0    0    0    0    0    0    3    0     open  1500
S  0  2.600  2.652   2.517847    0.00      inf      inf      inf   68    2    0    0    0    4   45    0 disorder  1500
D  0  2.604  2.654   0.000000    0.00    8.684   34.303   59.921    0    0    0    0    0    0    3    0     open  1500
S  0  2.652  2.705   2.502371    0.00      inf      inf      inf   68    7    0    0    0   14   45    0 disorder  1500
D  0  2.654  2.707   0.000000    0.00    8.005   10.076   12.146    0    0    0    0    0    0    3    0     open  1500
D  0  2.707  2.751   0.000000    0.00      inf      inf      inf    0    0    0    0    0    0    3    0     open  1500
S  0  2.705  2.759   3.614564    0.00      inf      inf      inf   68    4    0    0    0    8   45    0 disorder  1500
D  0  2.751  2.811   0.000000    0.00    2.161   18.219   84.787    0    0    0    0    0    0    3    0     open  1500
S  0  2.759  2.809   1.295938    0.00      inf      inf      inf   68   15    0    0    0   30   45    0 disorder  1500
D  0  2.811  2.859   0.000000    0.00    5.707    9.543   18.095    0    0    0    0    0    0    3    0     open  1500
S  0  2.809  2.857   6.835572    0.00      inf      inf      inf   68   10    0    0    0   19   45    0 disorder  1500
S  0  2.857  2.904   8.459181    0.00      inf      inf      inf   68    1    0    0    0    2   45    0 disorder  1500
D  0  2.859  2.907   0.000000    0.00      inf      inf      inf    0    0    0    0    0    0    3    0     open  1500
S  0  2.904  2.955   0.000000    0.00      inf      inf      inf   68    7    0    0    0   15   45    0 disorder  1500
D  0  2.907  2.963   0.000000    0.00    9.977   35.452   77.459    0    0    0    0    0    0    3    0     open  1500
D  0  2.963  3.006   0.000000    0.00    1.819    8.307   23.620    0    0    0    0    0    0    3    0     open  1500
D  0  3.006  3.051   0.000000    0.00    1.927    9.538   17.404    0    0    0    0    0    0    3    0     open  1500
S  0  2.955  3.010   3.564160    0.00      inf      inf      inf   68   20    0    0    0   39   45    0 disorder  1500
S  0  3.010  3.060   7.841154    0.00      inf      inf      inf   68   11    0    0    0   22   49    0 disorder  1500
D  0  3.051  3.115   0.000000    0.00   61.581   61.581   61.581    0    0    0    0    0    0    3    0     open  1500
D  0  3.115  3.151   0.000000    0.00   25.287   25.287   25.287    0    0    0    0    0    0    3    0     open  1500
S  0  3.060  3.105   5.760883    0.00      inf      inf      inf   68    2    0    0    0    5   49    0 disorder  1500
# ID  begin    end    through transac  min IAT  avg IAT  max IAT uack sack lost retr tret fack reor bkof ca state  pmtu
#       [s]    [s]   [Mbit/s]   [#/s]     [ms]     [ms]     [ms]  [#]  [#]  [#]  [#]  [#]  [#]  [#]  [#]            [B]
S  0  3.105  3.159   1.229094    0.00      inf      inf      inf   68    5    0    0    0   10   49    0 disorder  1500
D  0  3.151  3.206   0.000000    0.00    2.787   24.859   65.482    0    0    0    0    0    0    3    0     open  1500
D  0  3.206  3.251   0.000000    0.00    1.229    5.527   11.246    0    0    0    0    0    0    3    0     open  1500
S  0  3.159  3.208   2.674454    0.00      inf      inf      inf   68    7    0    0    0   14   49    0 disorder  1500
S  0  3.208  3.258   0.000000    0.00      inf      inf      inf   68    7    0    0    0   14   49    0 disorder  1500
D  0  3.251  3.303   0.000000    0.00   55.836   55.836   55.836    0    0    0    0    0    0    3    0     open  1500
D  0  3.303  3.351   0.000000    0.00   18.022   18.022   18.022    0    0    0    0    0    0    3    0     open  1500
S  0  3.258  3.309   0.000000    0.00      inf      inf      inf   68   25    0    0    0   51   49    0 disorder  1500
S  0  3.309  3.352  13.725333    0.00      inf      inf      inf   68    0    0    0    0    0   51    0     open  1500
D  0  3.351  3.411   0.000000    0.00      inf      inf      inf    0    0    0    0    0    0    3    0     open  1500
D  0  3.411  3.452   0.000000    0.00    1.926   44.389  118.557    0    0    0    0    0    0    3    0     open  1500
S  0  3.352  3.409   3.432557    0.00      inf      inf      inf   68    0    0    0    0    0   51    0     open  1500
S  0  3.409  3.460   0.000000    0.00      inf      inf      inf   68   16    0    0    0   32   51    0 disorder  1500
D  0  3.452  3.501   0.000000    0.00    0.702    5.241   13.589    0    0    0    0    0    0    3    0     open  1500
S  0  3.460  3.502   3.071791    0.00      inf      inf      inf   68   18    0    0    0   36   51    0 disorder  1500
D  0  3.501  3.555   0.000000    0.00    3.757   12.053   20.349    0    0    0    0    0    0    3    0     open  1500
D  0  3.555  3.602   0.000000    0.00      inf      inf      inf    0    0    0    0    0    0    3    0     open  1500
S  0  3.502  3.554   8.845039    0.00      inf      inf      inf   68    8    0    0    0   16   51    0 disorder  1500
S  0  3.554  3.607   3.704760    0.00      inf      inf      inf   68    2    0    0    0    4   51    0 disorder  1500
D  0  3.602  3.659   0.000000    0.00    1.293   23.423   96.547    0    0    0    0    0    0    3    0     open  1500
S  0  3.607  3.653   0.000000    0.00      inf      inf      inf   68   12    0    0    0   23   51    0 disorder  1500
S  0  3.653  3.700   4.160467    0.00      inf      inf      inf   68   21    0    0    0   42   51    0 disorder  1500
D  0  3.659  3.704   0.000000    0.00    1.312    6.317   13.309    0    0    0    0    0    0    3    0     open  1500
D  0  3.704  3.751   0.000000    0.00   39.794   39.794   39.794    0    0    0    0    0    0    3    0     open  1500
S  0  3.700  3.760   8.768647    0.00      inf      inf      inf   68    1    0    0    0    2   51    0 disorder  1500
# ID  begin    end    through transac  min IAT  avg IAT  max IAT uack sack lost retr tret fack reor bkof ca state  pmtu
#       [s]    [s]   [Mbit/s]   [#/s]     [ms]     [ms]     [ms]  [#]  [#]  [#]  [#]  [#]  [#]  [#]  [#]            [B]
D  0  3.751  3.800   0.000000    0.00   53.739   53.739   53.739    0    0    0    0    0    0    3    0     open  1500
S  0  3.760  3.810   1.315651    0.00      inf      inf      inf   68    8    0    0    0   16   51    0 disorder  1500
D  0  3.800  3.855   0.000000    0.00    1.218   11.932   22.929    0    0    0    0    0    0    3    0     open  1500
S  0  3.810  3.852   1.550639    0.00      inf      inf      inf   68   15    0    0    0   29   51    0 disorder  1500
D  0  3.855  3.902   0.000000    0.00    1.821    7.365   18.740    0    0    0    0    0    0    3    0     open  1500
S  0  3.852  3.908   4.673755    0.00      inf      inf      inf   68   15    0    0    0   30   51    0 disorder  1500
S  0  3.908  3.954   8.576926    0.00      inf      inf      inf   68    3    0    0    0    6   51    0 disorder  1500
D  0  3.902  3.963   0.000000    0.00   26.374   34.692   43.010    0    0    0    0    0    0    3    0     open  1500
D  0  3.963  4.001   0.000000    0.00    1.843   14.416   26.989    0    0    0    0    0    0    3    0     open  1500
S  0  3.954  4.008   2.425556    0.00      inf      inf      inf   68   10    0    0    0   20   51    0 disorder  1500
D  0  4.001  4.063   0.000000    0.00    0.432   11.761   30.251    0    0    0    0    0    0    3    0     open  1500
S  0  4.008  4.056   2.750692    0.00      inf      inf      inf   68   12    0    0    0   24   51    0 disorder  1500
S  0  4.056  4.101   7.172811    0.00      inf      inf      inf   68    6    0    0    0   13   51    0 disorder  1500
D  0  4.063  4.107   0.000000    0.00    1.797   10.886   16.394    0    0    0    0    0    0    3    0     open  1500
S  0  4.101  4.156   4.762017    0.00      inf      inf      inf   68    8    0    0    0   17   51    0 disorder  1500
D  0  4.107  4.163   0.000000    0.00    1.835   23.009   39.463    0    0    0    0    0    0    3    0     open  1500
S  0  4.156  4.207   3.853140    0.00      inf      inf      inf   68    5    0    0    0   11   51    0 disorder  1500
D  0  4.163  4.206   0.000000    0.00   38.503   38.503   38.503    0    0    0    0    0    0    3    0     open  1500
D  0  4.206  4.251   0.000000    0.00    1.231   10.292   18.131    0    0    0    0    0    0    3    0     open  1500
S  0  4.207  4.251   1.483465    0.00      inf      inf      inf   68   13    0    0    0   26   51    0 disorder  1500
D  0  4.251  4.307   0.000000    0.00    7.229   14.899   19.303    0    0    0    0    0    0    3    0     open  1500
S  0  4.251  4.302   6.469548    0.00      inf      inf      inf   68    6    0    0    0   12   51    0 disorder  1500
S  0  4.302  4.359   4.592748    0.00      inf      inf      inf   68    5    0    0    0   10   51    0 disorder  1500
D  0  4.307  4.359   0.000000    0.00    1.804   13.990   26.177    0    0    0    0    0    0    3    0     open  1500
D  0  4.359  4.402   0.000000    0.00   16.868   24.900   38.175    0    0    0    0    0    0    3    0     open  1500
# ID  begin    end    through transac  min IAT  avg IAT  max IAT uack sack lost retr tret fack reor bkof ca state  pmtu
#       [s]    [s]   [Mbit/s]   [#/s]     [ms]     [ms]     [ms]  [#]  [#]  [#]  [#]  [#]  [#]  [#]  [#]            [B]
S  0  4.359  4.404   2.946300    0.00      inf      inf      inf   68   12    0    0    0   23   51    0 disorder  1500
D  0  4.402  4.457   0.000000    0.00    1.816    7.007   12.976    0    0    0    0    0    0    3    0     open  1500
S  0  4.404  4.451   4.158101    0.00      inf      inf      inf   68   17    0    0    0   34   51    0 disorder  1500
S  0  4.451  4.508   6.897468    0.00      inf      inf      inf   68    7    0    0    0   14   51    0 disorder  1500
D  0  4.457  4.511   0.000000    0.00    1.830   19.483   33.331    0    0    0    0    0    0    3    0     open  1500
S  0  4.508  4.557   4.006741    0.00      inf      inf      inf   68    4    0    0    0    8   51    0 disorder  1500
D  0  4.511  4.556   0.000000    0.00   34.269   34.269   34.269    0    0    0    0    0    0    3    0     open  1500
S  0  4.557  4.601   1.497459    0.00      inf      inf      inf   68    9    0    0    0   18   51    0 disorder  1500
D  0  4.556  4.608   0.000000    0.00    1.891   13.091   25.127    0    0    0    0    0    0    3    0     open  1500
S  0  4.601  4.652   5.085680    0.00      inf      inf      inf   68   13    0    0    0   26   51    0 disorder  1500
D  0  4.608  4.659   0.000000    0.00    1.742    8.681   16.808    0    0    0    0    0    0    3    0     open  1500
S  0  4.652  4.705   6.221013    0.00      inf      inf      inf   68    8    0    0    0   16   51    0 disorder  1500
D  0  4.659  4.705   0.000000    0.00    1.312   19.951   38.591    0    0    0    0    0    0    3    0     open  1500
S  0  4.705  4.753   2.754766    0.00      inf      inf      inf   68    5    0    0    0   11   51    0 disorder  1500
D  0  4.705  4.756   0.000000    0.00   15.095   22.374   33.807    0    0    0    0    0    0    3    0     open  1500
D  0  4.756  4.802   0.000000    0.00    9.137   13.092   17.043    0    0    0    0    0    0    3    0     open  1500
S  0  4.753  4.807   3.599930    0.00      inf      inf      inf   68   12    0    0    0   24   51    0 disorder  1500
S  0  4.807  4.851   7.526411    0.00      inf      inf      inf   68    6    0    0    0   14   51    0 disorder  1500
D  0  4.802  4.855   0.000000    0.00    1.542   11.321   34.165    0    0    0    0    0    0    3    0     open  1500
S  0  4.851  4.907   4.672987    0.00      inf      inf      inf   68    7    0    0    0   13   51    0 disorder  1500
D  0  4.855  4.907   0.000000    0.00   22.728   25.145   27.561    0    0    0    0    0    0    3    0     open  1500
S  0  4.907  4.953   2.848725    0.00      inf      inf      inf   68   12    0    0    0   23   51    0 disorder  1500
D  0  4.907  4.956   0.000000    0.00    8.173   12.379   20.204    0    0    0    0    0    0    3    0     open  1500
S  0  4.953  5.005   5.059664    0.00      inf      inf      inf   68   11    0    0    0   21   51    0 disorder  1500
D  0  4.956  5.011   0.000000    0.00    1.335   10.606   24.448    0    0    0    0    0    0    3    0     open  1500
# ID  begin    end    through transac  min IAT  avg IAT  max IAT uack sack lost retr tret fack reor bkof ca state  pmtu
#       [s]    [s]   [Mbit/s]   [#/s]     [ms]     [ms]     [ms]  [#]  [#]  [#]  [#]  [#]  [#]  [#]  [#]            [B]
S  0  5.005  5.051   5.675516    0.00      inf      inf      inf   68    6    0    0    0   12   51    0 disorder  1500
D  0  5.011  5.057   0.000000    0.00    1.938   18.202   28.520    0    0    0    0    0    0    3    0     open  1500
S  0  5.051  5.102   3.855440    0.00      inf      inf      inf   68    8    0    0    0   15   51    0 disorder  1500
D  0  5.057  5.107   0.000000    0.00   12.736   18.414   22.732    0    0    0    0    0    0    3    0     open  1500
S  0  5.102  5.156   3.629683    0.00      inf      inf      inf   68    9    0    0    0   19   51    0 disorder  1500
D  0  5.107  5.159   0.000000    0.00    1.556    9.048   14.062    0    0    0    0    0    0    3    0     open  1500
D  0  5.159  5.202   0.000000    0.00    1.810   17.124   28.623    0    0    0    0    0    0    3    0     open  1500
S  0  5.156  5.209   4.901480    0.00      inf      inf      inf   68   11    0    0    0   22   51    0 disorder  1500
D  0  5.202  5.259   0.000000    0.00    8.915   14.964   22.358    0    0    0    0    0    0    3    0     open  1500
S  0  5.209  5.253   4.532680    0.00      inf      inf      inf   68   10    0    0    0   17   51    0 disorder  1500
S  0  5.253  5.308   4.781916    0.00      inf      inf      inf   68    9    0    0    0   18   51    0 disorder  1500
D  0  5.259  5.312   0.000000    0.00    8.096   14.816   23.755    0    0    0    0    0    0    3    0     open  1500
S  0  5.308  5.352   4.453401    0.00      inf      inf      inf   68    9    0    0    0   19   51    0 disorder  1500
D  0  5.312  5.357   0.000000    0.00    1.126   13.780   25.238    0    0    0    0    0    0    3    0     open  1500
D  0  5.357  5.400   0.000000    0.00    9.964   17.460   24.004    0    0    0    0    0    0    3    0     open  1500
S  0  5.352  5.407   4.792987    0.00      inf      inf      inf   68    9    0    0    0   19   51    0 disorder  1500
D  0  5.400  5.450   0.000000    0.00    1.341   14.333   22.512    0    0    0    0    0    0    3    0     open  1500
S  0  5.407  5.452   2.874881    0.00      inf      inf      inf   68    9    0    0    0   17   51    0 disorder  1500
S  0  5.452  5.501   5.309697    0.00      inf      inf      inf   68   11    0    0    0   22   51    0 disorder  1500
D  0  5.450  5.507   0.000000    0.00    9.046   10.480   12.342    0    0    0    0    0    0    3    0     open  1500
D  0  5.507  5.550   0.000000    0.00    7.808   14.910   26.316    0    0    0    0    0    0    3    0     open  1500
S  0  5.501  5.556   5.969797    0.00      inf      inf      inf   68   10    0    0    0   20   51    0 disorder  1500
D  0  5.550  5.605   0.000000    0.00    1.908   17.321   34.849    0    0    0    0    0    0    3    0     open  1500
S  0  5.556  5.605   4.052026    0.00      inf      inf      inf   68    9    0    0    0   17   51    0 disorder  1500
S  0  5.605  5.650   2.903777    0.00      inf      inf      inf   68   12    0    0    0   23   51    0 disorder  1500
# ID  begin    end    through transac  min IAT  avg IAT  max IAT uack sack lost retr tret fack reor bkof ca state  pmtu
#       [s]    [s]   [Mbit/s]   [#/s]     [ms]     [ms]     [ms]  [#]  [#]  [#]  [#]  [#]  [#]  [#]  [#]            [B]
D  0  5.605  5.656   0.000000    0.00    1.937   13.122   29.398    0    0    0    0    0    0    3    0     open  1500
S  0  5.650  5.703   4.970615    0.00      inf      inf      inf   68   11    0    0    0   22   51    0 disorder  1500
D  0  5.656  5.711   0.000000    0.00    8.461   12.652   18.974    0    0    0    0    0    0    3    0     open  1500
S  0  5.703  5.750   5.534986    0.00      inf      inf      inf   68    6    0    0    0   10   51    0 disorder  1500
D  0  5.711  5.759   0.000000    0.00   16.993   16.993   16.993    0    0    0    0    0    0    3    0     open  1500
S  0  5.750  5.809   3.349373    0.00      inf      inf      inf   68   10    0    0    0   19   51    0 disorder  1500
D  0  5.759  5.806   0.000000    0.00    1.781   16.969   43.203    0    0    0    0    0    0    3    0     open  1500
S  0  5.809  5.854   5.865033    0.00      inf      inf      inf   68    8    0    0    0   17   51    0 disorder  1500
D  0  5.806  5.857   0.000000    0.00    5.047   11.996   22.603    0    0    0    0    0    0    3    0     open  1500
S  0  5.854  5.906   4.973289    0.00      inf      inf      inf   68   10    0    0    0   19   51    0 disorder  1500
D  0  5.857  5.907   0.000000    0.00    8.722   15.852   20.174    0    0    0    0    0    0    3    0     open  1500
D  0  5.907  5.950   0.000000    0.00    1.905   20.556   39.207    0    0    0    0    0    0    3    0     open  1500
S  0  5.906  5.960   4.920183    0.00      inf      inf      inf   68   11    0    0    0   21   51    0 disorder  1500
S  0  5.960  6.002   1.538855    0.00      inf      inf      inf   68    9    0    0    0   18   51    0 disorder  1500
D  0  5.950  6.007   0.000000    0.00    1.245   11.383   18.078    0    0    0    0    0    0    3    0     open  1500
S  0  6.002  6.056   4.850955    0.00      inf      inf      inf   68   14    0    0    0   27   51    0 disorder  1500
D  0  6.007  6.060   0.000000    0.00    3.227   13.268   29.740    0    0    0    0    0    0    3    0     open  1500
D  0  6.060  6.103   0.000000    0.00   15.804   15.804   15.804    0    0    0    0    0    0    3    0     open  1500
S  0  6.056  6.107   6.445631    0.00      inf      inf      inf   68    4    0    0    0    8   51    0 disorder  1500
D  0  6.103  6.151   0.000000    0.00    1.341   17.092   43.281    0    0    0    0    0    0    3    0     open  1500
S  0  6.107  6.153   2.857796    0.00      inf      inf      inf   68    8    0    0    0   17   51    0 disorder  1500
D  0  6.151  6.207   0.000000    0.00    1.189   13.509   26.588    0    0    0    0    0    0    3    0     open  1500
S  0  6.153  6.205   5.013478    0.00      inf      inf      inf   68    8    0    0    0   17   51    0 disorder  1500
S  0  6.205  6.256   5.113937    0.00      inf      inf      inf   68   11    0    0    0   21   51    0 disorder  1500
D  0  6.207  6.259   0.000000    0.00    8.415   10.838   12.235    0    0    0    0    0    0    3    0     open  1500
# ID  begin    end    through transac  min IAT  avg IAT  max IAT uack sack lost retr tret fack reor bkof ca state  pmtu
#       [s]    [s]   [Mbit/s]   [#/s]     [ms]     [ms]     [ms]  [#]  [#]  [#]  [#]  [#]  [#]  [#]  [#]            [B]
S  0  6.256  6.306   5.295770    0.00      inf      inf      inf   68    9    0    0    0   18   51    0 disorder  1500
D  0  6.259  6.307   0.000000    0.00    1.292   16.795   45.937    0    0    0    0    0    0    3    0     open  1500
D  0  6.307  6.352   0.000000    0.00   10.306   16.483   22.660    0    0    0    0    0    0    3    0     open  1500
S  0  6.306  6.358   3.807692    0.00      inf      inf      inf   68    7    0    0    0   16   51    0 disorder  1500
S  0  6.358  6.400   3.071972    0.00      inf      inf      inf   68   13    0    0    0   26   51    0 disorder  1500
D  0  6.352  6.411   0.000000    0.00    6.804   11.778   23.727    0    0    0    0    0    0    3    0     open  1500
D  0  6.411  6.451   0.000000    0.00   12.793   12.793   12.793    0    0    0    0    0    0    3    0     open  1500
S  0  6.400  6.453   6.211632    0.00      inf      inf      inf   68    2    0    0    0    4   51    0 disorder  1500
D  0  6.451  6.502   0.000000    0.00    8.681   19.567   40.076    0    0    0    0    0    0    3    0     open  1500
S  0  6.453  6.504   2.587306    0.00      inf      inf      inf   68   10    0    0    0   22   51    0 disorder  1500
D  0  6.502  6.551   0.000000    0.00    8.559   13.130   20.771    0    0    0    0    0    0    3    0     open  1500
S  0  6.504  6.550   5.614795    0.00      inf      inf      inf   68   10    0    0    0   20   51    0 disorder  1500
S  0  6.550  6.601   5.179117    0.00      inf      inf      inf   68    8    0    0    0   16   51    0 disorder  1500
D  0  6.551  6.611   0.000000    0.00    7.687   14.103   27.287    0    0    0    0    0    0    3    0     open  1500
D  0  6.611  6.650   0.000000    0.00   15.975   20.403   24.830    0    0    0    0    0    0    3    0     open  1500
S  0  6.601  6.655   4.809286    0.00      inf      inf      inf   68   10    0    0    0   20   51    0 disorder  1500
D  0  6.650  6.700   0.000000    0.00   10.517   13.259   16.133    0    0    0    0    0    0    3    0     open  1500
S  0  6.655  6.700   2.911593    0.00      inf      inf      inf   68    8    0    0    0   16   51    0 disorder  1500
S  0  6.700  6.754   4.928045    0.00      inf      inf      inf   68   12    0    0    0   25   51    0 disorder  1500
D  0  6.700  6.757   0.000000    0.00    7.025   11.042   15.294    0    0    0    0    0    0    3    0     open  1500
S  0  6.754  6.800   5.620917    0.00      inf      inf      inf   68    5    0    0    0   10   51    0 disorder  1500
D  0  6.757  6.810   0.000000    0.00   19.583   24.083   28.583    0    0    0    0    0    0    3    0     open  1500
D  0  6.810  6.852   0.000000    0.00    8.929   12.206   15.232    0    0    0    0    0    0    3    0     open  1500
S  0  6.800  6.856   3.548780    0.00      inf      inf      inf   68   12    0    0    0   23   51    0 disorder  1500
S  0  6.856  6.900   5.871777    0.00      inf      inf      inf   68   10    0    0    0   19   51    0 disorder  1500
# ID  begin    end    through transac  min IAT  avg IAT  max IAT uack sack lost retr tret fack reor bkof ca state  pmtu
#       [s]    [s]   [Mbit/s]   [#/s]     [ms]     [ms]     [ms]  [#]  [#]  [#]  [#]  [#]  [#]  [#]  [#]            [B]
D  0  6.852  6.911   0.000000    0.00    8.715   12.399   19.361    0    0    0    0    0    0    3    0     open  1500
D  0  6.911  6.951   0.000000    0.00    9.103   11.649   15.817    0    0    0    0    0    0    3    0     open  1500
S  0  6.900  6.950   3.949543    0.00      inf      inf      inf   68    8    0    0    0   14   51    0 disorder  1500
D  0  6.951  7.003   0.000000    0.00   10.754   21.830   42.573    0    0    0    0    0    0    3    0     open  1500
S  0  6.950  7.005   4.777613    0.00      inf      inf      inf   68   12    0    0    0   23   51    0 disorder  1500
D  0  7.003  7.056   0.000000    0.00    8.373   11.879   16.545    0    0    0    0    0    0    3    0     open  1500
D  0  7.056  7.103   0.000000    0.00    6.669   11.356   25.508    0    0    0    0    0    0    3    0     open  1500
S  0  7.005  7.057   3.761340    0.00      inf      inf      inf   68    6    0    0    0   12   51    0 disorder  1500
S  0  7.057  7.101   4.507496    0.00      inf      inf      inf   68   15    0    0    0   29   51    0 disorder  1500
D  0  7.103  7.151   0.000000    0.00   15.535   15.535   15.535    0    0    0    0    0    0    3    0     open  1500
S  0  7.101  7.151   6.504266    0.00      inf      inf      inf   68    3    0    0    0    7   51    0 disorder  1500
D  0  7.151  7.203   0.000000    0.00    1.116   17.120   47.990    0    0    0    0    0    0    3    0     open  1500
S  0  7.151  7.205   2.434220    0.00      inf      inf      inf   68    9    0    0    0   19   51    0 disorder  1500
D  0  7.203  7.252   0.000000    0.00    1.331   13.786   19.676    0    0    0    0    0    0    3    0     open  1500
S  0  7.205  7.257   5.070983    0.00      inf      inf      inf   68   10    0    0    0   20   51    0 disorder  1500
D  0  7.252  7.306   0.000000    0.00    7.991   10.921   14.991    0    0    0    0    0    0    3    0     open  1500
S  0  7.257  7.305   5.393369    0.00      inf      inf      inf   68    6    0    0    0   14   51    0 disorder  1500
S  0  7.305  7.360   3.594139    0.00      inf      inf      inf   68   10    0    0    0   21   51    0 disorder  1500
D  0  7.306  7.359   0.000000    0.00    8.783   17.863   41.833    0    0    0    0    0    0    3    0     open  1500
D  0  7.359  7.404   0.000000    0.00   12.415   16.094   19.643    0    0    0    0    0    0    3    0     open  1500
S  0  7.360  7.400   4.872023    0.00      inf      inf      inf   68    8    0    0    0   15   51    0 disorder  1500
D  0  7.404  7.454   0.000000    0.00    7.422   11.687   19.103    0    0    0    0    0    0    3    0     open  1500
S  0  7.400  7.455   4.801264    0.00      inf      inf      inf   68   13    0    0    0   26   51    0 disorder  1500
D  0  7.454  7.503   0.000000    0.00   10.511   17.461   25.879    0    0    0    0    0    0    3    0     open  1500
S  0  7.455  7.503   6.786178    0.00      inf      inf      inf   68    4    0    0    0    7   51    0 disorder  1500
# ID  begin    end    through transac  min IAT  avg IAT  max IAT uack sack lost retr tret fack reor bkof ca state  pmtu
#       [s]    [s]   [Mbit/s]   [#/s]     [ms]     [ms]     [ms]  [#]  [#]  [#]  [#]  [#]  [#]  [#]  [#]            [B]
D  0  7.503  7.552   0.000000    0.00    7.927   11.806   16.353    0    0    0    0    0    0    3    0     open  1500
S  0  7.503  7.558   2.381084    0.00      inf      inf      inf   68   12    0    0    0   22   51    0 disorder  1500
D  0  7.552  7.600   0.000000    0.00    9.248   15.152   20.657    0    0    0    0    0    0    3    0     open  1500
S  0  7.558  7.601   4.616383    0.00      inf      inf      inf   68   10    0    0    0   20   51    0 disorder  1500
D  0  7.600  7.650   0.000000    0.00    1.236   14.569   33.302    0    0    0    0    0    0    3    0     open  1500
S  0  7.601  7.659   5.615413    0.00      inf      inf      inf   68    7    0    0    0   14   51    0 disorder  1500
D  0  7.650  7.706   0.000000    0.00    8.528   15.233   21.818    0    0    0    0    0    0    3    0     open  1500
S  0  7.659  7.706   4.234630    0.00      inf      inf      inf   68   11    0    0    0   24   51    0 disorder  1500
S  0  7.706  7.758   3.792836    0.00      inf      inf      inf   68   10    0    0    0   20   51    0 disorder  1500
D  0  7.706  7.762   0.000000    0.00    7.571   13.048   18.125    0    0    0    0    0    0    3    0     open  1500
D  0  7.762  7.804   0.000000    0.00    6.092   11.553   16.215    0    0    0    0    0    0    3    0     open  1500
S  0  7.758  7.801   4.526732    0.00      inf      inf      inf   68   10    0    0    0   20   51    0 disorder  1500
S  0  7.801  7.853   6.282910    0.00      inf      inf      inf   68    4    0    0    0    8   51    0 disorder  1500
D  0  7.804  7.859   0.000000    0.00   14.778   26.118   37.459    0    0    0    0    0    0    3    0     open  1500
S  0  7.853  7.905   2.541501    0.00      inf      inf      inf   68   11    0    0    0   22   51    0 disorder  1500
D  0  7.859  7.908   0.000000    0.00    7.193   12.473   17.532    0    0    0    0    0    0    3    0     open  1500
D  0  7.908  7.952   0.000000    0.00    7.272   11.926   18.184    0    0    0    0    0    0    3    0     open  1500
S  0  7.905  7.955   5.249390    0.00      inf      inf      inf   68   11    0    0    0   22   51    0 disorder  1500
S  0  7.955  8.003   5.384712    0.00      inf      inf      inf   68    9    0    0    0   17   51    0 disorder  1500
D  0  7.952  8.011   0.000000    0.00    7.233   13.694   26.292    0    0    0    0    0    0    3    0     open  1500
S  0  8.003  8.059   4.682302    0.00      inf      inf      inf   68   11    0    0    0   22   51    0 disorder  1500
D  0  8.011  8.059   0.000000    0.00   12.692   24.616   36.539    0    0    0    0    0    0    3    0     open  1500
D  0  8.059  8.100   0.000000    0.00    8.471   12.989   23.226    0    0    0    0    0    0    3    0     open  1500
S  0  8.059  8.103   2.991251    0.00      inf      inf      inf   68   11    0    0    0   20   51    0 disorder  1500
D  0  8.100  8.163   0.000000    0.00    1.782    9.533   15.097    0    0    0    0    0    0    3    0     open  1500
# ID  begin    end    through transac  min IAT  avg IAT  max IAT uack sack lost retr tret fack reor bkof ca state  pmtu
#       [s]    [s]   [Mbit/s]   [#/s]     [ms]     [ms]     [ms]  [#]  [#]  [#]  [#]  [#]  [#]  [#]  [#]            [B]
S  0  8.103  8.160   4.638780    0.00      inf      inf      inf   68   13    0    0    0   27   51    0 disorder  1500
S  0  8.160  8.201   6.311823    0.00      inf      inf      inf   68    5    0    0    0    9   51    0 disorder  1500
D  0  8.163  8.208   0.000000    0.00   23.281   25.749   28.216    0    0    0    0    0    0    3    0     open  1500
D  0  8.208  8.250   0.000000    0.00    1.253   10.427   15.941    0    0    0    0    0    0    3    0     open  1500
S  0  8.201  8.252   2.602435    0.00      inf      inf      inf   68   12    0    0    0   23   51    0 disorder  1500
D  0  8.250  8.303   0.000000    0.00    1.224   15.842   31.254    0    0    0    0    0    0    3    0     open  1500
S  0  8.252  8.303   6.315725    0.00      inf      inf      inf   68    7    0    0    0   16   51    0 disorder  1500
S  0  8.303  8.355   3.823928    0.00      inf      inf      inf   68   10    0    0    0   18   51    0 disorder  1500
D  0  8.303  8.359   0.000000    0.00    3.899   13.877   19.130    0    0    0    0    0    0    3    0     open  1500
D  0  8.359  8.402   0.000000    0.00    1.803   18.189   34.576    0    0    0    0    0    0    3    0     open  1500
S  0  8.355  8.402   5.541393    0.00      inf      inf      inf   68    6    0    0    0   11   51    0 disorder  1500
D  0  8.402  8.452   0.000000    0.00    2.077   15.022   23.240    0    0    0    0    0    0    3    0     open  1500
S  0  8.402  8.453   2.557352    0.00      inf      inf      inf   68    9    0    0    0   19   51    0 disorder  1500
S  0  8.453  8.503   5.289523    0.00      inf      inf      inf   68   14    0    0    0   29   51    0 disorder  1500
D  0  8.452  8.511   0.000000    0.00    1.478   11.195   19.135    0    0    0    0    0    0    3    0     open  1500
D  0  8.511  8.551   0.000000    0.00   15.727   15.727   15.727    0    0    0    0    0    0    3    0     open  1500
S  0  8.503  8.556   6.144607    0.00      inf      inf      inf   68    3    0    0    0    7   51    0 disorder  1500
S  0  8.556  8.601   1.456805    0.00      inf      inf      inf   68   10    0    0    0   22   51    0 disorder  1500
D  0  8.551  8.611   0.000000    0.00    4.566   15.180   42.683    0    0    0    0    0    0    3    0     open  1500
D  0  8.611  8.655   0.000000    0.00    6.881   14.986   24.196    0    0    0    0    0    0    3    0     open  1500
S  0  8.601  8.660   5.611504    0.00      inf      inf      inf   68   10    0    0    0   22   51    0 disorder  1500
S  0  8.660  8.700   4.854439    0.00      inf      inf      inf   68   10    0    0    0   20   51    0 disorder  1500
D  0  8.655  8.711   0.000000    0.00    8.114   10.679   14.352    0    0    0    0    0    0    3    0     open  1500
D  0  8.711  8.750   0.000000    0.00    1.817   22.796   43.775    0    0    0    0    0    0    3    0     open  1500
S  0  8.700  8.755   4.762476    0.00      inf      inf      inf   68    8    0    0    0   16   51    0 disorder  1500
# ID  begin    end    through transac  min IAT  avg IAT  max IAT uack sack lost retr tret fack reor bkof ca state  pmtu
#       [s]    [s]   [Mbit/s]   [#/s]     [ms]     [ms]     [ms]  [#]  [#]  [#]  [#]  [#]  [#]  [#]  [#]            [B]
S  0  8.755  8.803   4.085220    0.00      inf      inf      inf   68    7    0    0    0   13   51    0 disorder  1500
D  0  8.750  8.807   0.000000    0.00    1.547   13.530   25.068    0    0    0    0    0    0    3    0     open  1500
S  0  8.803  8.857   3.638884    0.00      inf      inf      inf   68   12    0    0    0   24   51    0 disorder  1500
D  0  8.807  8.859   0.000000    0.00    6.577   12.824   27.824    0    0    0    0    0    0    3    0     open  1500
D  0  8.859  8.900   0.000000    0.00    9.309   18.660   30.054    0    0    0    0    0    0    3    0     open  1500
S  0  8.857  8.905   8.292304    0.00      inf      inf      inf   68    3    0    0    0    6   51    0 disorder  1500
S  0  8.905  8.951   1.406352    0.00      inf      inf      inf   68   12    0    0    0   25   51    0 disorder  1500
D  0  8.900  8.958   0.000000    0.00    7.348   12.146   19.124    0    0    0    0    0    0    3    0     open  1500
D  0  8.958  9.002   0.000000    0.00    8.430   15.023   21.744    0    0    0    0    0    0    3    0     open  1500
S  0  8.951  9.005   4.912649    0.00      inf      inf      inf   68    8    0    0    0   16   51    0 disorder  1500
S  0  9.005  9.054   5.308525    0.00      inf      inf      inf   68    6    0    0    0   12   51    0 disorder  1500
D  0  9.002  9.059   0.000000    0.00    1.846    6.946   11.514    0    0    0    0    0    0    3    0     open  1500
S  0  9.054  9.109   3.570163    0.00      inf      inf      inf   68    8    0    0    0   17   51    0 disorder  1500
D  0  9.059  9.109   0.000000    0.00    7.969   19.637   47.107    0    0    0    0    0    0    3    0     open  1500
D  0  9.109  9.155   0.000000    0.00   13.627   17.852   24.443    0    0    0    0    0    0    3    0     open  1500
S  0  9.109  9.157   5.462099    0.00      inf      inf      inf   68    9    0    0    0   18   51    0 disorder  1500
S  0  9.157  9.202   4.379464    0.00      inf      inf      inf   68   13    0    0    0   27   51    0 disorder  1500
D  0  9.155  9.214   0.000000    0.00    1.245    8.765   15.344    0    0    0    0    0    0    3    0     open  1500
D  0  9.214  9.250   0.000000    0.00   41.954   41.954   41.954    0    0    0    0    0    0    3    0     open  1500
S  0  9.202  9.254   6.302185    0.00      inf      inf      inf   68    2    0    0    0    6   51    0 disorder  1500
D  0  9.250  9.302   0.000000    0.00    6.638   11.971   16.284    0    0    0    0    0    0    3    0     open  1500
S  0  9.254  9.304   1.313658    0.00      inf      inf      inf   68   12    0    0    0   24   51    0 disorder  1500
D  0  9.302  9.351   0.000000    0.00    1.235   12.953   28.933    0    0    0    0    0    0    3    0     open  1500
S  0  9.304  9.355   6.443878    0.00      inf      inf      inf   68    8    0    0    0   15   51    0 disorder  1500
S  0  9.355  9.401   4.220636    0.00      inf      inf      inf   68    6    0    0    0   12   51    0 disorder  1500
# ID  begin    end    through transac  min IAT  avg IAT  max IAT uack sack lost retr tret fack reor bkof ca state  pmtu
#       [s]    [s]   [Mbit/s]   [#/s]     [ms]     [ms]     [ms]  [#]  [#]  [#]  [#]  [#]  [#]  [#]  [#]            [B]
D  0  9.351  9.410   0.000000    0.00    1.779   11.973   17.590    0    0    0    0    0    0    3    0     open  1500
D  0  9.410  9.455   0.000000    0.00    2.410   17.557   40.742    0    0    0    0    0    0    3    0     open  1500
S  0  9.401  9.458   4.649675    0.00      inf      inf      inf   68   12    0    0    0   25   51    0 disorder  1500
D  0  9.455  9.501   0.000000    0.00    0.396   14.452   23.446    0    0    0    0    0    0    3    0     open  1500
S  0  9.458  9.501   4.601540    0.00      inf      inf      inf   68   11    0    0    0   21   51    0 disorder  1500
D  0  9.501  9.559   0.000000    0.00    1.942   12.422   20.210    0    0    0    0    0    0    3    0     open  1500
D  0  9.559  9.602   0.000000    0.00   15.700   24.834   33.967    0    0    0    0    0    0    3    0     open  1500
S  0  9.501  9.560   4.405608    0.00      inf      inf      inf   68   10    0    0    0   21   51    0 disorder  1500
S  0  9.560  9.604   6.010042    0.00      inf      inf      inf   68    5    0    0    0   11   51    0 disorder  1500
D  0  9.602  9.654   0.000000    0.00    1.874    8.669   14.831    0    0    0    0    0    0    3    0     open  1500
S  0  9.604  9.654   2.582471    0.00      inf      inf      inf   68   10    0    0    0   20   51    0 disorder  1500
D  0  9.654  9.700   0.000000    0.00    1.546   14.061   24.764    0    0    0    0    0    0    3    0     open  1500
S  0  9.654  9.709   6.006874    0.00      inf      inf      inf   68    9    0    0    0   20   51    0 disorder  1500
D  0  9.700  9.752   0.000000    0.00   15.759   16.432   17.106    0    0    0    0    0    0    3    0     open  1500
S  0  9.709  9.760   5.142742    0.00      inf      inf      inf   68    7    0    0    0   14   51    0 disorder  1500
D  0  9.752  9.808   0.000000    0.00    3.395   19.621   35.848    0    0    0    0    0    0    3    0     open  1500
S  0  9.760  9.810   2.618404    0.00      inf      inf      inf   68    9    0    0    0   18   51    0 disorder  1500
S  0  9.810  9.851   1.602554    0.00      inf      inf      inf   68    9    0    0    0   20   51    0 disorder  1500
D  0  9.808  9.859   0.000000    0.00    1.818   14.855   48.413    0    0    0    0    0    0    3    0     open  1500
S  0  9.851  9.908   1.149485    0.00      inf      inf      inf   68    8    0    0    0   18   51    0 disorder  1500
D  0  9.859  9.911   0.000000    0.00   13.730   13.730   13.730    0    0    0    0    0    0    3    0     open  1500
D  0  9.911  9.950   0.000000    0.00   82.148   82.148   82.148    0    0    0    0    0    0    3    0     open  1500
S  0  9.908  9.954   5.730880    0.00      inf      inf      inf   68    2    0    0    0    4   51    0 disorder  1500
# ID  begin     end    through transac  min IAT  avg IAT  max IAT uack sack lost retr tret fack reor bkof ca state  pmtu
#       [s]     [s]   [Mbit/s]   [#/s]     [ms]     [ms]     [ms]  [#]  [#]  [#]  [#]  [#]  [#]  [#]  [#]            [B]
S  0  9.954  10.005   2.558715    0.00      inf      inf      inf   68    1    0    0    0    3   51    0 disorder  1500
D  0  9.950  10.011   0.000000    0.00    3.322   13.767   29.627    0    0    0    0    0    0    3    0     open  1500

#   0 S: localhost (Linux 3.14.0-89-mptcp), random seed: 1030505362, sbuf = 16384/0, rbuf = 87380/0 (real/req), SMSS = 1448, Path MTU = 1500, Interface MTU = 1500 (Ethernet/PPP), flow duration = 10.005s/10.000s (real/req), through = 4.198802/0.000000Mbit/s (out/in), request blocks = 641/0 (out/in)
#   0 D: 10.9.9.7/10.88.88.1 (Linux 3.2.7), random seed: 1030505362, sbuf = 16384/0, rbuf = 87380/0 (real/req), SMSS = 1448, Path MTU = 1500, Interface MTU = 1500 (Ethernet/PPP), through = 0.000000/4.115871Mbit/s (out/in), request blocks = 0/628 (out/in), IAT = 0.396/15.486/122.053 (min/avg/max), DLY = 0.954/27.007/289.436 (min/avg/max)
