# Mon Dec  8 06:01:37 2014: controlling host = lohengrin, number of flows = 1, reporting interval = 0.05s, [through] = 10**6 bit/second (0.7.5)
# ID           begin             end   through transac min IAT avg IAT max IAT uack sack lost retr tret fack reor bkof ca state  pmtu
#                [s]             [s]  [Mbit/s]   [#/s]    [ms]    [ms]    [ms]  [#]  [#]  [#]  [#]  [#]  [#]  [#]  [#]            [B]
D  1  1418014875.562  1418014875.610  0.000000    0.00   1.292   9.086  16.948    0    0    0    0    0    0   28    0     open  1500
D  1  1418014875.610  1418014875.666  0.000000    0.00   7.349  14.218  30.699    0    0    0    0    0    0   28    0     open  1500
D  1  1418014875.666  1418014875.713  0.000000    0.00  41.212  41.212  41.212    0    0    0    0    0    0   28    0     open  1500
D  1  1418014875.713  1418014875.765  0.000000    0.00   1.973  11.227  17.403    0    0    0    0    0    0   28    0     open  1500
D  1  1418014875.765  1418014875.815  0.000000    0.00   7.510  10.992  12.864    0    0    0    0    0    0   28    0     open  1500
D  1  1418014875.815  1418014875.867  0.000000    0.00  15.915  22.826  29.736    0    0    0    0    0    0   28    0     open  1500
D  1  1418014875.867  1418014875.916  0.000000    0.00  12.490  20.928  27.902    0    0    0    0    0    0   28    0     open  1500
D  1  1418014875.916  1418014875.963  0.000000    0.00   1.811   9.926  15.841    0    0    0    0    0    0   28    0     open  1500
D  1  1418014875.963  1418014876.011  0.000000    0.00   6.872  14.527  28.631    0    0    0    0    0    0   28    0     open  1500
D  1  1418014876.011  1418014876.071  0.000000    0.00  10.102  17.762  24.530    0    0    0    0    0    0   28    0     open  1500
D  1  1418014876.071  1418014876.111  0.000000    0.00  14.662  19.713  24.765    0    0    0    0    0    0   28    0     open  1500
D  1  1418014876.111  1418014876.159  0.000000    0.00   1.277   9.362  18.089    0    0    0    0    0    0   28    0     open  1500
D  1  1418014876.159  1418014876.209  0.000000    0.00  19.053  25.516  31.979    0    0    0    0    0    0   28    0     open  1500
D  1  1418014876.209  1418014876.265  0.000000    0.00  10.247  17.842  22.855    0    0    0    0    0    0   28    0     open  1500
D  1  1418014876.265  1418014876.310  0.000000    0.00   1.235  11.919  27.943    0    0    0    0    0    0   28    0     open  1500
D  1  1418014876.310  1418014876.365  0.000000    0.00   1.515  12.724  20.569    0    0    0    0    0    0   28    0     open  1500
D  1  1418014876.365  1418014876.419  0.000000    0.00  13.806  17.173  19.457    0    0    0    0    0    0   28    0     open  1500
D  1  1418014876.419  1418014876.466  0.000000    0.00  12.761  19.312  25.864    0    0    0    0    0    0   28    0     open  1500
D  1  1418014876.466  1418014876.513  0.000000    0.00   6.494  10.535  23.610    0    0    0    0    0    0   28    0     open  1500
D  1  1418014876.513  1418014876.575  0.000000    0.00  14.553  19.398  24.243    0    0    0    0    0    0   28    0     open  1500
D  1  1418014876.575  1418014876.613  0.000000    0.00   1.965  20.836  31.971    0    0    0    0    0    0   28    0     open  1500
D  1  1418014876.613  1418014876.668  0.000000    0.00   2.132  11.812  23.941    0    0    0    0    0    0   28    0     open  1500
D  1  1418014876.668  1418014876.717  0.000000    0.00   6.792   8.903  13.608    0    0    0    0    0    0   28    0     open  1500
D  1  1418014876.717  1418014876.771  0.000000    0.00   1.954  21.539  35.459    0    0    0    0    0    0   28    0     open  1500
D  1  1418014876.771  1418014876.814  0.000000    0.00   1.224  16.272  31.320    0    0    0    0    0    0   28    0     open  1500
# ID           begin             end   through transac min IAT avg IAT max IAT uack sack lost retr tret fack reor bkof ca state  pmtu
#                [s]             [s]  [Mbit/s]   [#/s]    [ms]    [ms]    [ms]  [#]  [#]  [#]  [#]  [#]  [#]  [#]  [#]            [B]
D  1  1418014876.814  1418014876.867  0.000000    0.00   2.043  11.762  28.044    0    0    0    0    0    0   28    0     open  1500
D  1  1418014876.867  1418014876.923  0.000000    0.00   9.008  17.334  25.661    0    0    0    0    0    0   28    0     open  1500
D  1  1418014876.923  1418014876.960  0.000000    0.00   1.278  19.109  36.939    0    0    0    0    0    0   28    0     open  1500
D  1  1418014876.960  1418014877.023  0.000000    0.00   1.246  15.215  35.618    0    0    0    0    0    0   28    0     open  1500
D  1  1418014877.023  1418014877.061  0.000000    0.00   6.700  10.035  17.237    0    0    0    0    0    0   28    0     open  1500
D  1  1418014877.061  1418014877.114  0.000000    0.00  24.724  29.229  33.733    0    0    0    0    0    0   28    0     open  1500
D  1  1418014877.114  1418014877.167  0.000000    0.00  15.913  17.650  19.388    0    0    0    0    0    0   28    0     open  1500
D  1  1418014877.167  1418014877.213  0.000000    0.00   1.817  11.184  25.987    0    0    0    0    0    0   28    0     open  1500
D  1  1418014877.213  1418014877.267  0.000000    0.00   1.198  14.014  24.260    0    0    0    0    0    0   28    0     open  1500
D  1  1418014877.267  1418014877.315  0.000000    0.00   7.205  17.846  28.793    0    0    0    0    0    0   28    0     open  1500
D  1  1418014877.315  1418014877.368  0.000000    0.00   1.251  12.941  30.955    0    0    0    0    0    0   28    0     open  1500
D  1  1418014877.368  1418014877.414  0.000000    0.00   6.561  10.468  18.273    0    0    0    0    0    0   28    0     open  1500
D  1  1418014877.414  1418014877.466  0.000000    0.00  12.635  22.670  30.864    0    0    0    0    0    0   28    0     open  1500
D  1  1418014877.466  1418014877.511  0.000000    0.00   9.276  12.664  16.053    0    0    0    0    0    0   28    0     open  1500
D  1  1418014877.511  1418014877.565  0.000000    0.00   1.142  12.667  28.222    0    0    0    0    0    0   28    0     open  1500
D  1  1418014877.565  1418014877.619  0.000000    0.00   7.906  14.429  19.042    0    0    0    0    0    0   28    0     open  1500
D  1  1418014877.619  1418014877.661  0.000000    0.00   9.419  17.815  29.936    0    0    0    0    0    0   28    0     open  1500
D  1  1418014877.661  1418014877.716  0.000000    0.00  22.341  23.808  25.275    0    0    0    0    0    0   28    0     open  1500
D  1  1418014877.716  1418014877.759  0.000000    0.00   1.905   9.367  13.723    0    0    0    0    0    0   28    0     open  1500
D  1  1418014877.759  1418014877.809  0.000000    0.00   9.991  17.827  30.094    0    0    0    0    0    0   28    0     open  1500
D  1  1418014877.809  1418014877.867  0.000000    0.00   7.928  16.133  25.833    0    0    0    0    0    0   28    0     open  1500
D  1  1418014877.867  1418014877.923  0.000000    0.00   1.868  13.183  25.820    0    0    0    0    0    0   28    0     open  1500
D  1  1418014877.923  1418014877.971  0.000000    0.00   2.279  13.344  20.298    0    0    0    0    0    0   28    0     open  1500
D  1  1418014877.971  1418014878.021  0.000000    0.00   1.247  15.548  32.423    0    0    0    0    0    0   28    0     open  1500
D  1  1418014878.021  1418014878.065  0.000000    0.00  15.256  21.480  27.705    0    0    0    0    0    0   28    0     open  1500
# ID           begin             end   through transac min IAT avg IAT max IAT uack sack lost retr tret fack reor bkof ca state  pmtu
#                [s]             [s]  [Mbit/s]   [#/s]    [ms]    [ms]    [ms]  [#]  [#]  [#]  [#]  [#]  [#]  [#]  [#]            [B]
D  1  1418014878.065  1418014878.115  0.000000    0.00   1.839  11.214  24.115    0    0    0    0    0    0   28    0     open  1500
D  1  1418014878.115  1418014878.165  0.000000    0.00   1.882  15.644  27.629    0    0    0    0    0    0   28    0     open  1500
D  1  1418014878.165  1418014878.210  0.000000    0.00  13.137  20.320  27.503    0    0    0    0    0    0   28    0     open  1500
D  1  1418014878.210  1418014878.265  0.000000    0.00   1.913  12.813  22.556    0    0    0    0    0    0   28    0     open  1500
D  1  1418014878.265  1418014878.319  0.000000    0.00   1.918  13.835  20.673    0    0    0    0    0    0   28    0     open  1500
D  1  1418014878.319  1418014878.362  0.000000    0.00   1.833  12.995  22.432    0    0    0    0    0    0   28    0     open  1500
D  1  1418014878.362  1418014878.409  0.000000    0.00  20.263  21.676  23.804    0    0    0    0    0    0   28    0     open  1500
D  1  1418014878.409  1418014878.469  0.000000    0.00   1.885  10.145  27.461    0    0    0    0    0    0   28    0     open  1500
D  1  1418014878.469  1418014878.511  0.000000    0.00  16.783  21.564  26.345    0    0    0    0    0    0   28    0     open  1500
D  1  1418014878.511  1418014878.570  0.000000    0.00   1.889  15.168  27.817    0    0    0    0    0    0   28    0     open  1500
D  1  1418014878.570  1418014878.611  0.000000    0.00   4.243  12.451  20.658    0    0    0    0    0    0   28    0     open  1500
D  1  1418014878.611  1418014878.667  0.000000    0.00   1.801  13.873  30.678    0    0    0    0    0    0   28    0     open  1500
D  1  1418014878.667  1418014878.723  0.000000    0.00   8.046  13.469  18.618    0    0    0    0    0    0   28    0     open  1500
D  1  1418014878.723  1418014878.759  0.000000    0.00  25.573  26.731  27.890    0    0    0    0    0    0   28    0     open  1500
D  1  1418014878.759  1418014878.809  0.000000    0.00   1.315   9.963  28.612    0    0    0    0    0    0   28    0     open  1500
D  1  1418014878.809  1418014878.875  0.000000    0.00  15.748  16.236  17.148    0    0    0    0    0    0   28    0     open  1500
D  1  1418014878.875  1418014878.909  0.000000    0.00   8.473  13.094  17.716    0    0    0    0    0    0   28    0     open  1500
D  1  1418014878.909  1418014878.963  0.000000    0.00   7.741  18.760  37.206    0    0    0    0    0    0   28    0     open  1500
D  1  1418014878.963  1418014879.013  0.000000    0.00   1.246  11.278  24.960    0    0    0    0    0    0   28    0     open  1500
D  1  1418014879.013  1418014879.063  0.000000    0.00  14.248  16.800  19.757    0    0    0    0    0    0   28    0     open  1500
D  1  1418014879.063  1418014879.114  0.000000    0.00   9.165  20.039  33.380    0    0    0    0    0    0   28    0     open  1500
D  1  1418014879.114  1418014879.163  0.000000    0.00   1.304  10.644  23.222    0    0    0    0    0    0   28    0     open  1500
D  1  1418014879.163  1418014879.213  0.000000    0.00   1.524  13.440  24.607    0    0    0    0    0    0   28    0     open  1500
D  1  1418014879.213  1418014879.267  0.000000    0.00  15.581  16.962  18.343    0    0    0    0    0    0   28    0     open  1500
D  1  1418014879.267  1418014879.311  0.000000    0.00   6.845  18.082  30.163    0    0    0    0    0    0   28    0     open  1500
# ID           begin             end   through transac min IAT avg IAT max IAT uack sack lost retr tret fack reor bkof ca state  pmtu
#                [s]             [s]  [Mbit/s]   [#/s]    [ms]    [ms]    [ms]  [#]  [#]  [#]  [#]  [#]  [#]  [#]  [#]            [B]
D  1  1418014879.311  1418014879.375  0.000000    0.00   1.322  10.775  25.465    0    0    0    0    0    0   28    0     open  1500
D  1  1418014879.375  1418014879.413  0.000000    0.00  18.828  21.047  23.266    0    0    0    0    0    0   28    0     open  1500
D  1  1418014879.413  1418014879.465  0.000000    0.00   2.058  15.323  31.338    0    0    0    0    0    0   28    0     open  1500
D  1  1418014879.465  1418014879.510  0.000000    0.00   1.276  16.034  28.350    0    0    0    0    0    0   28    0     open  1500
D  1  1418014879.510  1418014879.571  0.000000    0.00   2.207  11.967  15.321    0    0    0    0    0    0   28    0     open  1500
D  1  1418014879.571  1418014879.620  0.000000    0.00  14.612  18.923  23.235    0    0    0    0    0    0   28    0     open  1500
D  1  1418014879.620  1418014879.661  0.000000    0.00   0.199  13.340  26.901    0    0    0    0    0    0   28    0     open  1500
D  1  1418014879.661  1418014879.715  0.000000    0.00  14.251  26.440  38.629    0    0    0    0    0    0   28    0     open  1500
D  1  1418014879.715  1418014879.761  0.000000    0.00   7.988  26.890  45.793    0    0    0    0    0    0   28    0     open  1500
D  1  1418014879.761  1418014879.815  0.000000    0.00   8.042   8.042   8.042    0    0    0    0    0    0   28    0     open  1500
D  1  1418014879.815  1418014879.863  0.000000    0.00   1.255  19.309  61.062    0    0    0    0    0    0   28    0     open  1500
D  1  1418014879.863  1418014879.913  0.000000    0.00  67.160  67.160  67.160    0    0    0    0    0    0   28    0     open  1500
D  1  1418014879.913  1418014879.963  0.000000    0.00   1.228   6.151  11.954    0    0    0    0    0    0   28    0     open  1500
D  1  1418014879.963  1418014880.009  0.000000    0.00   9.483  24.937  40.391    0    0    0    0    0    0   28    0     open  1500
D  1  1418014880.009  1418014880.075  0.000000    0.00  11.315  11.356  11.397    0    0    0    0    0    0   28    0     open  1500
D  1  1418014880.075  1418014880.109  0.000000    0.00   2.373  21.919  71.937    0    0    0    0    0    0   28    0     open  1500
D  1  1418014880.109  1418014880.175  0.000000    0.00   1.842   1.842   1.842    0    0    0    0    0    0   28    0     open  1500
D  1  1418014880.175  1418014880.212  0.000000    0.00   1.325  23.514  75.677    0    0    0    0    0    0   28    0     open  1500
D  1  1418014880.212  1418014880.271  0.000000    0.00   2.951   5.688   7.627    0    0    0    0    0    0   28    0     open  1500
D  1  1418014880.271  1418014880.309  0.000000    0.00   1.857  40.895  79.932    0    0    0    0    0    0   28    0     open  1500
D  1  1418014880.309  1418014880.367  0.000000    0.00   1.232   5.396   8.777    0    0    0    0    0    0   28    0     open  1500
D  1  1418014880.367  1418014880.415  0.000000    0.00     inf     inf     inf    0    0    0    0    0    0   28    0     open  1500
D  1  1418014880.415  1418014880.475  0.000000    0.00   1.634  17.614  98.350    0    0    0    0    0    0   28    0     open  1500
D  1  1418014880.475  1418014880.515  0.000000    0.00   1.219  14.500  39.145    0    0    0    0    0    0   28    0     open  1500
D  1  1418014880.515  1418014880.571  0.000000    0.00     inf     inf     inf    0    0    0    0    0    0   28    0     open  1500
