# Mon Dec  8 05:59:00 2014: controlling host = lohengrin, number of flows = 1, reporting interval = 0.05s, [through] = 10**6 bit/second (0.7.5)
# ID           begin             end   through transac min IAT avg IAT max IAT uack sack lost retr tret fack reor bkof ca state  pmtu
#                [s]             [s]  [Mbit/s]   [#/s]    [ms]    [ms]    [ms]  [#]  [#]  [#]  [#]  [#]  [#]  [#]  [#]            [B]
D  1  1418013703.710  1418013703.762  0.000000    0.00  15.558  18.268  20.978    0    0    0    0    0    0   26    0     open  1500
D  1  1418013703.762  1418013703.812  0.000000    0.00   9.561  17.480  22.142    0    0    0    0    0    0   26    0     open  1500
D  1  1418013703.812  1418013703.863  0.000000    0.00  15.227  17.680  19.487    0    0    0    0    0    0   26    0     open  1500
D  1  1418013703.863  1418013703.911  0.000000    0.00   8.500  16.127  23.203    0    0    0    0    0    0   26    0     open  1500
D  1  1418013703.911  1418013703.959  0.000000    0.00   8.694  14.495  18.400    0    0    0    0    0    0   26    0     open  1500
D  1  1418013703.959  1418013704.009  0.000000    0.00  17.577  19.116  22.113    0    0    0    0    0    0   26    0     open  1500
D  1  1418013704.009  1418013704.059  0.000000    0.00  14.117  18.217  23.871    0    0    0    0    0    0   26    0     open  1500
D  1  1418013704.059  1418013704.109  0.000000    0.00   8.866  13.224  19.441    0    0    0    0    0    0   26    0     open  1500
D  1  1418013704.109  1418013704.161  0.000000    0.00   8.367  17.418  24.837    0    0    0    0    0    0   26    0     open  1500
D  1  1418013704.161  1418013704.214  0.000000    0.00   8.613  14.893  18.906    0    0    0    0    0    0   26    0     open  1500
D  1  1418013704.214  1418013704.263  0.000000    0.00   7.442  18.958  27.414    0    0    0    0    0    0   26    0     open  1500
D  1  1418013704.263  1418013704.309  0.000000    0.00   5.736  15.304  20.209    0    0    0    0    0    0   26    0     open  1500
D  1  1418013704.309  1418013704.359  0.000000    0.00   7.621  14.296  20.791    0    0    0    0    0    0   26    0     open  1500
D  1  1418013704.359  1418013704.414  0.000000    0.00   9.397  18.303  26.706    0    0    0    0    0    0   26    0     open  1500
D  1  1418013704.414  1418013704.464  0.000000    0.00   9.185  12.553  19.115    0    0    0    0    0    0   26    0     open  1500
D  1  1418013704.464  1418013704.509  0.000000    0.00   1.535  19.647  42.891    0    0    0    0    0    0   26    0     open  1500
D  1  1418013704.509  1418013704.561  0.000000    0.00   6.960  17.044  26.628    0    0    0    0    0    0   26    0     open  1500
D  1  1418013704.561  1418013704.616  0.000000    0.00   8.149  15.235  22.322    0    0    0    0    0    0   26    0     open  1500
D  1  1418013704.616  1418013704.660  0.000000    0.00   1.178  16.833  31.669    0    0    0    0    0    0   26    0     open  1500
D  1  1418013704.660  1418013704.713  0.000000    0.00   1.184  13.711  25.586    0    0    0    0    0    0   26    0     open  1500
D  1  1418013704.713  1418013704.758  0.000000    0.00   1.915  14.423  23.301    0    0    0    0    0    0   26    0     open  1500
D  1  1418013704.758  1418013704.812  0.000000    0.00  11.470  22.285  33.100    0    0    0    0    0    0   26    0     open  1500
D  1  1418013704.812  1418013704.865  0.000000    0.00   1.394  13.265  21.760    0    0    0    0    0    0   26    0     open  1500
D  1  1418013704.865  1418013704.916  0.000000    0.00   8.241  15.293  22.344    0    0    0    0    0    0   26    0     open  1500
D  1  1418013704.916  1418013704.963  0.000000    0.00   1.304  15.311  33.373    0    0    0    0    0    0   26    0     open  1500
# ID           begin             end   through transac min IAT avg IAT max IAT uack sack lost retr tret fack reor bkof ca state  pmtu
#                [s]             [s]  [Mbit/s]   [#/s]    [ms]    [ms]    [ms]  [#]  [#]  [#]  [#]  [#]  [#]  [#]  [#]            [B]
D  1  1418013704.963  1418013705.015  0.000000    0.00   1.272  13.585  22.571    0    0    0    0    0    0   26    0     open  1500
D  1  1418013705.015  1418013705.061  0.000000    0.00   1.279  15.458  32.873    0    0    0    0    0    0   26    0     open  1500
D  1  1418013705.061  1418013705.111  0.000000    0.00  11.470  22.090  32.709    0    0    0    0    0    0   26    0     open  1500
D  1  1418013705.111  1418013705.161  0.000000    0.00   1.980  10.191  16.400    0    0    0    0    0    0   26    0     open  1500
D  1  1418013705.161  1418013705.216  0.000000    0.00   1.929  14.452  26.585    0    0    0    0    0    0   26    0     open  1500
D  1  1418013705.216  1418013705.267  0.000000    0.00   1.826  15.119  30.918    0    0    0    0    0    0   26    0     open  1500
D  1  1418013705.267  1418013705.315  0.000000    0.00   1.224  15.175  30.075    0    0    0    0    0    0   26    0     open  1500
D  1  1418013705.315  1418013705.368  0.000000    0.00   1.308  13.480  22.341    0    0    0    0    0    0   26    0     open  1500
D  1  1418013705.368  1418013705.414  0.000000    0.00  10.218  17.905  26.532    0    0    0    0    0    0   26    0     open  1500
D  1  1418013705.414  1418013705.465  0.000000    0.00   7.469  15.986  30.806    0    0    0    0    0    0   26    0     open  1500
D  1  1418013705.465  1418013705.512  0.000000    0.00  10.547  11.757  13.674    0    0    0    0    0    0   26    0     open  1500
D  1  1418013705.512  1418013705.571  0.000000    0.00   1.938  12.426  23.163    0    0    0    0    0    0   26    0     open  1500
D  1  1418013705.571  1418013705.613  0.000000    0.00   2.068  14.362  31.227    0    0    0    0    0    0   26    0     open  1500
D  1  1418013705.613  1418013705.661  0.000000    0.00   1.320  17.089  30.947    0    0    0    0    0    0   26    0     open  1500
D  1  1418013705.661  1418013705.716  0.000000    0.00   1.449  13.374  22.274    0    0    0    0    0    0   26    0     open  1500
D  1  1418013705.716  1418013705.772  0.000000    0.00   7.641  12.847  22.430    0    0    0    0    0    0   26    0     open  1500
D  1  1418013705.772  1418013705.812  0.000000    0.00  23.887  23.887  23.887    0    0    0    0    0    0   26    0     open  1500
D  1  1418013705.812  1418013705.860  0.000000    0.00   1.307  13.210  33.183    0    0    0    0    0    0   26    0     open  1500
D  1  1418013705.860  1418013705.919  0.000000    0.00   1.287  13.444  21.708    0    0    0    0    0    0   26    0     open  1500
D  1  1418013705.919  1418013705.960  0.000000    0.00   7.583  13.721  19.860    0    0    0    0    0    0   26    0     open  1500
D  1  1418013705.960  1418013706.009  0.000000    0.00   1.251  19.755  39.007    0    0    0    0    0    0   26    0     open  1500
D  1  1418013706.009  1418013706.063  0.000000    0.00   8.761  12.704  22.489    0    0    0    0    0    0   26    0     open  1500
D  1  1418013706.063  1418013706.120  0.000000    0.00  11.273  13.766  17.543    0    0    0    0    0    0   26    0     open  1500
D  1  1418013706.120  1418013706.164  0.000000    0.00   7.839  21.938  36.037    0    0    0    0    0    0   26    0     open  1500
D  1  1418013706.164  1418013706.212  0.000000    0.00  32.708  32.708  32.708    0    0    0    0    0    0   26    0     open  1500
# ID           begin             end   through transac min IAT avg IAT max IAT uack sack lost retr tret fack reor bkof ca state  pmtu
#                [s]             [s]  [Mbit/s]   [#/s]    [ms]    [ms]    [ms]  [#]  [#]  [#]  [#]  [#]  [#]  [#]  [#]            [B]
D  1  1418013706.212  1418013706.260  0.000000    0.00   1.910  16.489  39.443    0    0    0    0    0    0   26    0     open  1500
D  1  1418013706.260  1418013706.312  0.000000    0.00     inf     inf     inf    0    0    0    0    0    0   26    0     open  1500
D  1  1418013706.312  1418013706.364  0.000000    0.00   1.421  19.643  81.121    0    0    0    0    0    0   26    0     open  1500
D  1  1418013706.364  1418013706.411  0.000000    0.00   1.814  19.040  36.285    0    0    0    0    0    0   26    0     open  1500
D  1  1418013706.411  1418013706.468  0.000000    0.00   1.762  10.151  22.018    0    0    0    0    0    0   26    0     open  1500
D  1  1418013706.468  1418013706.511  0.000000    0.00     inf     inf     inf    0    0    0    0    0    0   26    0     open  1500
D  1  1418013706.511  1418013706.564  0.000000    0.00   1.799  19.223  75.189    0    0    0    0    0    0   26    0     open  1500
D  1  1418013706.564  1418013706.609  0.000000    0.00     inf     inf     inf    0    0    0    0    0    0   26    0     open  1500
D  1  1418013706.609  1418013706.661  0.000000    0.00   1.255  18.348  77.097    0    0    0    0    0    0   26    0     open  1500
D  1  1418013706.661  1418013706.712  0.000000    0.00   1.286  12.879  24.894    0    0    0    0    0    0   26    0     open  1500
D  1  1418013706.712  1418013706.768  0.000000    0.00   6.766  23.236  39.706    0    0    0    0    0    0   26    0     open  1500
D  1  1418013706.768  1418013706.812  0.000000    0.00     inf     inf     inf    0    0    0    0    0    0   26    0     open  1500
D  1  1418013706.812  1418013706.859  0.000000    0.00   1.837  15.021  66.256    0    0    0    0    0    0   26    0     open  1500
D  1  1418013706.859  1418013706.920  0.000000    0.00   1.829   9.552  19.325    0    0    0    0    0    0   26    0     open  1500
D  1  1418013706.920  1418013706.964  0.000000    0.00  24.606  24.606  24.606    0    0    0    0    0    0   26    0     open  1500
D  1  1418013706.964  1418013707.009  0.000000    0.00   1.928  43.213  84.499    0    0    0    0    0    0   26    0     open  1500
D  1  1418013707.009  1418013707.059  0.000000    0.00   1.817   8.421  13.089    0    0    0    0    0    0   26    0     open  1500
D  1  1418013707.059  1418013707.114  0.000000    0.00   4.357   6.177   8.821    0    0    0    0    0    0   26    0     open  1500
D  1  1418013707.114  1418013707.160  0.000000    0.00     inf     inf     inf    0    0    0    0    0    0   26    0     open  1500
# ID           begin             end   through transac min IAT avg IAT  max IAT uack sack lost retr tret fack reor bkof ca state  pmtu
#                [s]             [s]  [Mbit/s]   [#/s]    [ms]    [ms]     [ms]  [#]  [#]  [#]  [#]  [#]  [#]  [#]  [#]            [B]
D  1  1418013707.160  1418013707.211  0.000000    0.00   1.824  29.662  100.980    0    0    0    0    0    0   26    0     open  1500
D  1  1418013707.211  1418013707.262  0.000000    0.00   1.835   8.011   18.022    0    0    0    0    0    0   26    0     open  1500
D  1  1418013707.262  1418013707.309  0.000000    0.00   1.861   7.102   12.343    0    0    0    0    0    0   26    0     open  1500
D  1  1418013707.309  1418013707.359  0.000000    0.00  45.325  45.325   45.325    0    0    0    0    0    0   26    0     open  1500
D  1  1418013707.359  1418013707.412  0.000000    0.00   1.918  17.635   49.816    0    0    0    0    0    0   26    0     open  1500
D  1  1418013707.412  1418013707.472  0.000000    0.00   1.805   9.609   25.897    0    0    0    0    0    0   26    0     open  1500
# ID           begin             end   through transac min IAT avg IAT  max IAT uack sack lost retr tret fack reor bkof ca state  pmtu
#                [s]             [s]  [Mbit/s]   [#/s]    [ms]    [ms]     [ms]  [#]  [#]  [#]  [#]  [#]  [#]  [#]  [#]            [B]
D  1  1418013707.472  1418013707.516  0.000000    0.00  26.717  26.717   26.717    0    0    0    0    0    0   26    0     open  1500
D  1  1418013707.516  1418013707.570  0.000000    0.00   8.116  25.405   53.214    0    0    0    0    0    0   26    0     open  1500
D  1  1418013707.570  1418013707.610  0.000000    0.00  13.803  16.810   19.816    0    0    0    0    0    0   26    0     open  1500
D  1  1418013707.610  1418013707.664  0.000000    0.00   1.225   8.826   20.468    0    0    0    0    0    0   26    0     open  1500
D  1  1418013707.664  1418013707.709  0.000000    0.00     inf     inf      inf    0    0    0    0    0    0   26    0     open  1500
D  1  1418013707.709  1418013707.764  0.000000    0.00   1.292  18.828   56.907    0    0    0    0    0    0   26    0     open  1500
D  1  1418013707.764  1418013707.813  0.000000    0.00   7.565  20.159   41.308    0    0    0    0    0    0   26    0     open  1500
D  1  1418013707.813  1418013707.864  0.000000    0.00   2.139   7.625   19.018    0    0    0    0    0    0   26    0     open  1500
D  1  1418013707.864  1418013707.909  0.000000    0.00   1.970  20.955   51.847    0    0    0    0    0    0   26    0     open  1500
D  1  1418013707.909  1418013707.965  0.000000    0.00   1.795  10.389   18.984    0    0    0    0    0    0   26    0     open  1500
D  1  1418013707.965  1418013708.012  0.000000    0.00   8.650  18.435   44.291    0    0    0    0    0    0   26    0     open  1500
D  1  1418013708.012  1418013708.064  0.000000    0.00   1.315   7.907   20.581    0    0    0    0    0    0   26    0     open  1500
D  1  1418013708.064  1418013708.112  0.000000    0.00   0.192  15.561   52.213    0    0    0    0    0    0   26    0     open  1500
D  1  1418013708.112  1418013708.163  0.000000    0.00  12.202  26.526   40.850    0    0    0    0    0    0   26    0     open  1500
D  1  1418013708.163  1418013708.216  0.000000    0.00   1.226  10.390   26.931    0    0    0    0    0    0   26    0     open  1500
D  1  1418013708.216  1418013708.272  0.000000    0.00   1.302  16.635   41.699    0    0    0    0    0    0   26    0     open  1500
D  1  1418013708.272  1418013708.310  0.000000    0.00   1.898  16.892   24.922    0    0    0    0    0    0   26    0     open  1500
D  1  1418013708.310  1418013708.364  0.000000    0.00   1.295  11.973   26.938    0    0    0    0    0    0   26    0     open  1500
D  1  1418013708.364  1418013708.410  0.000000    0.00   9.904  16.968   24.033    0    0    0    0    0    0   26    0     open  1500
D  1  1418013708.410  1418013708.459  0.000000    0.00  11.204  18.354   25.450    0    0    0    0    0    0   26    0     open  1500
D  1  1418013708.459  1418013708.514  0.000000    0.00   2.141  14.854   22.994    0    0    0    0    0    0   26    0     open  1500
D  1  1418013708.514  1418013708.562  0.000000    0.00   1.988  10.007   17.818    0    0    0    0    0    0   26    0     open  1500
D  1  1418013708.562  1418013708.617  0.000000    0.00   1.303  15.177   20.812    0    0    0    0    0    0   26    0     open  1500
D  1  1418013708.617  1418013708.665  0.000000    0.00  15.381  16.538   18.444    0    0    0    0    0    0   26    0     open  1500
D  1  1418013708.665  1418013708.713  0.000000    0.00   6.903  13.338   24.234    0    0    0    0    0    0   26    0     open  1500
# ID           begin             end   through transac min IAT avg IAT  max IAT uack sack lost retr tret fack reor bkof ca state  pmtu
#                [s]             [s]  [Mbit/s]   [#/s]    [ms]    [ms]     [ms]  [#]  [#]  [#]  [#]  [#]  [#]  [#]  [#]            [B]
D  1  1418013708.713  1418013708.764  0.000000    0.00   6.302  12.006   21.254    0    0    0    0    0    0   26    0     open  1500
D  1  1418013708.764  1418013708.809  0.000000    0.00   8.683  14.784   23.825    0    0    0    0    0    0   26    0     open  1500
D  1  1418013708.809  1418013708.864  0.000000    0.00   8.741  15.971   24.121    0    0    0    0    0    0   26    0     open  1500
D  1  1418013708.864  1418013708.915  0.000000    0.00   1.940  14.141   23.571    0    0    0    0    0    0   26    0     open  1500
D  1  1418013708.915  1418013708.968  0.000000    0.00   8.153  16.075   24.447    0    0    0    0    0    0   26    0     open  1500
D  1  1418013708.968  1418013709.016  0.000000    0.00  10.705  15.364   22.608    0    0    0    0    0    0   26    0     open  1500
D  1  1418013709.016  1418013709.068  0.000000    0.00   1.809  12.231   16.539    0    0    0    0    0    0   26    0     open  1500
D  1  1418013709.068  1418013709.110  0.000000    0.00  11.357  16.845   25.233    0    0    0    0    0    0   26    0     open  1500
D  1  1418013709.110  1418013709.168  0.000000    0.00   8.624  12.308   16.287    0    0    0    0    0    0   26    0     open  1500
D  1  1418013709.168  1418013709.224  0.000000    0.00  16.991  18.953   20.537    0    0    0    0    0    0   26    0     open  1500
D  1  1418013709.224  1418013709.260  0.000000    0.00   1.901  14.760   21.904    0    0    0    0    0    0   26    0     open  1500
D  1  1418013709.260  1418013709.309  0.000000    0.00   6.908  11.674   16.663    0    0    0    0    0    0   26    0     open  1500
D  1  1418013709.309  1418013709.364  0.000000    0.00   7.276  12.939   20.320    0    0    0    0    0    0   26    0     open  1500
D  1  1418013709.364  1418013709.415  0.000000    0.00   1.289  17.935   31.064    0    0    0    0    0    0   26    0     open  1500
D  1  1418013709.415  1418013709.460  0.000000    0.00   1.978  12.216   21.214    0    0    0    0    0    0   26    0     open  1500
D  1  1418013709.460  1418013709.512  0.000000    0.00  10.583  14.329   21.112    0    0    0    0    0    0   26    0     open  1500
D  1  1418013709.512  1418013709.572  0.000000    0.00   8.380  14.234   17.897    0    0    0    0    0    0   26    0     open  1500
D  1  1418013709.572  1418013709.614  0.000000    0.00   1.204  16.425   40.681    0    0    0    0    0    0   26    0     open  1500
D  1  1418013709.614  1418013709.660  0.000000    0.00   1.277  14.156   24.311    0    0    0    0    0    0   26    0     open  1500
D  1  1418013709.660  1418013709.711  0.000000    0.00   7.824  11.819   15.320    0    0    0    0    0    0   26    0     open  1500
D  1  1418013709.711  1418013709.766  0.000000    0.00   1.224  21.075   44.456    0    0    0    0    0    0   26    0     open  1500
D  1  1418013709.766  1418013709.809  0.000000    0.00   7.374  11.230   17.858    0    0    0    0    0    0   26    0     open  1500
D  1  1418013709.809  1418013709.859  0.000000    0.00   1.314  11.837   28.240    0    0    0    0    0    0   26    0     open  1500
D  1  1418013709.859  1418013709.912  0.000000    0.00  10.540  17.124   23.707    0    0    0    0    0    0   26    0     open  1500
D  1  1418013709.912  1418013709.959  0.000000    0.00   1.872  22.434   43.963    0    0    0    0    0    0   26    0     open  1500
# ID           begin             end   through transac min IAT avg IAT  max IAT uack sack lost retr tret fack reor bkof ca state  pmtu
#                [s]             [s]  [Mbit/s]   [#/s]    [ms]    [ms]     [ms]  [#]  [#]  [#]  [#]  [#]  [#]  [#]  [#]            [B]
D  1  1418013709.959  1418013710.010  0.000000    0.00   2.162   9.990   21.528    0    0    0    0    0    0   26    0     open  1500
D  1  1418013710.010  1418013710.064  0.000000    0.00   7.014  12.626   18.898    0    0    0    0    0    0   26    0     open  1500
D  1  1418013710.064  1418013710.120  0.000000    0.00  18.389  26.861   35.332    0    0    0    0    0    0   26    0     open  1500
D  1  1418013710.120  1418013710.172  0.000000    0.00  14.310  17.057   21.326    0    0    0    0    0    0   26    0     open  1500
D  1  1418013710.172  1418013710.220  0.000000    0.00  33.867  33.867   33.867    0    0    0    0    0    0   26    0     open  1500
D  1  1418013710.220  1418013710.258  0.000000    0.00  67.032  67.032   67.032    0    0    0    0    0    0   26    0     open  1500
D  1  1418013710.258  1418013710.316  0.000000    0.00   1.216   7.493   18.270    0    0    0    0    0    0   26    0     open  1500
D  1  1418013710.316  1418013710.365  0.000000    0.00  49.901  49.901   49.901    0    0    0    0    0    0   26    0     open  1500
D  1  1418013710.365  1418013710.412  0.000000    0.00   1.816   6.975   14.556    0    0    0    0    0    0   26    0     open  1500
D  1  1418013710.412  1418013710.460  0.000000    0.00     inf     inf      inf    0    0    0    0    0    0   26    0     open  1500
D  1  1418013710.460  1418013710.524  0.000000    0.00     inf     inf      inf    0    0    0    0    0    0   26    0     open  1500
D  1  1418013710.524  1418013710.564  0.000000    0.00     inf     inf      inf    0    0    0    0    0    0   26    0     open  1500
D  1  1418013710.564  1418013710.609  0.000000    0.00   1.827  45.700  195.771    0    0    0    0    0    0   26    0     open  1500
D  1  1418013710.609  1418013710.668  0.000000    0.00   1.157   1.925    2.518    0    0    0    0    0    0   26    0     open  1500
D  1  1418013710.668  1418013710.716  0.000000    0.00     inf     inf      inf    0    0    0    0    0    0   26    0     open  1500
D  1  1418013710.716  1418013710.759  0.000000    0.00     inf     inf      inf    0    0    0    0    0    0   26    0     open  1500
D  1  1418013710.759  1418013710.810  0.000000    0.00   1.211  30.060  138.052    0    0    0    0    0    0   26    0     open  1500
