# Mon Dec  8 06:01:13 2014: controlling host = lohengrin, number of flows = 1, reporting interval = 0.05s, [through] = 10**6 bit/second (0.7.5)
# ID           begin             end   through transac min IAT avg IAT max IAT uack sack lost retr tret fack reor bkof ca state  pmtu
#                [s]             [s]  [Mbit/s]   [#/s]    [ms]    [ms]    [ms]  [#]  [#]  [#]  [#]  [#]  [#]  [#]  [#]            [B]
D  1  1418014836.679  1418014836.718  0.000000    0.00  19.530  24.810  30.090    0    0    0    0    0    0   28    0     open  1500
D  1  1418014836.718  1418014836.775  0.000000    0.00   7.505  13.891  22.912    0    0    0    0    0    0   28    0     open  1500
D  1  1418014836.775  1418014836.819  0.000000    0.00  16.277  18.806  21.335    0    0    0    0    0    0   28    0     open  1500
D  1  1418014836.819  1418014836.872  0.000000    0.00   9.392  14.224  17.573    0    0    0    0    0    0   28    0     open  1500
D  1  1418014836.872  1418014836.924  0.000000    0.00   1.318  17.142  37.549    0    0    0    0    0    0   28    0     open  1500
D  1  1418014836.924  1418014836.973  0.000000    0.00   8.332  18.408  29.939    0    0    0    0    0    0   28    0     open  1500
D  1  1418014836.973  1418014837.019  0.000000    0.00  12.090  19.567  26.416    0    0    0    0    0    0   28    0     open  1500
D  1  1418014837.019  1418014837.071  0.000000    0.00   8.034  14.658  27.202    0    0    0    0    0    0   28    0     open  1500
D  1  1418014837.071  1418014837.119  0.000000    0.00   6.293  14.823  20.851    0    0    0    0    0    0   28    0     open  1500
D  1  1418014837.119  1418014837.167  0.000000    0.00   9.227  16.251  26.956    0    0    0    0    0    0   28    0     open  1500
D  1  1418014837.167  1418014837.223  0.000000    0.00  10.677  20.743  27.795    0    0    0    0    0    0   28    0     open  1500
D  1  1418014837.223  1418014837.273  0.000000    0.00   1.248  13.318  23.259    0    0    0    0    0    0   28    0     open  1500
D  1  1418014837.273  1418014837.331  0.000000    0.00   7.438  17.027  35.274    0    0    0    0    0    0   28    0     open  1500
D  1  1418014837.331  1418014837.376  0.000000    0.00  19.086  22.069  25.052    0    0    0    0    0    0   28    0     open  1500
D  1  1418014837.376  1418014837.420  0.000000    0.00   6.549  15.781  22.518    0    0    0    0    0    0   28    0     open  1500
D  1  1418014837.420  1418014837.471  0.000000    0.00   8.648  14.101  16.872    0    0    0    0    0    0   28    0     open  1500
D  1  1418014837.471  1418014837.528  0.000000    0.00   8.187  15.774  22.029    0    0    0    0    0    0   28    0     open  1500
D  1  1418014837.528  1418014837.571  0.000000    0.00  15.528  17.317  20.053    0    0    0    0    0    0   28    0     open  1500
D  1  1418014837.571  1418014837.623  0.000000    0.00   2.481  12.669  19.275    0    0    0    0    0    0   28    0     open  1500
D  1  1418014837.623  1418014837.671  0.000000    0.00   8.145  15.955  29.751    0    0    0    0    0    0   28    0     open  1500
D  1  1418014837.671  1418014837.727  0.000000    0.00   7.596  20.313  31.515    0    0    0    0    0    0   28    0     open  1500
D  1  1418014837.727  1418014837.776  0.000000    0.00   7.591  12.315  17.575    0    0    0    0    0    0   28    0     open  1500
D  1  1418014837.776  1418014837.824  0.000000    0.00   8.302  16.262  31.841    0    0    0    0    0    0   28    0     open  1500
D  1  1418014837.824  1418014837.868  0.000000    0.00   1.260  17.074  33.964    0    0    0    0    0    0   28    0     open  1500
D  1  1418014837.868  1418014837.920  0.000000    0.00  13.492  14.819  15.504    0    0    0    0    0    0   28    0     open  1500
# ID           begin             end   through transac min IAT avg IAT max IAT uack sack lost retr tret fack reor bkof ca state  pmtu
#                [s]             [s]  [Mbit/s]   [#/s]    [ms]    [ms]    [ms]  [#]  [#]  [#]  [#]  [#]  [#]  [#]  [#]            [B]
D  1  1418014837.920  1418014837.967  0.000000    0.00   1.247  14.762  23.730    0    0    0    0    0    0   28    0     open  1500
D  1  1418014837.967  1418014838.023  0.000000    0.00   0.664  12.474  34.263    0    0    0    0    0    0   28    0     open  1500
D  1  1418014838.023  1418014838.075  0.000000    0.00   1.913  20.995  49.827    0    0    0    0    0    0   28    0     open  1500
D  1  1418014838.075  1418014838.120  0.000000    0.00   1.199  18.354  28.217    0    0    0    0    0    0   28    0     open  1500
D  1  1418014838.120  1418014838.171  0.000000    0.00   1.989  13.995  19.769    0    0    0    0    0    0   28    0     open  1500
D  1  1418014838.171  1418014838.223  0.000000    0.00   1.826  16.288  35.417    0    0    0    0    0    0   28    0     open  1500
D  1  1418014838.223  1418014838.276  0.000000    0.00  12.062  13.386  13.865    0    0    0    0    0    0   28    0     open  1500
D  1  1418014838.276  1418014838.332  0.000000    0.00  11.427  14.940  17.450    0    0    0    0    0    0   28    0     open  1500
D  1  1418014838.332  1418014838.380  0.000000    0.00   1.835  13.598  30.337    0    0    0    0    0    0   28    0     open  1500
D  1  1418014838.380  1418014838.421  0.000000    0.00   2.018  16.112  34.700    0    0    0    0    0    0   28    0     open  1500
D  1  1418014838.421  1418014838.468  0.000000    0.00   8.805  14.621  18.434    0    0    0    0    0    0   28    0     open  1500
D  1  1418014838.468  1418014838.522  0.000000    0.00   2.507   8.409  11.701    0    0    0    0    0    0   28    0     open  1500
D  1  1418014838.522  1418014838.572  0.000000    0.00   1.181  19.250  39.835    0    0    0    0    0    0   28    0     open  1500
D  1  1418014838.572  1418014838.624  0.000000    0.00   2.381  13.025  20.931    0    0    0    0    0    0   28    0     open  1500
D  1  1418014838.624  1418014838.676  0.000000    0.00   1.913  12.727  32.493    0    0    0    0    0    0   28    0     open  1500
D  1  1418014838.676  1418014838.718  0.000000    0.00   1.972  19.590  37.209    0    0    0    0    0    0   28    0     open  1500
D  1  1418014838.718  1418014838.780  0.000000    0.00   2.292  12.994  19.751    0    0    0    0    0    0   28    0     open  1500
D  1  1418014838.780  1418014838.831  0.000000    0.00   1.292  16.861  27.632    0    0    0    0    0    0   28    0     open  1500
D  1  1418014838.831  1418014838.868  0.000000    0.00   8.251  11.812  15.373    0    0    0    0    0    0   28    0     open  1500
D  1  1418014838.868  1418014838.928  0.000000    0.00   1.835  14.591  30.813    0    0    0    0    0    0   28    0     open  1500
D  1  1418014838.928  1418014838.971  0.000000    0.00   2.230  17.037  26.573    0    0    0    0    0    0   28    0     open  1500
D  1  1418014838.971  1418014839.021  0.000000    0.00   8.324  13.591  18.857    0    0    0    0    0    0   28    0     open  1500
D  1  1418014839.021  1418014839.074  0.000000    0.00   8.477  24.515  35.524    0    0    0    0    0    0   28    0     open  1500
D  1  1418014839.074  1418014839.119  0.000000    0.00   9.196   9.196   9.196    0    0    0    0    0    0   28    0     open  1500
D  1  1418014839.119  1418014839.176  0.000000    0.00   7.436  22.041  45.309    0    0    0    0    0    0   28    0     open  1500
# ID           begin             end   through transac min IAT avg IAT max IAT uack sack lost retr tret fack reor bkof ca state  pmtu
#                [s]             [s]  [Mbit/s]   [#/s]    [ms]    [ms]    [ms]  [#]  [#]  [#]  [#]  [#]  [#]  [#]  [#]            [B]
D  1  1418014839.176  1418014839.222  0.000000    0.00   6.851  24.636  55.718    0    0    0    0    0    0   28    0     open  1500
D  1  1418014839.222  1418014839.268  0.000000    0.00   1.788  15.535  37.232    0    0    0    0    0    0   28    0     open  1500
D  1  1418014839.268  1418014839.320  0.000000    0.00   3.038   8.462  13.363    0    0    0    0    0    0   28    0     open  1500
D  1  1418014839.320  1418014839.369  0.000000    0.00     inf     inf     inf    0    0    0    0    0    0   28    0     open  1500
D  1  1418014839.369  1418014839.425  0.000000    0.00   6.037  27.726  59.993    0    0    0    0    0    0   28    0     open  1500
D  1  1418014839.425  1418014839.467  0.000000    0.00   1.399  10.289  37.749    0    0    0    0    0    0   28    0     open  1500
D  1  1418014839.467  1418014839.531  0.000000    0.00     inf     inf     inf    0    0    0    0    0    0   28    0     open  1500
D  1  1418014839.531  1418014839.573  0.000000    0.00   8.803  30.201  63.806    0    0    0    0    0    0   28    0     open  1500
D  1  1418014839.573  1418014839.629  0.000000    0.00  20.522  20.522  20.522    0    0    0    0    0    0   28    0     open  1500
D  1  1418014839.629  1418014839.667  0.000000    0.00  14.716  40.912  67.109    0    0    0    0    0    0   28    0     open  1500
D  1  1418014839.667  1418014839.721  0.000000    0.00   1.224   6.224  13.337    0    0    0    0    0    0   28    0     open  1500
D  1  1418014839.721  1418014839.771  0.000000    0.00   1.378  22.640  57.736    0    0    0    0    0    0   28    0     open  1500
D  1  1418014839.771  1418014839.829  0.000000    0.00   7.519   8.303   9.087    0    0    0    0    0    0   28    0     open  1500
D  1  1418014839.829  1418014839.868  0.000000    0.00   1.899  15.244  50.042    0    0    0    0    0    0   28    0     open  1500
D  1  1418014839.868  1418014839.923  0.000000    0.00   1.885  10.301  18.716    0    0    0    0    0    0   28    0     open  1500
D  1  1418014839.923  1418014839.973  0.000000    0.00   1.921  15.423  44.433    0    0    0    0    0    0   28    0     open  1500
D  1  1418014839.973  1418014840.021  0.000000    0.00  48.706  48.706  48.706    0    0    0    0    0    0   28    0     open  1500
D  1  1418014840.021  1418014840.069  0.000000    0.00   1.222   8.901  18.739    0    0    0    0    0    0   28    0     open  1500
D  1  1418014840.069  1418014840.124  0.000000    0.00  11.864  19.535  28.016    0    0    0    0    0    0   28    0     open  1500
D  1  1418014840.124  1418014840.175  0.000000    0.00   1.459   8.696  15.934    0    0    0    0    0    0   28    0     open  1500
D  1  1418014840.175  1418014840.219  0.000000    0.00   1.893  19.723  52.611    0    0    0    0    0    0   28    0     open  1500
D  1  1418014840.219  1418014840.281  0.000000    0.00   2.015  10.394  16.934    0    0    0    0    0    0   28    0     open  1500
D  1  1418014840.281  1418014840.329  0.000000    0.00   9.117  15.951  27.835    0    0    0    0    0    0   28    0     open  1500
D  1  1418014840.329  1418014840.375  0.000000    0.00  46.644  46.644  46.644    0    0    0    0    0    0   28    0     open  1500
D  1  1418014840.375  1418014840.425  0.000000    0.00   1.398   9.362  16.798    0    0    0    0    0    0   28    0     open  1500
# ID           begin             end   through transac min IAT avg IAT max IAT uack sack lost retr tret fack reor bkof ca state  pmtu
#                [s]             [s]  [Mbit/s]   [#/s]    [ms]    [ms]    [ms]  [#]  [#]  [#]  [#]  [#]  [#]  [#]  [#]            [B]
D  1  1418014840.425  1418014840.468  0.000000    0.00  10.925  11.166  11.406    0    0    0    0    0    0   28    0     open  1500
D  1  1418014840.468  1418014840.521  0.000000    0.00   8.807  16.723  30.271    0    0    0    0    0    0   28    0     open  1500
D  1  1418014840.521  1418014840.567  0.000000    0.00   1.819  19.869  44.516    0    0    0    0    0    0   28    0     open  1500
D  1  1418014840.567  1418014840.620  0.000000    0.00   1.245   9.191  14.885    0    0    0    0    0    0   28    0     open  1500
D  1  1418014840.620  1418014840.677  0.000000    0.00   1.233  15.916  30.980    0    0    0    0    0    0   28    0     open  1500
D  1  1418014840.677  1418014840.732  0.000000    0.00  48.472  48.472  48.472    0    0    0    0    0    0   28    0     open  1500
D  1  1418014840.732  1418014840.772  0.000000    0.00   1.231  11.127  22.686    0    0    0    0    0    0   28    0     open  1500
D  1  1418014840.772  1418014840.821  0.000000    0.00   1.853   7.035  12.468    0    0    0    0    0    0   28    0     open  1500
D  1  1418014840.821  1418014840.877  0.000000    0.00   1.845  18.949  40.405    0    0    0    0    0    0   28    0     open  1500
D  1  1418014840.877  1418014840.925  0.000000    0.00     inf     inf     inf    0    0    0    0    0    0   28    0     open  1500
D  1  1418014840.925  1418014840.968  0.000000    0.00   1.725  20.389  84.775    0    0    0    0    0    0   28    0     open  1500
D  1  1418014840.968  1418014841.021  0.000000    0.00   3.059   7.698  12.337    0    0    0    0    0    0   28    0     open  1500
D  1  1418014841.021  1418014841.069  0.000000    0.00     inf     inf     inf    0    0    0    0    0    0   28    0     open  1500
# ID           begin             end   through transac  min IAT  avg IAT  max IAT uack sack lost retr tret fack reor bkof ca state  pmtu
#                [s]             [s]  [Mbit/s]   [#/s]     [ms]     [ms]     [ms]  [#]  [#]  [#]  [#]  [#]  [#]  [#]  [#]            [B]
D  1  1418014841.069  1418014841.129  0.000000    0.00  114.277  114.277  114.277    0    0    0    0    0    0   28    0     open  1500
D  1  1418014841.129  1418014841.172  0.000000    0.00      inf      inf      inf    0    0    0    0    0    0   28    0     open  1500
D  1  1418014841.172  1418014841.229  0.000000    0.00    9.657   43.310   76.962    0    0    0    0    0    0   28    0     open  1500
D  1  1418014841.229  1418014841.268  0.000000    0.00    1.236   14.948   61.385    0    0    0    0    0    0   28    0     open  1500
D  1  1418014841.268  1418014841.325  0.000000    0.00    2.342    7.556   11.548    0    0    0    0    0    0   28    0     open  1500
D  1  1418014841.325  1418014841.373  0.000000    0.00   61.744   61.744   61.744    0    0    0    0    0    0   28    0     open  1500
D  1  1418014841.373  1418014841.429  0.000000    0.00      inf      inf      inf    0    0    0    0    0    0   28    0     open  1500
D  1  1418014841.429  1418014841.473  0.000000    0.00      inf      inf      inf    0    0    0    0    0    0   28    0     open  1500
D  1  1418014841.473  1418014841.520  0.000000    0.00    1.821   51.969  117.524    0    0    0    0    0    0   28    0     open  1500
D  1  1418014841.520  1418014841.577  0.000000    0.00    1.223    5.920   17.178    0    0    0    0    0    0   28    0     open  1500
D  1  1418014841.577  1418014841.621  0.000000    0.00   31.768   31.768   31.768    0    0    0    0    0    0   28    0     open  1500
D  1  1418014841.621  1418014841.681  0.000000    0.00   53.967   53.967   53.967    0    0    0    0    0    0   28    0     open  1500
