# Mon Dec  8 06:42:26 2014: controlling host = lohengrin, number of flows = 1, reporting interval = 0.05s, [through] = 10**6 bit/second (0.7.5)
# ID  begin    end   through transac min IAT avg IAT max IAT uack sack lost retr tret fack reor bkof ca state pmtu
#       [s]    [s]  [Mbit/s]   [#/s]    [ms]    [ms]    [ms]  [#]  [#]  [#]  [#]  [#]  [#]  [#]  [#]           [B]
D  0  0.000  0.051  0.000000    0.00     inf     inf     inf    0    0    0    0    0    0    0    0     open    0
# ID  begin    end   through transac min IAT avg IAT max IAT uack sack lost retr tret fack reor bkof ca state  pmtu
#       [s]    [s]  [Mbit/s]   [#/s]    [ms]    [ms]    [ms]  [#]  [#]  [#]  [#]  [#]  [#]  [#]  [#]            [B]
S  0  0.000  0.051  0.000000    0.00     inf     inf     inf    1    0    0    0    0    0    3    0     open  1500
S  0  0.051  0.101  0.000000    0.00     inf     inf     inf    1    0    0    0    0    0    3    0     open  1500
D  0  0.051  0.111  0.000000    0.00     inf     inf     inf    0    0    0    0    0    0    0    0     open     0
S  0  0.101  0.150  1.337270    0.00     inf     inf     inf    6    0    0    0    0    0    3    0     open  1500
D  0  0.111  0.159  0.000000    0.00     inf     inf     inf    0    0    0    0    0    0    0    0     open     0
S  0  0.150  0.201  2.585687    0.00     inf     inf     inf   10    0    0    0    0    0    3    0     open  1500
D  0  0.159  0.207  0.000000    0.00     inf     inf     inf    0    0    0    0    0    0    0    0     open     0
S  0  0.201  0.252  0.000000    0.00     inf     inf     inf   10    0    0    0    0    0    3    0     open  1500
D  0  0.207  0.259  0.000000    0.00     inf     inf     inf    0    0    0    0    0    0    3    0     open  1500
S  0  0.252  0.302  0.000000    0.00     inf     inf     inf   10    4    3    4    0    8    3    0  recover  1500
D  0  0.259  0.311  0.000000    0.00     inf     inf     inf    0    0    0    0    0    0    3    0     open  1500
S  0  0.302  0.353  2.557014    0.00     inf     inf     inf   10    0    0    0    0    0   10    0     open  1500
D  0  0.311  0.359  0.000000    0.00     inf     inf     inf    0    0    0    0    0    0    3    0     open  1500
S  0  0.353  0.404  0.000000    0.00     inf     inf     inf   10    0    0    0    0    0   10    0     open  1500
D  0  0.359  0.407  0.000000    0.00     inf     inf     inf    0    0    0    0    0    0    3    0     open  1500
S  0  0.404  0.454  0.000000    0.00     inf     inf     inf   14    4    0    0    0    8   10    0 disorder  1500
# ID  begin    end   through transac min IAT avg IAT  max IAT uack sack lost retr tret fack reor bkof ca state  pmtu
#       [s]    [s]  [Mbit/s]   [#/s]    [ms]    [ms]     [ms]  [#]  [#]  [#]  [#]  [#]  [#]  [#]  [#]            [B]
D  0  0.407  0.459  0.000000    0.00   1.820  86.304  170.789    0    0    0    0    0    0    3    0     open  1500
S  0  0.454  0.506  3.831720    0.00     inf     inf      inf   20    0    0    0    0    0   10    0     open  1500
D  0  0.459  0.507  0.000000    0.00     inf     inf      inf    0    0    0    0    0    0    3    0     open  1500
D  0  0.507  0.551  0.000000    0.00     inf     inf      inf    0    0    0    0    0    0    3    0     open  1500
S  0  0.506  0.556  0.000000    0.00     inf     inf      inf   20    0    0    0    0    0   10    0     open  1500
# ID  begin    end   through transac  min IAT  avg IAT  max IAT uack sack lost retr tret fack reor bkof ca state  pmtu
#       [s]    [s]  [Mbit/s]   [#/s]     [ms]     [ms]     [ms]  [#]  [#]  [#]  [#]  [#]  [#]  [#]  [#]            [B]
D  0  0.551  0.607  0.000000    0.00  117.915  117.915  117.915    0    0    0    0    0    0    3    0     open  1500
S  0  0.556  0.607  0.000000    0.00      inf      inf      inf   22    1    0    0    0    2   10    0 disorder  1500
S  0  0.607  0.650  3.024728    0.00      inf      inf      inf   32    7    0    0    0   14   10    0 disorder  1500
# ID  begin    end   through transac  min IAT  avg IAT  max IAT uack sack lost retr tret fack reor bkof ca state  pmtu
#       [s]    [s]  [Mbit/s]   [#/s]     [ms]     [ms]     [ms]  [#]  [#]  [#]  [#]  [#]  [#]  [#]  [#]            [B]
D  0  0.607  0.655  0.000000    0.00    1.809   29.431   57.052    0    0    0    0    0    0    3    0     open  1500
S  0  0.650  0.702  6.308795    0.00      inf      inf      inf   40    0    0    0    0    0   14    0     open  1500
D  0  0.655  0.711  0.000000    0.00   63.879   63.879   63.879    0    0    0    0    0    0    3    0     open  1500
D  0  0.711  0.750  0.000000    0.00   12.944   29.103   45.262    0    0    0    0    0    0    3    0     open  1500
S  0  0.702  0.756  3.678906    0.00      inf      inf      inf   42    6    0    0    0   11   14    0 disorder  1500
D  0  0.750  0.805  0.000000    0.00    1.856   18.161   47.259    0    0    0    0    0    0    3    0     open  1500
S  0  0.756  0.807  3.842819    0.00      inf      inf      inf   44    3    0    0    0    6   14    0 disorder  1500
D  0  0.805  0.854  0.000000    0.00    5.285    6.179    7.074    0    0    0    0    0    0    3    0     open  1500
S  0  0.807  0.859  2.536067    0.00      inf      inf      inf   51    6    0    0    0   12   22    0 disorder  1500
S  0  0.859  0.903  2.976161    0.00      inf      inf      inf   49    3    0    0    0    6   22    0 disorder  1500
D  0  0.854  0.911  0.000000    0.00   61.053   61.053   61.053    0    0    0    0    0    0    3    0     open  1500
S  0  0.903  0.953  1.290110    0.00      inf      inf      inf   51    5    0    0    0   11   22    0 disorder  1500
D  0  0.911  0.955  0.000000    0.00   44.096   44.096   44.096    0    0    0    0    0    0    3    0     open  1500
S  0  0.953  1.002  1.340917    0.00      inf      inf      inf   52    6    0    0    0   12   22    0 disorder  1500
D  0  0.955  1.009  0.000000    0.00    1.359   16.578   58.678    0    0    0    0    0    0    3    0     open  1500
S  0  1.002  1.053  0.000000    0.00      inf      inf      inf   51    5    0    0    0   10   22    0 disorder  1500
D  0  1.009  1.054  0.000000    0.00   10.653   10.653   10.653    0    0    0    0    0    0    3    0     open  1500
S  0  1.053  1.103  6.570063    0.00      inf      inf      inf   47    1    0    0    0    2   35    0 disorder  1500
D  0  1.054  1.111  0.000000    0.00    3.807   37.816   71.825    0    0    0    0    0    0    3    0     open  1500
D  0  1.111  1.151  0.000000    0.00   45.890   45.890   45.890    0    0    0    0    0    0    3    0     open  1500
S  0  1.103  1.154  2.583509    0.00      inf      inf      inf   49    3    0    0    0    7   35    0 disorder  1500
D  0  1.151  1.208  0.000000    0.00   57.470   57.470   57.470    0    0    0    0    0    0    3    0     open  1500
S  0  1.154  1.204  2.617539    0.00      inf      inf      inf   49    3    0    0    0    6   35    0 disorder  1500
S  0  1.204  1.256  2.501516    0.00      inf      inf      inf   57   11    0    0    0   22   35    0 disorder  1500
D  0  1.208  1.255  0.000000    0.00    1.279    9.500   19.661    0    0    0    0    0    0    3    0     open  1500
# ID  begin    end   through transac  min IAT  avg IAT  max IAT uack sack lost retr tret fack reor bkof ca state  pmtu
#       [s]    [s]  [Mbit/s]   [#/s]     [ms]     [ms]     [ms]  [#]  [#]  [#]  [#]  [#]  [#]  [#]  [#]            [B]
D  0  1.255  1.300  0.000000    0.00   12.027   24.126   44.578    0    0    0    0    0    0    3    0     open  1500
S  0  1.256  1.308  5.086556    0.00      inf      inf      inf   52    6    0    0    0   12   35    0 disorder  1500
D  0  1.300  1.359  0.000000    0.00    1.842   15.706   32.159    0    0    0    0    0    0    3    0     open  1500
S  0  1.308  1.356  2.704804    0.00      inf      inf      inf   54    8    0    0    0   16   35    0 disorder  1500
S  0  1.356  1.407  3.883737    0.00      inf      inf      inf   56   10    0    0    0   20   35    0 disorder  1500
D  0  1.359  1.405  0.000000    0.00    8.809   17.169   33.679    0    0    0    0    0    0    3    0     open  1500
S  0  1.407  1.458  3.858727    0.00      inf      inf      inf   50    4    0    0    0    8   35    0 disorder  1500
D  0  1.405  1.453  0.000000    0.00    7.652    7.652    7.652    0    0    0    0    0    0    3    0     open  1500
S  0  1.458  1.500  1.541441    0.00      inf      inf      inf   55    8    0    0    0   16   35    0 disorder  1500
D  0  1.453  1.504  0.000000    0.00    1.136   25.299   54.669    0    0    0    0    0    0    3    0     open  1500
S  0  1.500  1.559  4.459251    0.00      inf      inf      inf   56    9    0    0    0   19   35    0 disorder  1500
D  0  1.504  1.558  0.000000    0.00    7.639   16.807   31.478    0    0    0    0    0    0    3    0     open  1500
D  0  1.558  1.604  0.000000    0.00    7.765   17.558   27.351    0    0    0    0    0    0    3    0     open  1500
D  0  1.604  1.652  0.000000    0.00   12.409   22.691   32.974    0    0    0    0    0    0    3    0     open  1500
S  0  1.559  1.610  3.872891    0.00      inf      inf      inf   53    6    0    0    0   14   35    0 disorder  1500
S  0  1.610  1.652  4.630591    0.00      inf      inf      inf   54    7    0    0    0   15   35    0 disorder  1500
D  0  1.652  1.706  0.000000    0.00    8.687   16.177   24.265    0    0    0    0    0    0    3    0     open  1500
D  0  1.706  1.750  0.000000    0.00   15.990   18.438   22.176    0    0    0    0    0    0    3    0     open  1500
S  0  1.652  1.702  2.652615    0.00      inf      inf      inf   55    8    0    0    0   15   35    0 disorder  1500
S  0  1.702  1.754  3.720162    0.00      inf      inf      inf   52    5    0    0    0   11   35    0 disorder  1500
D  0  1.750  1.811  0.000000    0.00    4.515   15.102   25.688    0    0    0    0    0    0    3    0     open  1500
S  0  1.754  1.803  2.681906    0.00      inf      inf      inf   54    7    0    0    0   15   35    0 disorder  1500
S  0  1.803  1.856  3.738119    0.00      inf      inf      inf   55    8    0    0    0   16   35    0 disorder  1500
D  0  1.811  1.856  0.000000    0.00    9.923   19.115   32.169    0    0    0    0    0    0    3    0     open  1500
D  0  1.856  1.901  0.000000    0.00   11.779   18.424   27.252    0    0    0    0    0    0    3    0     open  1500
# ID  begin    end   through transac  min IAT  avg IAT  max IAT uack sack lost retr tret fack reor bkof ca state  pmtu
#       [s]    [s]  [Mbit/s]   [#/s]     [ms]     [ms]     [ms]  [#]  [#]  [#]  [#]  [#]  [#]  [#]  [#]            [B]
S  0  1.856  1.902  2.851720    0.00      inf      inf      inf   53    6    0    0    0   12   35    0 disorder  1500
D  0  1.901  1.951  0.000000    0.00   43.530   43.530   43.530    0    0    0    0    0    0    3    0     open  1500
S  0  1.902  1.954  3.754957    0.00      inf      inf      inf   52    5    0    0    0    9   35    0 disorder  1500
D  0  1.951  2.006  0.000000    0.00    8.426   18.707   28.988    0    0    0    0    0    0    3    0     open  1500
S  0  1.954  2.004  2.635058    0.00      inf      inf      inf   52    5    0    0    0   10   35    0 disorder  1500
S  0  2.004  2.057  3.703274    0.00      inf      inf      inf   55    8    0    0    0   16   35    0 disorder  1500
D  0  2.006  2.055  0.000000    0.00    7.767   22.444   32.159    0    0    0    0    0    0    3    0     open  1500
D  0  2.055  2.100  0.000000    0.00    0.397    7.444   14.490    0    0    0    0    0    0    3    0     open  1500
S  0  2.057  2.101  4.480435    0.00      inf      inf      inf   52    4    0    0    0    8   35    0 disorder  1500
S  0  2.101  2.150  1.331765    0.00      inf      inf      inf   55    7    0    0    0   15   35    0 disorder  1500
D  0  2.100  2.159  0.000000    0.00   10.200   29.679   52.545    0    0    0    0    0    0    3    0     open  1500
S  0  2.150  2.206  3.534021    0.00      inf      inf      inf   58   10    0    0    0   21   35    0 disorder  1500
D  0  2.159  2.211  0.000000    0.00    1.824   12.650   21.529    0    0    0    0    0    0    3    0     open  1500
D  0  2.211  2.251  0.000000    0.00    9.014   18.184   30.065    0    0    0    0    0    0    3    0     open  1500
S  0  2.206  2.250  4.423569    0.00      inf      inf      inf   55    7    0    0    0   14   35    0 disorder  1500
D  0  2.251  2.304  0.000000    0.00    8.706   20.013   31.320    0    0    0    0    0    0    3    0     open  1500
D  0  2.304  2.351  0.000000    0.00    8.207   22.044   30.939    0    0    0    0    0    0    3    0     open  1500
S  0  2.250  2.309  4.463021    0.00      inf      inf      inf   57    9    0    0    0   19   35    0 disorder  1500
S  0  2.309  2.354  2.894542    0.00      inf      inf      inf   55    7    0    0    0   13   35    0 disorder  1500
D  0  2.351  2.404  0.000000    0.00    7.912   15.140   29.390    0    0    0    0    0    0    3    0     open  1500
D  0  2.404  2.451  0.000000    0.00   14.394   16.204   17.365    0    0    0    0    0    0    3    0     open  1500
S  0  2.354  2.405  3.907587    0.00      inf      inf      inf   54    6    0    0    0   12   35    0 disorder  1500
S  0  2.405  2.455  2.622517    0.00      inf      inf      inf   56    8    0    0    0   16   35    0 disorder  1500
D  0  2.451  2.505  0.000000    0.00    1.329   19.601   28.752    0    0    0    0    0    0    3    0     open  1500
D  0  2.505  2.551  0.000000    0.00    6.873   20.496   34.118    0    0    0    0    0    0    3    0     open  1500
# ID  begin    end   through transac  min IAT  avg IAT  max IAT uack sack lost retr tret fack reor bkof ca state  pmtu
#       [s]    [s]  [Mbit/s]   [#/s]     [ms]     [ms]     [ms]  [#]  [#]  [#]  [#]  [#]  [#]  [#]  [#]            [B]
S  0  2.455  2.506  5.059391    0.00      inf      inf      inf   55    7    0    0    0   15   35    0 disorder  1500
S  0  2.506  2.557  1.285291    0.00      inf      inf      inf   60   12    0    0    0   24   35    0 disorder  1500
D  0  2.551  2.604  0.000000    0.00    6.228   15.810   25.392    0    0    0    0    0    0    3    0     open  1500
S  0  2.557  2.607  1.323640    0.00      inf      inf      inf   57    9    0    0    0   19   35    0 disorder  1500
S  0  2.607  2.658  5.080668    0.00      inf      inf      inf   55    7    0    0    0   15   35    0 disorder  1500
D  0  2.604  2.655  0.000000    0.00    6.717   18.484   35.776    0    0    0    0    0    0    3    0     open  1500
S  0  2.658  2.706  2.732871    0.00      inf      inf      inf   47    0    0    0    0    0   35    0     open  1500
D  0  2.655  2.707  0.000000    0.00    5.143   22.972   40.801    0    0    0    0    0    0    3    0     open  1500
S  0  2.706  2.755  5.378809    0.00      inf      inf      inf   53    4    0    0    0    7   35    0 disorder  1500
D  0  2.707  2.759  0.000000    0.00   56.030   56.030   56.030    0    0    0    0    0    0    3    0     open  1500
S  0  2.755  2.805  1.326570    0.00      inf      inf      inf   56    7    0    0    0   14   35    0 disorder  1500
D  0  2.759  2.807  0.000000    0.00    1.802    9.145   16.488    0    0    0    0    0    0    3    0     open  1500
S  0  2.805  2.854  3.956932    0.00      inf      inf      inf   58   11    0    0    0   22   35    0 disorder  1500
D  0  2.807  2.856  0.000000    0.00    2.117   18.003   53.194    0    0    0    0    0    0    3    0     open  1500
S  0  2.854  2.902  4.093906    0.00      inf      inf      inf   56    7    0    0    0   14   35    0 disorder  1500
D  0  2.856  2.911  0.000000    0.00   13.035   16.602   21.071    0    0    0    0    0    0    3    0     open  1500
D  0  2.911  2.952  0.000000    0.00    1.795   19.719   31.202    0    0    0    0    0    0    3    0     open  1500
S  0  2.902  2.957  4.799140    0.00      inf      inf      inf   58    8    0    0    0   16   35    0 disorder  1500
D  0  2.952  3.004  0.000000    0.00   12.767   22.848   32.929    0    0    0    0    0    0    3    0     open  1500
D  0  3.004  3.051  0.000000    0.00    1.580   12.143   18.774    0    0    0    0    0    0    3    0     open  1500
S  0  2.957  3.002  2.913031    0.00      inf      inf      inf   57    7    0    0    0   14   35    0 disorder  1500
S  0  3.002  3.059  3.445192    0.00      inf      inf      inf   55    5    0    0    0    9   35    0 disorder  1500
D  0  3.051  3.111  0.000000    0.00    1.284   15.113   34.027    0    0    0    0    0    0    3    0     open  1500
S  0  3.059  3.103  4.442466    0.00      inf      inf      inf   59    8    0    0    0   16   35    0 disorder  1500
S  0  3.103  3.153  3.937059    0.00      inf      inf      inf   60    9    0    0    0   20   35    0 disorder  1500
# ID  begin    end   through transac  min IAT  avg IAT  max IAT uack sack lost retr tret fack reor bkof ca state  pmtu
#       [s]    [s]  [Mbit/s]   [#/s]     [ms]     [ms]     [ms]  [#]  [#]  [#]  [#]  [#]  [#]  [#]  [#]            [B]
D  0  3.111  3.163  0.000000    0.00    1.228   19.510   45.938    0    0    0    0    0    0    3    0     open  1500
S  0  3.153  3.203  3.967114    0.00      inf      inf      inf   60    9    0    0    0   19   35    0 disorder  1500
D  0  3.163  3.206  0.000000    0.00    9.305   16.283   22.380    0    0    0    0    0    0    3    0     open  1500
S  0  3.203  3.257  3.647370    0.00      inf      inf      inf   59    9    0    0    0   17   35    0 disorder  1500
D  0  3.206  3.256  0.000000    0.00   15.040   23.906   32.771    0    0    0    0    0    0    3    0     open  1500
D  0  3.256  3.302  0.000000    0.00    9.940   15.931   26.858    0    0    0    0    0    0    3    0     open  1500
S  0  3.257  3.305  2.729457    0.00      inf      inf      inf   60    8    0    0    0   16   35    0 disorder  1500
D  0  3.302  3.351  0.000000    0.00    8.408   14.036   25.263    0    0    0    0    0    0    3    0     open  1500
S  0  3.305  3.353  4.098334    0.00      inf      inf      inf   57    7    0    0    0   14   35    0 disorder  1500
S  0  3.353  3.401  4.031928    0.00      inf      inf      inf   61    9    0    0    0   19   35    0 disorder  1500
D  0  3.351  3.411  0.000000    0.00    1.292   13.118   19.803    0    0    0    0    0    0    3    0     open  1500
S  0  3.401  3.456  4.778276    0.00      inf      inf      inf   61    8    0    0    0   16   35    0 disorder  1500
D  0  3.411  3.456  0.000000    0.00    1.240   16.638   40.664    0    0    0    0    0    0    3    0     open  1500
S  0  3.456  3.505  4.062212    0.00      inf      inf      inf   62   10    0    0    0   21   35    0 disorder  1500
D  0  3.456  3.512  0.000000    0.00    7.774   14.236   28.851    0    0    0    0    0    0    3    0     open  1500
D  0  3.512  3.550  0.000000    0.00   21.804   25.428   29.052    0    0    0    0    0    0    3    0     open  1500
S  0  3.505  3.551  4.277223    0.00      inf      inf      inf   58    5    0    0    0    9   35    0 disorder  1500
D  0  3.550  3.608  0.000000    0.00    8.218   17.398   26.578    0    0    0    0    0    0    3    0     open  1500
D  0  3.608  3.653  0.000000    0.00    1.887   15.280   26.135    0    0    0    0    0    0    3    0     open  1500
S  0  3.551  3.605  3.605214    0.00      inf      inf      inf   61    7    0    0    0   14   35    0 disorder  1500
S  0  3.605  3.654  4.037995    0.00      inf      inf      inf   64   10    0    0    0   21   35    0 disorder  1500
D  0  3.653  3.713  0.000000    0.00    7.811   10.855   13.252    0    0    0    0    0    0    3    0     open  1500
S  0  3.654  3.705  3.862120    0.00      inf      inf      inf   62    9    0    0    0   16   35    0 disorder  1500
D  0  3.713  3.756  0.000000    0.00   11.318   21.503   38.518    0    0    0    0    0    0    3    0     open  1500
S  0  3.705  3.759  4.862171    0.00      inf      inf      inf   63    8    0    0    0   15   35    0 disorder  1500
# ID  begin    end   through transac  min IAT  avg IAT  max IAT uack sack lost retr tret fack reor bkof ca state  pmtu
#       [s]    [s]  [Mbit/s]   [#/s]     [ms]     [ms]     [ms]  [#]  [#]  [#]  [#]  [#]  [#]  [#]  [#]            [B]
S  0  3.759  3.801  3.119252    0.00      inf      inf      inf   59    7    0    0    0   15   35    0 disorder  1500
D  0  3.756  3.811  0.000000    0.00    1.716   13.771   21.334    0    0    0    0    0    0    3    0     open  1500
S  0  3.801  3.857  4.681578    0.00      inf      inf      inf   62   11    0    0    0   21   35    0 disorder  1500
D  0  3.811  3.856  0.000000    0.00    8.469   16.500   23.876    0    0    0    0    0    0    3    0     open  1500
S  0  3.857  3.906  3.985937    0.00      inf      inf      inf   64    9    0    0    0   18   35    0 disorder  1500
D  0  3.856  3.907  0.000000    0.00    9.166   13.338   17.510    0    0    0    0    0    0    3    0     open  1500
S  0  3.906  3.953  4.153812    0.00      inf      inf      inf   63    7    0    0    0   14   35    0 disorder  1500
D  0  3.907  3.958  0.000000    0.00    1.540   16.044   38.134    0    0    0    0    0    0    3    0     open  1500
D  0  3.958  4.001  0.000000    0.00    1.680   15.894   35.503    0    0    0    0    0    0    3    0     open  1500
S  0  3.953  4.007  7.263243    0.00      inf      inf      inf   66    8    0    0    0   16   35    0 disorder  1500
D  0  4.001  4.051  0.000000    0.00    1.130   15.789   31.075    0    0    0    0    0    0    3    0     open  1500
S  0  4.007  4.052  4.376352    0.00      inf      inf      inf   68   10    0    0    0   18   35    0 disorder  1500
D  0  4.051  4.100  0.000000    0.00   18.420   21.797   28.478    0    0    0    0    0    0    3    0     open  1500
S  0  4.052  4.100  4.093275    0.00      inf      inf      inf   67    9    0    0    0   18   35    0 disorder  1500
D  0  4.100  4.155  0.000000    0.00    1.978   11.761   20.501    0    0    0    0    0    0    3    0     open  1500
D  0  4.155  4.201  0.000000    0.00    7.967   16.052   21.488    0    0    0    0    0    0    3    0     open  1500
S  0  4.100  4.154  3.635839    0.00      inf      inf      inf   67   13    0    0    0   26   35    0 disorder  1500
S  0  4.154  4.205  5.159332    0.00      inf      inf      inf   67    9    0    0    0   18   35    0 disorder  1500
S  0  4.205  4.251  4.263683    0.00      inf      inf      inf   67    8    0    0    0   19   35    0 disorder  1500
D  0  4.201  4.256  0.000000    0.00    1.763   17.509   34.829    0    0    0    0    0    0    3    0     open  1500
D  0  4.256  4.302  0.000000    0.00    8.791   12.050   17.515    0    0    0    0    0    0    3    0     open  1500
S  0  4.251  4.305  4.844593    0.00      inf      inf      inf   67    8    0    0    0   16   35    0 disorder  1500
D  0  4.302  4.353  0.000000    0.00    7.348   12.832   25.434    0    0    0    0    0    0    3    0     open  1500
S  0  4.305  4.352  4.244321    0.00      inf      inf      inf   67   10    0    0    0   22   35    0 disorder  1500
D  0  4.353  4.411  0.000000    0.00   14.319   17.013   18.426    0    0    0    0    0    0    3    0     open  1500
# ID  begin    end   through transac  min IAT  avg IAT  max IAT uack sack lost retr tret fack reor bkof ca state  pmtu
#       [s]    [s]  [Mbit/s]   [#/s]     [ms]     [ms]     [ms]  [#]  [#]  [#]  [#]  [#]  [#]  [#]  [#]            [B]
D  0  4.411  4.452  0.000000    0.00   15.703   16.025   16.340    0    0    0    0    0    0    3    0     open  1500
S  0  4.352  4.405  4.906439    0.00      inf      inf      inf   67    8    0    0    0   17   35    0 disorder  1500
S  0  4.405  4.452  4.218922    0.00      inf      inf      inf   67    6    0    0    0   13   35    0 disorder  1500
D  0  4.452  4.502  0.000000    0.00    7.356   10.763   13.040    0    0    0    0    0    0    3    0     open  1500
S  0  4.452  4.503  3.827506    0.00      inf      inf      inf   67    8    0    0    0   16   35    0 disorder  1500
S  0  4.503  4.551  4.080932    0.00      inf      inf      inf   67    8    0    0    0   17   35    0 disorder  1500
D  0  4.502  4.557  0.000000    0.00    7.545   14.732   24.792    0    0    0    0    0    0    3    0     open  1500
D  0  4.557  4.602  0.000000    0.00    9.351   15.287   21.796    0    0    0    0    0    0    3    0     open  1500
S  0  4.551  4.609  5.716257    0.00      inf      inf      inf   67   10    0    0    0   17   35    0 disorder  1500
D  0  4.602  4.653  0.000000    0.00    9.262   14.881   20.452    0    0    0    0    0    0    3    0     open  1500
S  0  4.609  4.651  3.078604    0.00      inf      inf      inf   67    8    0    0    0   18   35    0 disorder  1500
S  0  4.651  4.703  5.074953    0.00      inf      inf      inf   67   10    0    0    0   19   35    0 disorder  1500
D  0  4.653  4.708  0.000000    0.00   10.040   14.037   19.784    0    0    0    0    0    0    3    0     open  1500
S  0  4.703  4.758  4.791536    0.00      inf      inf      inf   67    6    0    0    0   15   35    0 disorder  1500
D  0  4.708  4.758  0.000000    0.00   10.209   14.538   17.403    0    0    0    0    0    0    3    0     open  1500
S  0  4.758  4.801  4.502975    0.00      inf      inf      inf   67    7    0    0    0   12   35    0 disorder  1500
D  0  4.758  4.810  0.000000    0.00   15.232   18.741   24.467    0    0    0    0    0    0    3    0     open  1500
D  0  4.810  4.852  0.000000    0.00    6.032   11.550   15.573    0    0    0    0    0    0    3    0     open  1500
S  0  4.801  4.857  4.668830    0.00      inf      inf      inf   67    8    0    0    0   17   35    0 disorder  1500
D  0  4.852  4.901  0.000000    0.00    1.530   14.017   20.275    0    0    0    0    0    0    3    0     open  1500
S  0  4.857  4.902  4.380363    0.00      inf      inf      inf   67    9    0    0    0   20   35    0 disorder  1500
D  0  4.901  4.953  0.000000    0.00   10.040   14.151   18.553    0    0    0    0    0    0    3    0     open  1500
S  0  4.902  4.951  4.070282    0.00      inf      inf      inf   67    9    0    0    0   16   35    0 disorder  1500
D  0  4.953  5.000  0.000000    0.00   14.568   19.453   24.338    0    0    0    0    0    0    3    0     open  1500
S  0  4.951  5.001  5.157801    0.00      inf      inf      inf   67    7    0    0    0   16   35    0 disorder  1500
# ID  begin    end   through transac  min IAT  avg IAT  max IAT uack sack lost retr tret fack reor bkof ca state  pmtu
#       [s]    [s]  [Mbit/s]   [#/s]     [ms]     [ms]     [ms]  [#]  [#]  [#]  [#]  [#]  [#]  [#]  [#]            [B]
D  0  5.000  5.053  0.000000    0.00    1.618   12.259   18.696    0    0    0    0    0    0    3    0     open  1500
S  0  5.001  5.053  3.830474    0.00      inf      inf      inf   67   10    0    0    0   19   35    0 disorder  1500
D  0  5.053  5.108  0.000000    0.00    8.900   13.538   19.078    0    0    0    0    0    0    3    0     open  1500
S  0  5.053  5.105  4.997371    0.00      inf      inf      inf   67   10    0    0    0   17   35    0 disorder  1500
S  0  5.105  5.154  5.346537    0.00      inf      inf      inf   67   10    0    0    0   17   35    0 disorder  1500
D  0  5.108  5.158  0.000000    0.00    1.334   19.545   30.504    0    0    0    0    0    0    3    0     open  1500
D  0  5.158  5.204  0.000000    0.00   12.998   14.708   16.940    0    0    0    0    0    0    3    0     open  1500
S  0  5.154  5.208  3.673682    0.00      inf      inf      inf   67    9    0    0    0   20   35    0 disorder  1500
D  0  5.204  5.254  0.000000    0.00    2.177   11.303   20.847    0    0    0    0    0    0    3    0     open  1500
S  0  5.208  5.256  4.061157    0.00      inf      inf      inf   67   12    0    0    0   23   35    0 disorder  1500
D  0  5.254  5.306  0.000000    0.00    7.656   14.824   24.814    0    0    0    0    0    0    3    0     open  1500
D  0  5.306  5.353  0.000000    0.00    8.003   16.363   30.890    0    0    0    0    0    0    3    0     open  1500
S  0  5.256  5.303  5.556906    0.00      inf      inf      inf   67    9    0    0    0   17   35    0 disorder  1500
S  0  5.303  5.351  4.148927    0.00      inf      inf      inf   67   11    0    0    0   19   35    0 disorder  1500
D  0  5.353  5.407  0.000000    0.00    2.211   14.069   23.794    0    0    0    0    0    0    3    0     open  1500
S  0  5.351  5.405  3.629823    0.00      inf      inf      inf   67   11    0    0    0   21   35    0 disorder  1500
S  0  5.405  5.454  5.382720    0.00      inf      inf      inf   67    8    0    0    0   15   35    0 disorder  1500
D  0  5.407  5.458  0.000000    0.00   10.908   15.755   22.411    0    0    0    0    0    0    3    0     open  1500
S  0  5.454  5.502  5.455835    0.00      inf      inf      inf   67    5    0    0    0   10   35    0 disorder  1500
D  0  5.458  5.508  0.000000    0.00    1.238   13.215   20.791    0    0    0    0    0    0    3    0     open  1500
D  0  5.508  5.552  0.000000    0.00   12.942   18.844   24.746    0    0    0    0    0    0    3    0     open  1500
S  0  5.502  5.554  3.722741    0.00      inf      inf      inf   67    5    0    0    0   11   35    0 disorder  1500
S  0  5.554  5.602  2.736884    0.00      inf      inf      inf   67   12    0    0    0   25   35    0 disorder  1500
D  0  5.552  5.611  0.000000    0.00    1.346   12.738   20.830    0    0    0    0    0    0    3    0     open  1500
D  0  5.611  5.650  0.000000    0.00    9.887   16.197   22.506    0    0    0    0    0    0    3    0     open  1500
# ID  begin    end   through transac  min IAT  avg IAT  max IAT uack sack lost retr tret fack reor bkof ca state  pmtu
#       [s]    [s]  [Mbit/s]   [#/s]     [ms]     [ms]     [ms]  [#]  [#]  [#]  [#]  [#]  [#]  [#]  [#]            [B]
S  0  5.602  5.656  6.087343    0.00      inf      inf      inf   67    9    0    0    0   19   35    0 disorder  1500
D  0  5.650  5.700  0.000000    0.00    1.170   13.469   22.068    0    0    0    0    0    0    3    0     open  1500
S  0  5.656  5.702  2.861857    0.00      inf      inf      inf   67   10    0    0    0   18   35    0 disorder  1500
D  0  5.700  5.757  0.000000    0.00    8.278   19.492   31.553    0    0    0    0    0    0    3    0     open  1500
D  0  5.757  5.804  0.000000    0.00    1.864   11.830   22.028    0    0    0    0    0    0    3    0     open  1500
S  0  5.702  5.758  4.661982    0.00      inf      inf      inf   67    9    0    0    0   17   35    0 disorder  1500
S  0  5.758  5.807  4.013362    0.00      inf      inf      inf   67   13    0    0    0   25   35    0 disorder  1500
S  0  5.807  5.853  5.671579    0.00      inf      inf      inf   67   11    0    0    0   20   35    0 disorder  1500
D  0  5.804  5.863  0.000000    0.00    1.139   13.732   23.139    0    0    0    0    0    0    3    0     open  1500
D  0  5.863  5.902  0.000000    0.00   14.515   19.598   24.681    0    0    0    0    0    0    3    0     open  1500
S  0  5.853  5.908  4.821128    0.00      inf      inf      inf   67    9    0    0    0   19   35    0 disorder  1500
D  0  5.902  5.951  0.000000    0.00    1.809   11.955   18.290    0    0    0    0    0    0    3    0     open  1500
S  0  5.908  5.953  2.871090    0.00      inf      inf      inf   67   11    0    0    0   22   35    0 disorder  1500
D  0  5.951  6.003  0.000000    0.00    7.348   13.488   22.163    0    0    0    0    0    0    3    0     open  1500
S  0  5.953  6.001  5.517079    0.00      inf      inf      inf   67   10    0    0    0   19   35    0 disorder  1500
D  0  6.003  6.050  0.000000    0.00    5.376   18.264   31.449    0    0    0    0    0    0    3    0     open  1500
S  0  6.001  6.057  3.525474    0.00      inf      inf      inf   67    9    0    0    0   17   35    0 disorder  1500
D  0  6.050  6.103  0.000000    0.00    1.982   16.393   30.803    0    0    0    0    0    0    3    0     open  1500
S  0  6.057  6.109  5.014316    0.00      inf      inf      inf   67    7    0    0    0   14   35    0 disorder  1500
D  0  6.103  6.150  0.000000    0.00    1.247   12.070   29.800    0    0    0    0    0    0    3    0     open  1500
S  0  6.109  6.155  4.297878    0.00      inf      inf      inf   67   13    0    0    0   27   35    0 disorder  1500
S  0  6.155  6.203  5.431935    0.00      inf      inf      inf   67    4    0    0    0    8   35    0 disorder  1500
D  0  6.150  6.212  0.000000    0.00    1.961   13.851   31.090    0    0    0    0    0    0    3    0     open  1500
D  0  6.212  6.253  0.000000    0.00   23.349   23.349   23.349    0    0    0    0    0    0    3    0     open  1500
S  0  6.203  6.258  4.754423    0.00      inf      inf      inf   67    6    0    0    0   11   35    0 disorder  1500
# ID  begin    end   through transac  min IAT  avg IAT  max IAT uack sack lost retr tret fack reor bkof ca state  pmtu
#       [s]    [s]  [Mbit/s]   [#/s]     [ms]     [ms]     [ms]  [#]  [#]  [#]  [#]  [#]  [#]  [#]  [#]            [B]
D  0  6.253  6.302  0.000000    0.00    1.262   13.238   31.371    0    0    0    0    0    0    3    0     open  1500
S  0  6.258  6.304  2.878864    0.00      inf      inf      inf   67   11    0    0    0   21   35    0 disorder  1500
D  0  6.302  6.351  0.000000    0.00    7.499   13.177   18.024    0    0    0    0    0    0    3    0     open  1500
S  0  6.304  6.360  5.813549    0.00      inf      inf      inf   67    8    0    0    0   16   35    0 disorder  1500
S  0  6.360  6.403  3.060295    0.00      inf      inf      inf   67    8    0    0    0   16   35    0 disorder  1500
D  0  6.351  6.408  0.000000    0.00   16.023   21.635   26.310    0    0    0    0    0    0    3    0     open  1500
D  0  6.408  6.452  0.000000    0.00    1.225   11.990   22.941    0    0    0    0    0    0    3    0     open  1500
S  0  6.403  6.453  5.200054    0.00      inf      inf      inf   67    8    0    0    0   15   35    0 disorder  1500
D  0  6.452  6.500  0.000000    0.00    0.465   11.706   31.552    0    0    0    0    0    0    3    0     open  1500
S  0  6.453  6.500  4.174311    0.00      inf      inf      inf   67   14    0    0    0   27   35    0 disorder  1500
D  0  6.500  6.558  0.000000    0.00    1.753   16.796   30.136    0    0    0    0    0    0    3    0     open  1500
D  0  6.558  6.603  0.000000    0.00   15.524   23.228   30.932    0    0    0    0    0    0    3    0     open  1500
S  0  6.500  6.555  4.829639    0.00      inf      inf      inf   67    6    0    0    0   12   35    0 disorder  1500
S  0  6.555  6.604  4.022152    0.00      inf      inf      inf   67    6    0    0    0   10   35    0 disorder  1500
D  0  6.603  6.651  0.000000    0.00    1.739   11.657   20.004    0    0    0    0    0    0    3    0     open  1500
S  0  6.604  6.655  2.540695    0.00      inf      inf      inf   67   11    0    0    0   23   35    0 disorder  1500
D  0  6.651  6.700  0.000000    0.00    1.250   10.887   15.955    0    0    0    0    0    0    3    0     open  1500
S  0  6.655  6.704  6.750286    0.00      inf      inf      inf   67    6    0    0    0   13   35    0 disorder  1500
D  0  6.700  6.753  0.000000    0.00    8.534   15.365   22.276    0    0    0    0    0    0    3    0     open  1500
S  0  6.704  6.751  4.151166    0.00      inf      inf      inf   67    8    0    0    0   16   35    0 disorder  1500
S  0  6.751  6.801  5.206539    0.00      inf      inf      inf   67    8    0    0    0   15   35    0 disorder  1500
D  0  6.753  6.808  0.000000    0.00   14.490   22.713   27.915    0    0    0    0    0    0    3    0     open  1500
D  0  6.808  6.854  0.000000    0.00    1.881   12.565   21.109    0    0    0    0    0    0    3    0     open  1500
S  0  6.801  6.856  3.575491    0.00      inf      inf      inf   67   15    0    0    0   28   35    0 disorder  1500
D  0  6.854  6.904  0.000000    0.00    5.250   12.274   17.972    0    0    0    0    0    0    3    0     open  1500
# ID  begin    end   through transac  min IAT  avg IAT  max IAT uack sack lost retr tret fack reor bkof ca state  pmtu
#       [s]    [s]  [Mbit/s]   [#/s]     [ms]     [ms]     [ms]  [#]  [#]  [#]  [#]  [#]  [#]  [#]  [#]            [B]
S  0  6.856  6.909  4.949894    0.00      inf      inf      inf   67    8    0    0    0   16   35    0 disorder  1500
S  0  6.909  6.955  5.704003    0.00      inf      inf      inf   67    4    0    0    0    9   35    0 disorder  1500
D  0  6.904  6.958  0.000000    0.00   11.453   19.089   28.339    0    0    0    0    0    0    3    0     open  1500
D  0  6.958  7.004  0.000000    0.00    1.906   13.154   22.225    0    0    0    0    0    0    3    0     open  1500
S  0  6.955  7.001  2.886391    0.00      inf      inf      inf   67    7    0    0    0   15   35    0 disorder  1500
D  0  7.004  7.050  0.000000    0.00   10.477   14.866   21.371    0    0    0    0    0    0    3    0     open  1500
S  0  7.001  7.054  4.963260    0.00      inf      inf      inf   67    9    0    0    0   18   35    0 disorder  1500
S  0  7.054  7.101  5.578437    0.00      inf      inf      inf   67    5    0    0    0   10   35    0 disorder  1500
D  0  7.050  7.108  0.000000    0.00    2.054   10.524   17.729    0    0    0    0    0    0    3    0     open  1500
D  0  7.108  7.156  0.000000    0.00    2.307   20.077   44.434    0    0    0    0    0    0    3    0     open  1500
S  0  7.101  7.158  5.727373    0.00      inf      inf      inf   67    7    0    0    0   14   35    0 disorder  1500
D  0  7.156  7.204  0.000000    0.00    1.803   14.442   25.132    0    0    0    0    0    0    3    0     open  1500
S  0  7.158  7.203  4.315588    0.00      inf      inf      inf   67   12    0    0    0   26   35    0 disorder  1500
D  0  7.204  7.258  0.000000    0.00    2.028   11.552   19.388    0    0    0    0    0    0    3    0     open  1500
S  0  7.203  7.257  4.880975    0.00      inf      inf      inf   67    9    0    0    0   17   35    0 disorder  1500
S  0  7.257  7.305  5.433272    0.00      inf      inf      inf   67    2    0    0    0    5   35    0 disorder  1500
D  0  7.258  7.312  0.000000    0.00    1.841   18.033   38.484    0    0    0    0    0    0    3    0     open  1500
D  0  7.312  7.356  0.000000    0.00    1.231   14.638   27.992    0    0    0    0    0    0    3    0     open  1500
S  0  7.305  7.350  2.900474    0.00      inf      inf      inf   67    9    0    0    0   17   35    0 disorder  1500
D  0  7.356  7.401  0.000000    0.00    8.170   12.490   17.315    0    0    0    0    0    0    3    0     open  1500
S  0  7.350  7.403  3.765314    0.00      inf      inf      inf   67   11    0    0    0   21   35    0 disorder  1500
D  0  7.401  7.456  0.000000    0.00    1.861   13.355   20.869    0    0    0    0    0    0    3    0     open  1500
S  0  7.403  7.451  5.401589    0.00      inf      inf      inf   67   10    0    0    0   19   35    0 disorder  1500
D  0  7.456  7.504  0.000000    0.00    1.985   19.048   39.135    0    0    0    0    0    0    3    0     open  1500
S  0  7.451  7.504  6.215359    0.00      inf      inf      inf   67    8    0    0    0   15   35    0 disorder  1500
# ID  begin    end   through transac  min IAT  avg IAT  max IAT uack sack lost retr tret fack reor bkof ca state  pmtu
#       [s]    [s]  [Mbit/s]   [#/s]     [ms]     [ms]     [ms]  [#]  [#]  [#]  [#]  [#]  [#]  [#]  [#]            [B]
S  0  7.504  7.553  2.670298    0.00      inf      inf      inf   67   11    0    0    0   20   35    0 disorder  1500
D  0  7.504  7.559  0.000000    0.00    1.247   13.025   28.062    0    0    0    0    0    0    3    0     open  1500
S  0  7.553  7.608  4.759324    0.00      inf      inf      inf   67    9    0    0    0   18   35    0 disorder  1500
D  0  7.559  7.609  0.000000    0.00    1.845   12.473   18.016    0    0    0    0    0    0    3    0     open  1500
D  0  7.609  7.652  0.000000    0.00   25.306   25.306   25.306    0    0    0    0    0    0    3    0     open  1500
S  0  7.608  7.659  6.439659    0.00      inf      inf      inf   67    2    0    0    0    4   35    0 disorder  1500
S  0  7.659  7.705  0.000000    0.00      inf      inf      inf   67   10    0    0    0   21   35    0 disorder  1500
D  0  7.652  7.708  0.000000    0.00    1.226   14.832   34.572    0    0    0    0    0    0    3    0     open  1500
D  0  7.708  7.750  0.000000    0.00    1.248   14.481   30.481    0    0    0    0    0    0    3    0     open  1500
S  0  7.705  7.754  6.726595    0.00      inf      inf      inf   67   12    0    0    0   24   35    0 disorder  1500
S  0  7.754  7.801  4.211531    0.00      inf      inf      inf   67    8    0    0    0   17   35    0 disorder  1500
D  0  7.750  7.809  0.000000    0.00    1.218   14.223   22.204    0    0    0    0    0    0    3    0     open  1500
S  0  7.801  7.858  4.625563    0.00      inf      inf      inf   67    7    0    0    0   13   35    0 disorder  1500
D  0  7.809  7.860  0.000000    0.00    1.923   17.237   35.939    0    0    0    0    0    0    3    0     open  1500
D  0  7.860  7.900  0.000000    0.00    6.958   18.348   28.582    0    0    0    0    0    0    3    0     open  1500
S  0  7.858  7.903  4.325549    0.00      inf      inf      inf   67   10    0    0    0   20   35    0 disorder  1500
D  0  7.900  7.954  0.000000    0.00    1.291    9.384   19.404    0    0    0    0    0    0    3    0     open  1500
S  0  7.903  7.950  4.157548    0.00      inf      inf      inf   67   13    0    0    0   24   35    0 disorder  1500
D  0  7.954  8.000  0.000000    0.00   15.544   15.544   15.544    0    0    0    0    0    0    3    0     open  1500
S  0  7.950  8.006  5.842390    0.00      inf      inf      inf   67    3    0    0    0    7   35    0 disorder  1500
S  0  8.006  8.051  1.459170    0.00      inf      inf      inf   67    9    0    0    0   20   35    0 disorder  1500
D  0  8.000  8.064  0.000000    0.00    1.930   17.234   38.811    0    0    0    0    0    0    3    0     open  1500
D  0  8.064  8.106  0.000000    0.00    1.217   15.303   26.428    0    0    0    0    0    0    3    0     open  1500
S  0  8.051  8.101  5.321764    0.00      inf      inf      inf   67   10    0    0    0   19   35    0 disorder  1500
D  0  8.106  8.152  0.000000    0.00    0.455    9.831   17.824    0    0    0    0    0    0    3    0     open  1500
# ID  begin    end   through transac  min IAT  avg IAT  max IAT uack sack lost retr tret fack reor bkof ca state  pmtu
#       [s]    [s]  [Mbit/s]   [#/s]     [ms]     [ms]     [ms]  [#]  [#]  [#]  [#]  [#]  [#]  [#]  [#]            [B]
S  0  8.101  8.154  4.893518    0.00      inf      inf      inf   67    9    0    0    0   18   35    0 disorder  1500
D  0  8.152  8.204  0.000000    0.00    1.913   19.095   39.323    0    0    0    0    0    0    3    0     open  1500
S  0  8.154  8.201  5.583174    0.00      inf      inf      inf   67    7    0    0    0   14   35    0 disorder  1500
D  0  8.204  8.250  0.000000    0.00   19.386   29.619   39.852    0    0    0    0    0    0    3    0     open  1500
S  0  8.201  8.251  3.960545    0.00      inf      inf      inf   67    4    0    0    0    8   35    0 disorder  1500
D  0  8.250  8.306  0.000000    0.00    1.835    7.483   17.255    0    0    0    0    0    0    3    0     open  1500
S  0  8.251  8.300  2.655431    0.00      inf      inf      inf   67   13    0    0    0   27   35    0 disorder  1500
D  0  8.306  8.360  0.000000    0.00   15.508   25.321   35.134    0    0    0    0    0    0    3    0     open  1500
D  0  8.360  8.404  0.000000    0.00    1.238   14.531   26.203    0    0    0    0    0    0    3    0     open  1500
S  0  8.300  8.356  7.038625    0.00      inf      inf      inf   67    6    0    0    0   12   35    0 disorder  1500
S  0  8.356  8.409  2.483380    0.00      inf      inf      inf   67    8    0    0    0   16   35    0 disorder  1500
S  0  8.409  8.452  6.098136    0.00      inf      inf      inf   67   10    0    0    0   20   35    0 disorder  1500
D  0  8.404  8.457  0.000000    0.00    1.240   14.602   36.257    0    0    0    0    0    0    3    0     open  1500
S  0  8.452  8.507  3.547157    0.00      inf      inf      inf   67   10    0    0    0   21   35    0 disorder  1500
D  0  8.457  8.510  0.000000    0.00    1.747    8.877   16.007    0    0    0    0    0    0    3    0     open  1500
D  0  8.510  8.557  0.000000    0.00    1.228   17.293   36.207    0    0    0    0    0    0    3    0     open  1500
S  0  8.507  8.553  5.659308    0.00      inf      inf      inf   67    9    0    0    0   16   35    0 disorder  1500
D  0  8.557  8.603  0.000000    0.00   30.990   30.990   30.990    0    0    0    0    0    0    3    0     open  1500
S  0  8.553  8.605  3.844866    0.00      inf      inf      inf   67    7    0    0    0   14   35    0 disorder  1500
D  0  8.603  8.651  0.000000    0.00    1.177   12.719   37.249    0    0    0    0    0    0    3    0     open  1500
S  0  8.605  8.653  2.685464    0.00      inf      inf      inf   67   16    0    0    0   30   36    0 disorder  1500
D  0  8.651  8.705  0.000000    0.00    9.618   17.777   28.137    0    0    0    0    0    0    3    0     open  1500
S  0  8.653  8.701  6.900203    0.00      inf      inf      inf   67    6    0    0    0   13   36    0 disorder  1500
D  0  8.705  8.752  0.000000    0.00    6.476   13.764   24.249    0    0    0    0    0    0    3    0     open  1500
S  0  8.701  8.755  3.614267    0.00      inf      inf      inf   67    8    0    0    0   17   36    0 disorder  1500
# ID  begin    end   through transac  min IAT  avg IAT  max IAT uack sack lost retr tret fack reor bkof ca state  pmtu
#       [s]    [s]  [Mbit/s]   [#/s]     [ms]     [ms]     [ms]  [#]  [#]  [#]  [#]  [#]  [#]  [#]  [#]            [B]
D  0  8.752  8.800  0.000000    0.00    1.351   18.049   40.483    0    0    0    0    0    0    3    0     open  1500
S  0  8.755  8.808  4.935731    0.00      inf      inf      inf   67   10    0    0    0   20   36    0 disorder  1500
D  0  8.800  8.856  0.000000    0.00    7.296   10.168   15.403    0    0    0    0    0    0    3    0     open  1500
S  0  8.808  8.855  2.823184    0.00      inf      inf      inf   67   13    0    0    0   24   36    0 disorder  1500
D  0  8.856  8.902  0.000000    0.00    7.321   14.537   27.541    0    0    0    0    0    0    3    0     open  1500
S  0  8.855  8.906  6.447651    0.00      inf      inf      inf   67    8    0    0    0   16   36    0 disorder  1500
D  0  8.902  8.954  0.000000    0.00    0.499   13.087   25.676    0    0    0    0    0    0    3    0     open  1500
S  0  8.906  8.959  3.675529    0.00      inf      inf      inf   67    8    0    0    0   17   36    0 disorder  1500
D  0  8.954  9.006  0.000000    0.00    1.215   17.659   44.582    0    0    0    0    0    0    3    0     open  1500
S  0  8.959  9.003  2.983495    0.00      inf      inf      inf   67   13    0    0    0   27   36    0 disorder  1500
D  0  9.006  9.052  0.000000    0.00    6.745   15.446   31.095    0    0    0    0    0    0    3    0     open  1500
S  0  9.003  9.054  6.389722    0.00      inf      inf      inf   67    8    0    0    0   16   36    0 disorder  1500
S  0  9.054  9.103  4.005738    0.00      inf      inf      inf   67    7    0    0    0   15   36    0 disorder  1500
D  0  9.052  9.112  0.000000    0.00    1.206   10.293   24.275    0    0    0    0    0    0    3    0     open  1500
D  0  9.112  9.154  0.000000    0.00   14.821   29.693   44.565    0    0    0    0    0    0    3    0     open  1500
S  0  9.103  9.157  4.876669    0.00      inf      inf      inf   67    9    0    0    0   18   36    0 disorder  1500
S  0  9.157  9.206  2.672641    0.00      inf      inf      inf   67   13    0    0    0   26   36    0 disorder  1500
D  0  9.154  9.208  0.000000    0.00    0.707    9.733   15.611    0    0    0    0    0    0    3    0     open  1500
D  0  9.208  9.252  0.000000    0.00    7.280   13.977   21.822    0    0    0    0    0    0    3    0     open  1500
S  0  9.206  9.255  6.776796    0.00      inf      inf      inf   67    8    0    0    0   16   36    0 disorder  1500
D  0  9.252  9.300  0.000000    0.00   25.345   25.345   25.345    0    0    0    0    0    0    3    0     open  1500
S  0  9.255  9.302  4.191153    0.00      inf      inf      inf   67    6    0    0    0   13   36    0 disorder  1500
D  0  9.300  9.355  0.000000    0.00    1.812   14.556   38.041    0    0    0    0    0    0    3    0     open  1500
S  0  9.302  9.354  2.511287    0.00      inf      inf      inf   67   11    0    0    0   22   36    0 disorder  1500
D  0  9.355  9.401  0.000000    0.00    1.756   14.115   20.402    0    0    0    0    0    0    3    0     open  1500
# ID  begin    end   through transac  min IAT  avg IAT  max IAT uack sack lost retr tret fack reor bkof ca state  pmtu
#       [s]    [s]  [Mbit/s]   [#/s]     [ms]     [ms]     [ms]  [#]  [#]  [#]  [#]  [#]  [#]  [#]  [#]            [B]
S  0  9.354  9.405  5.083690    0.00      inf      inf      inf   67   11    0    0    0   22   36    0 disorder  1500
S  0  9.405  9.451  4.259671    0.00      inf      inf      inf   67   11    0    0    0   22   36    0 disorder  1500
D  0  9.401  9.460  0.000000    0.00    9.052   15.615   27.511    0    0    0    0    0    0    3    0     open  1500
D  0  9.460  9.504  0.000000    0.00    2.328   17.468   30.347    0    0    0    0    0    0    3    0     open  1500
S  0  9.451  9.509  5.675584    0.00      inf      inf      inf   67   11    0    0    0   22   36    0 disorder  1500
S  0  9.509  9.553  3.015344    0.00      inf      inf      inf   67   12    0    0    0   24   36    0 disorder  1500
D  0  9.504  9.560  0.000000    0.00    1.262   12.265   23.385    0    0    0    0    0    0    3    0     open  1500
D  0  9.560  9.604  0.000000    0.00    1.809   12.100   20.644    0    0    0    0    0    0    3    0     open  1500
S  0  9.553  9.604  5.135979    0.00      inf      inf      inf   67    9    0    0    0   18   36    0 disorder  1500
S  0  9.604  9.651  5.503755    0.00      inf      inf      inf   67    4    0    0    0    9   36    0 disorder  1500
D  0  9.604  9.662  0.000000    0.00   26.056   30.031   34.007    0    0    0    0    0    0    3    0     open  1500
D  0  9.662  9.704  0.000000    0.00    1.285   11.305   18.485    0    0    0    0    0    0    3    0     open  1500
S  0  9.651  9.710  2.229748    0.00      inf      inf      inf   67   10    0    0    0   19   36    0 disorder  1500
D  0  9.704  9.751  0.000000    0.00    7.848   13.416   21.650    0    0    0    0    0    0    3    0     open  1500
S  0  9.710  9.759  5.325381    0.00      inf      inf      inf   67   14    0    0    0   28   36    0 disorder  1500
D  0  9.751  9.804  0.000000    0.00    1.828   13.629   20.534    0    0    0    0    0    0    3    0     open  1500
S  0  9.759  9.800  6.384953    0.00      inf      inf      inf   67    8    0    0    0   14   36    0 disorder  1500
D  0  9.804  9.855  0.000000    0.00    1.937   18.744   30.829    0    0    0    0    0    0    3    0     open  1500
S  0  9.800  9.850  3.927228    0.00      inf      inf      inf   67    2    0    0    0    4   36    0 disorder  1500
D  0  9.855  9.904  0.000000    0.00    1.820   12.480   26.173    0    0    0    0    0    0    3    0     open  1500
S  0  9.850  9.907  3.500055    0.00      inf      inf      inf   67    9    0    0    0   19   36    0 disorder  1500
D  0  9.904  9.956  0.000000    0.00    8.197   11.638   20.460    0    0    0    0    0    0    3    0     open  1500
S  0  9.907  9.959  5.047572    0.00      inf      inf      inf   67    9    0    0    0   20   36    0 disorder  1500
# ID  begin     end   through transac  min IAT  avg IAT  max IAT uack sack lost retr tret fack reor bkof ca state  pmtu
#       [s]     [s]  [Mbit/s]   [#/s]     [ms]     [ms]     [ms]  [#]  [#]  [#]  [#]  [#]  [#]  [#]  [#]            [B]
D  0  9.956  10.008  0.000000    0.00   19.717   25.525   31.332    0    0    0    0    0    0    3    0     open  1500
S  0  9.959  10.006  5.544994    0.00      inf      inf      inf   67    6    0    0    0   11   36    0 disorder  1500

#   0 S: localhost (Linux 3.14.0-89-mptcp), random seed: 1640892487, sbuf = 16384/0, rbuf = 87380/0 (real/req), SMSS = 1448, Path MTU = 1500, Interface MTU = 1500 (Ethernet/PPP), flow duration = 10.006s/10.000s (real/req), through = 3.975721/0.000000Mbit/s (out/in), request blocks = 607/0 (out/in)
#   0 D: 10.9.9.7/10.88.88.1 (Linux 3.2.7), random seed: 1640892487, sbuf = 16384/0, rbuf = 87380/0 (real/req), SMSS = 1448, Path MTU = 1500, Interface MTU = 1500 (Ethernet/PPP), through = 0.000000/3.879863Mbit/s (out/in), request blocks = 0/592 (out/in), IAT = 0.397/16.418/170.789 (min/avg/max), DLY = 0.694/12.508/186.100 (min/avg/max)
