# Mon Dec  8 06:42:21 2014: controlling host = lohengrin, number of flows = 1, reporting interval = 0.05s, [through] = 10**6 bit/second (0.7.5)
# ID  begin    end   through transac min IAT avg IAT max IAT uack sack lost retr tret fack reor bkof ca state  pmtu
#       [s]    [s]  [Mbit/s]   [#/s]    [ms]    [ms]    [ms]  [#]  [#]  [#]  [#]  [#]  [#]  [#]  [#]            [B]
S  0  0.000  0.051  0.000000    0.00     inf     inf     inf    1    0    0    0    0    0    3    0     open  1500
D  0  0.000  0.061  0.000000    0.00     inf     inf     inf    0    0    0    0    0    0    0    0     open     0
S  0  0.051  0.101  0.000000    0.00     inf     inf     inf    1    0    0    0    0    0    3    0     open  1500
D  0  0.061  0.109  0.000000    0.00     inf     inf     inf    0    0    0    0    0    0    0    0     open     0
S  0  0.101  0.157  3.532929    0.00     inf     inf     inf   10    0    0    0    0    0    3    0     open  1500
D  0  0.109  0.157  0.000000    0.00     inf     inf     inf    0    0    0    0    0    0    0    0     open     0
D  0  0.157  0.201  0.000000    0.00     inf     inf     inf    0    0    0    0    0    0    3    0     open  1500
S  0  0.157  0.207  0.000000    0.00     inf     inf     inf   10    0    0    0    0    0    3    0     open  1500
S  0  0.207  0.258  0.000000    0.00     inf     inf     inf   12    3    2    1    0    6    3    0  recover  1500
D  0  0.201  0.253  0.000000    0.00     inf     inf     inf    0    0    0    0    0    0    3    0     open  1500
S  0  0.258  0.300  4.608440    0.00     inf     inf     inf   15    0    0    0    0    0    8    0     open  1500
D  0  0.253  0.309  0.000000    0.00     inf     inf     inf    0    0    0    0    0    0    3    0     open  1500
S  0  0.300  0.351  0.000000    0.00     inf     inf     inf   17    0    0    0    0    0    8    0     open  1500
# ID  begin    end   through transac  min IAT  avg IAT  max IAT uack sack lost retr tret fack reor bkof ca state  pmtu
#       [s]    [s]  [Mbit/s]   [#/s]     [ms]     [ms]     [ms]  [#]  [#]  [#]  [#]  [#]  [#]  [#]  [#]            [B]
D  0  0.309  0.361  0.000000    0.00  118.647  118.647  118.647    0    0    0    0    0    0    3    0     open  1500
D  0  0.361  0.400  0.000000    0.00   52.999   52.999   52.999    0    0    0    0    0    0    3    0     open  1500
S  0  0.351  0.402  0.000000    0.00      inf      inf      inf   19    0    0    0    0    0    8    0     open  1500
S  0  0.402  0.450  2.686325    0.00      inf      inf      inf   26    2    0    0    0    4   10    0 disorder  1500
D  0  0.400  0.465  0.000000    0.00    1.286    1.286    1.286    0    0    0    0    0    0    3    0     open  1500
S  0  0.450  0.503  4.984040    0.00      inf      inf      inf   33    0    0    0    0    0   10    0     open  1500
D  0  0.465  0.505  0.000000    0.00   65.623   65.623   65.623    0    0    0    0    0    0    3    0     open  1500
S  0  0.503  0.552  1.335242    0.00      inf      inf      inf   37    2    0    0    0    5   10    0 disorder  1500
D  0  0.505  0.561  0.000000    0.00      inf      inf      inf    0    0    0    0    0    0    3    0     open  1500
S  0  0.552  0.608  1.167542    0.00      inf      inf      inf   44   11    2    2    0   22   10    0  recover  1500
D  0  0.561  0.602  0.000000    0.00    1.251   29.486  107.841    0    0    0    0    0    0    3    0     open  1500
S  0  0.608  0.652  8.930665    0.00      inf      inf      inf   44    4    0    0    0    8   25    0 disorder  1500
# ID  begin    end   through transac  min IAT  avg IAT  max IAT uack sack lost retr tret fack reor bkof ca state  pmtu
#       [s]    [s]  [Mbit/s]   [#/s]     [ms]     [ms]     [ms]  [#]  [#]  [#]  [#]  [#]  [#]  [#]  [#]            [B]
D  0  0.602  0.657  0.000000    0.00   23.921   28.715   33.510    0    0    0    0    0    0    3    0     open  1500
D  0  0.657  0.700  0.000000    0.00   17.579   28.806   40.033    0    0    0    0    0    0    3    0     open  1500
S  0  0.652  0.710  2.256883    0.00      inf      inf      inf   41    5    0    0    0   10   25    0 disorder  1500
S  0  0.710  0.750  1.644546    0.00      inf      inf      inf   39    4    0    0    0    8   25    0 disorder  1500
D  0  0.700  0.761  0.000000    0.00   46.296   46.296   46.296    0    0    0    0    0    0    3    0     open  1500
S  0  0.750  0.804  2.433160    0.00      inf      inf      inf   56    9    0    0    0   18   25    0 disorder  1500
D  0  0.761  0.806  0.000000    0.00    1.826    8.695   17.297    0    0    0    0    0    0    3    0     open  1500
S  0  0.804  0.857  3.724050    0.00      inf      inf      inf   53    3    0    0    0    5   25    0 disorder  1500
D  0  0.806  0.861  0.000000    0.00   14.379   24.842   35.304    0    0    0    0    0    0    3    0     open  1500
D  0  0.861  0.905  0.000000    0.00    1.812   16.548   54.190    0    0    0    0    0    0    3    0     open  1500
S  0  0.857  0.910  2.483242    0.00      inf      inf      inf   61   11    0    0    0   23   25    0 disorder  1500
S  0  0.910  0.954  5.864768    0.00      inf      inf      inf   59    9    0    0    0   18   28    0 disorder  1500
D  0  0.905  0.961  0.000000    0.00    1.843   15.254   26.976    0    0    0    0    0    0    3    0     open  1500
S  0  0.954  1.000  4.283451    0.00      inf      inf      inf   50    0    0    0    0    0   28    0     open  1500
D  0  0.961  1.004  0.000000    0.00   46.774   46.774   46.774    0    0    0    0    0    0    3    0     open  1500
S  0  1.000  1.056  2.351432    0.00      inf      inf      inf   59    9    0    0    0   16   28    0 disorder  1500
D  0  1.004  1.061  0.000000    0.00    0.400   17.326   42.838    0    0    0    0    0    0    3    0     open  1500
S  0  1.056  1.109  3.709051    0.00      inf      inf      inf   58    8    0    0    0   16   28    0 disorder  1500
D  0  1.061  1.113  0.000000    0.00    2.204   12.273   22.875    0    0    0    0    0    0    3    0     open  1500
S  0  1.109  1.156  4.155836    0.00      inf      inf      inf   57    7    0    0    0   15   28    0 disorder  1500
D  0  1.113  1.165  0.000000    0.00   10.987   19.196   29.032    0    0    0    0    0    0    3    0     open  1500
S  0  1.156  1.204  4.106681    0.00      inf      inf      inf   58    8    0    0    0   16   28    0 disorder  1500
D  0  1.165  1.206  0.000000    0.00   13.148   17.627   24.749    0    0    0    0    0    0    3    0     open  1500
S  0  1.204  1.257  3.716852    0.00      inf      inf      inf   55    7    0    0    0   13   28    0 disorder  1500
D  0  1.206  1.254  0.000000    0.00    9.180   17.706   23.730    0    0    0    0    0    0    3    0     open  1500
# ID  begin    end   through transac  min IAT  avg IAT  max IAT uack sack lost retr tret fack reor bkof ca state  pmtu
#       [s]    [s]  [Mbit/s]   [#/s]     [ms]     [ms]     [ms]  [#]  [#]  [#]  [#]  [#]  [#]  [#]  [#]            [B]
S  0  1.257  1.300  3.027891    0.00      inf      inf      inf   55    8    0    0    0   15   28    0 disorder  1500
D  0  1.254  1.307  0.000000    0.00    8.190   15.755   29.712    0    0    0    0    0    0    3    0     open  1500
S  0  1.300  1.353  5.004326    0.00      inf      inf      inf   58    7    0    0    0   13   28    0 disorder  1500
D  0  1.307  1.353  0.000000    0.00    1.282   10.110   18.937    0    0    0    0    0    0    3    0     open  1500
S  0  1.353  1.406  2.447614    0.00      inf      inf      inf   53    6    0    0    0   13   28    0 disorder  1500
D  0  1.353  1.403  0.000000    0.00    1.090   18.019   39.560    0    0    0    0    0    0    3    0     open  1500
S  0  1.406  1.458  5.064880    0.00      inf      inf      inf   60    9    0    0    0   18   28    0 disorder  1500
D  0  1.403  1.453  0.000000    0.00    9.331   19.682   34.502    0    0    0    0    0    0    3    0     open  1500
D  0  1.453  1.509  0.000000    0.00    1.241   13.972   25.469    0    0    0    0    0    0    3    0     open  1500
D  0  1.509  1.550  0.000000    0.00    7.736   24.971   42.206    0    0    0    0    0    0    3    0     open  1500
S  0  1.458  1.509  3.814353    0.00      inf      inf      inf   57    7    0    0    0   14   28    0 disorder  1500
S  0  1.509  1.550  4.831924    0.00      inf      inf      inf   54    3    0    0    0    7   28    0 disorder  1500
D  0  1.550  1.603  0.000000    0.00    1.266   14.254   33.918    0    0    0    0    0    0    3    0     open  1500
S  0  1.550  1.604  2.451006    0.00      inf      inf      inf   57   10    0    0    0   20   28    0 disorder  1500
D  0  1.603  1.660  0.000000    0.00    1.565   18.156   30.420    0    0    0    0    0    0    3    0     open  1500
S  0  1.604  1.658  4.784135    0.00      inf      inf      inf   57    6    0    0    0   11   28    0 disorder  1500
S  0  1.658  1.702  3.009358    0.00      inf      inf      inf   56    5    0    0    0   10   28    0 disorder  1500
D  0  1.660  1.703  0.000000    0.00   11.806   19.334   26.861    0    0    0    0    0    0    3    0     open  1500
S  0  1.702  1.751  4.036669    0.00      inf      inf      inf   61   10    0    0    0   20   28    0 disorder  1500
D  0  1.703  1.757  0.000000    0.00    7.093   13.892   21.138    0    0    0    0    0    0    3    0     open  1500
S  0  1.751  1.807  4.617591    0.00      inf      inf      inf   61   10    0    0    0   19   28    0 disorder  1500
D  0  1.757  1.809  0.000000    0.00    8.892   16.871   27.736    0    0    0    0    0    0    3    0     open  1500
D  0  1.809  1.854  0.000000    0.00   15.693   19.747   23.800    0    0    0    0    0    0    3    0     open  1500
S  0  1.807  1.858  3.905710    0.00      inf      inf      inf   60    8    0    0    0   15   28    0 disorder  1500
S  0  1.858  1.903  2.931596    0.00      inf      inf      inf   55    7    0    0    0   16   28    0 disorder  1500
# ID  begin    end   through transac  min IAT  avg IAT  max IAT uack sack lost retr tret fack reor bkof ca state  pmtu
#       [s]    [s]  [Mbit/s]   [#/s]     [ms]     [ms]     [ms]  [#]  [#]  [#]  [#]  [#]  [#]  [#]  [#]            [B]
D  0  1.854  1.906  0.000000    0.00    7.878   17.410   23.957    0    0    0    0    0    0    3    0     open  1500
S  0  1.903  1.952  3.997138    0.00      inf      inf      inf   58   10    0    0    0   18   28    0 disorder  1500
D  0  1.906  1.954  0.000000    0.00    1.300   11.957   19.798    0    0    0    0    0    0    3    0     open  1500
S  0  1.952  2.002  3.887631    0.00      inf      inf      inf   57    9    0    0    0   17   28    0 disorder  1500
D  0  1.954  2.005  0.000000    0.00   10.130   17.127   32.073    0    0    0    0    0    0    3    0     open  1500
D  0  2.005  2.050  0.000000    0.00   23.805   29.853   35.901    0    0    0    0    0    0    3    0     open  1500
S  0  2.002  2.053  5.174176    0.00      inf      inf      inf   57    5    0    0    0   10   28    0 disorder  1500
D  0  2.050  2.109  0.000000    0.00    5.298   11.337   19.352    0    0    0    0    0    0    3    0     open  1500
S  0  2.053  2.102  1.337280    0.00      inf      inf      inf   55   12    0    0    0   24   28    0 disorder  1500
S  0  2.102  2.159  5.753867    0.00      inf      inf      inf   58    6    0    0    0   13   28    0 disorder  1500
D  0  2.109  2.161  0.000000    0.00    1.533   13.443   30.240    0    0    0    0    0    0    3    0     open  1500
D  0  2.161  2.209  0.000000    0.00   18.062   22.323   26.584    0    0    0    0    0    0    3    0     open  1500
S  0  2.159  2.210  3.849156    0.00      inf      inf      inf   59    7    0    0    0   15   28    0 disorder  1500
S  0  2.210  2.252  3.085426    0.00      inf      inf      inf   57    7    0    0    0   15   28    0 disorder  1500
D  0  2.209  2.254  0.000000    0.00    1.240   18.393   43.408    0    0    0    0    0    0    3    0     open  1500
D  0  2.254  2.300  0.000000    0.00    1.301   15.861   27.525    0    0    0    0    0    0    3    0     open  1500
S  0  2.252  2.284  4.220057    0.00      inf      inf      inf   57    7    0    0    0   15   28    0 disorder  1500

#   0 S: localhost (Linux 3.14.0-89-mptcp), random seed: 1961042663, sbuf = 16384/0, rbuf = 87380/0 (real/req), SMSS = 1448, Path MTU = 1500, Interface MTU = 1500 (Ethernet/PPP), flow duration = 2.284s/10.000s (real/req), through = 3.214343/0.000000Mbit/s (out/in), request blocks = 112/0 (out/in)
#   0 D: 10.9.9.7/10.88.88.1 (Linux 3.2.7), random seed: 1961042663, sbuf = 16384/0, rbuf = 87380/0 (real/req), SMSS = 1448, Path MTU = 1500, Interface MTU = 1500 (Ethernet/PPP), through = 0.000000/3.022490Mbit/s (out/in), request blocks = 0/106 (out/in), IAT = 0.400/19.543/118.647 (min/avg/max), DLY = 40.165/10.848/191.427 (min/avg/max)
