# Mon Dec  8 06:00:46 2014: controlling host = lohengrin, number of flows = 1, reporting interval = 0.05s, [through] = 10**6 bit/second (0.7.5)
# ID           begin             end   through transac min IAT avg IAT max IAT uack sack lost retr tret fack reor bkof ca state  pmtu
#                [s]             [s]  [Mbit/s]   [#/s]    [ms]    [ms]    [ms]  [#]  [#]  [#]  [#]  [#]  [#]  [#]  [#]            [B]
D  1  1418014758.424  1418014758.480  0.000000    0.00   1.229   8.107  24.066    0    0    0    0    0    0   28    0     open  1500
D  1  1418014758.480  1418014758.528  0.000000    0.00   1.219  17.369  37.190    0    0    0    0    0    0   28    0     open  1500
D  1  1418014758.528  1418014758.576  0.000000    0.00   6.212  10.613  15.014    0    0    0    0    0    0   28    0     open  1500
D  1  1418014758.576  1418014758.624  0.000000    0.00     inf     inf     inf    0    0    0    0    0    0   28    0     open  1500
D  1  1418014758.624  1418014758.680  0.000000    0.00   1.811  21.751  91.512    0    0    0    0    0    0   28    0     open  1500
D  1  1418014758.680  1418014758.723  0.000000    0.00  46.425  46.425  46.425    0    0    0    0    0    0   28    0     open  1500
D  1  1418014758.723  1418014758.776  0.000000    0.00   0.292  10.495  31.843    0    0    0    0    0    0   28    0     open  1500
D  1  1418014758.776  1418014758.821  0.000000    0.00   1.820  29.306  56.792    0    0    0    0    0    0   28    0     open  1500
D  1  1418014758.821  1418014758.871  0.000000    0.00   1.824   4.377   7.159    0    0    0    0    0    0   28    0     open  1500
D  1  1418014758.871  1418014758.925  0.000000    0.00   1.810  18.253  43.085    0    0    0    0    0    0   28    0     open  1500
D  1  1418014758.925  1418014758.972  0.000000    0.00   1.912   7.756  13.600    0    0    0    0    0    0   28    0     open  1500
D  1  1418014758.972  1418014759.032  0.000000    0.00   1.396  16.117  53.533    0    0    0    0    0    0   28    0     open  1500
D  1  1418014759.032  1418014759.072  0.000000    0.00  23.860  23.860  23.860    0    0    0    0    0    0   28    0     open  1500
D  1  1418014759.072  1418014759.136  0.000000    0.00   1.930  13.456  34.926    0    0    0    0    0    0   28    0     open  1500
D  1  1418014759.136  1418014759.180  0.000000    0.00   1.933  21.347  40.762    0    0    0    0    0    0   28    0     open  1500
D  1  1418014759.180  1418014759.224  0.000000    0.00   1.390  11.832  21.819    0    0    0    0    0    0   28    0     open  1500
D  1  1418014759.224  1418014759.284  0.000000    0.00   1.913  19.893  34.312    0    0    0    0    0    0   28    0     open  1500
D  1  1418014759.284  1418014759.332  0.000000    0.00   2.212  10.141  16.589    0    0    0    0    0    0   28    0     open  1500
D  1  1418014759.332  1418014759.379  0.000000    0.00  36.218  36.218  36.218    0    0    0    0    0    0   28    0     open  1500
D  1  1418014759.379  1418014759.421  0.000000    0.00   6.745  16.581  43.215    0    0    0    0    0    0   28    0     open  1500
D  1  1418014759.421  1418014759.476  0.000000    0.00   1.836  16.227  39.270    0    0    0    0    0    0   28    0     open  1500
D  1  1418014759.476  1418014759.524  0.000000    0.00     inf     inf     inf    0    0    0    0    0    0   28    0     open  1500
D  1  1418014759.524  1418014759.571  0.000000    0.00   1.815  50.072  98.330    0    0    0    0    0    0   28    0     open  1500
D  1  1418014759.571  1418014759.624  0.000000    0.00   1.968   2.905   3.843    0    0    0    0    0    0   28    0     open  1500
D  1  1418014759.624  1418014759.675  0.000000    0.00   1.884  29.456  77.810    0    0    0    0    0    0   28    0     open  1500
# ID           begin             end   through transac min IAT avg IAT max IAT uack sack lost retr tret fack reor bkof ca state  pmtu
#                [s]             [s]  [Mbit/s]   [#/s]    [ms]    [ms]    [ms]  [#]  [#]  [#]  [#]  [#]  [#]  [#]  [#]            [B]
D  1  1418014759.675  1418014759.732  0.000000    0.00   1.920  10.639  19.557    0    0    0    0    0    0   28    0     open  1500
D  1  1418014759.732  1418014759.771  0.000000    0.00   0.197  18.201  48.980    0    0    0    0    0    0   28    0     open  1500
D  1  1418014759.771  1418014759.822  0.000000    0.00   1.830   1.830   1.830    0    0    0    0    0    0   28    0     open  1500
D  1  1418014759.822  1418014759.880  0.000000    0.00   1.210  13.985  50.339    0    0    0    0    0    0   28    0     open  1500
D  1  1418014759.880  1418014759.924  0.000000    0.00  11.847  11.847  11.847    0    0    0    0    0    0   28    0     open  1500
D  1  1418014759.924  1418014759.972  0.000000    0.00   1.918  18.255  50.109    0    0    0    0    0    0   28    0     open  1500
D  1  1418014759.972  1418014760.025  0.000000    0.00   2.225  21.449  43.885    0    0    0    0    0    0   28    0     open  1500
D  1  1418014760.025  1418014760.080  0.000000    0.00   1.895   7.841  11.197    0    0    0    0    0    0   28    0     open  1500
D  1  1418014760.080  1418014760.124  0.000000    0.00  42.862  42.862  42.862    0    0    0    0    0    0   28    0     open  1500
D  1  1418014760.124  1418014760.171  0.000000    0.00   1.899   9.170  19.755    0    0    0    0    0    0   28    0     open  1500
D  1  1418014760.171  1418014760.224  0.000000    0.00   1.202  18.690  60.159    0    0    0    0    0    0   28    0     open  1500
D  1  1418014760.224  1418014760.275  0.000000    0.00   7.498  12.252  19.147    0    0    0    0    0    0   28    0     open  1500
D  1  1418014760.275  1418014760.328  0.000000    0.00   1.918  13.072  23.246    0    0    0    0    0    0   28    0     open  1500
D  1  1418014760.328  1418014760.377  0.000000    0.00  55.556  55.556  55.556    0    0    0    0    0    0   28    0     open  1500
D  1  1418014760.377  1418014760.421  0.000000    0.00   2.244   8.699  13.832    0    0    0    0    0    0   28    0     open  1500
D  1  1418014760.421  1418014760.479  0.000000    0.00  12.273  15.948  19.622    0    0    0    0    0    0   28    0     open  1500
D  1  1418014760.479  1418014760.532  0.000000    0.00   1.224  10.320  27.800    0    0    0    0    0    0   28    0     open  1500
D  1  1418014760.532  1418014760.582  0.000000    0.00   2.237  21.751  58.401    0    0    0    0    0    0   28    0     open  1500
D  1  1418014760.582  1418014760.621  0.000000    0.00   8.640  10.859  13.860    0    0    0    0    0    0   28    0     open  1500
D  1  1418014760.621  1418014760.672  0.000000    0.00   1.846  14.961  34.832    0    0    0    0    0    0   28    0     open  1500
D  1  1418014760.672  1418014760.721  0.000000    0.00   1.227  20.846  45.559    0    0    0    0    0    0   28    0     open  1500
D  1  1418014760.721  1418014760.775  0.000000    0.00   2.048   8.957  16.860    0    0    0    0    0    0   28    0     open  1500
D  1  1418014760.775  1418014760.827  0.000000    0.00   9.572  14.730  19.889    0    0    0    0    0    0   28    0     open  1500
D  1  1418014760.827  1418014760.872  0.000000    0.00   1.852  15.336  33.414    0    0    0    0    0    0   28    0     open  1500
D  1  1418014760.872  1418014760.921  0.000000    0.00  10.463  25.423  40.384    0    0    0    0    0    0   28    0     open  1500
# ID           begin             end   through transac min IAT avg IAT max IAT uack sack lost retr tret fack reor bkof ca state  pmtu
#                [s]             [s]  [Mbit/s]   [#/s]    [ms]    [ms]    [ms]  [#]  [#]  [#]  [#]  [#]  [#]  [#]  [#]            [B]
D  1  1418014760.921  1418014760.973  0.000000    0.00   1.914   9.270  22.407    0    0    0    0    0    0   28    0     open  1500
D  1  1418014760.973  1418014761.028  0.000000    0.00   1.914  21.291  40.668    0    0    0    0    0    0   28    0     open  1500
D  1  1418014761.028  1418014761.071  0.000000    0.00   2.172  12.685  23.197    0    0    0    0    0    0   28    0     open  1500
D  1  1418014761.071  1418014761.128  0.000000    0.00   2.003  13.920  41.261    0    0    0    0    0    0   28    0     open  1500
D  1  1418014761.128  1418014761.179  0.000000    0.00   1.235  12.462  23.689    0    0    0    0    0    0   28    0     open  1500
D  1  1418014761.179  1418014761.236  0.000000    0.00   1.178  16.666  40.497    0    0    0    0    0    0   28    0     open  1500
D  1  1418014761.236  1418014761.271  0.000000    0.00  16.052  26.724  37.395    0    0    0    0    0    0   28    0     open  1500
D  1  1418014761.271  1418014761.333  0.000000    0.00   1.943   9.132  16.969    0    0    0    0    0    0   28    0     open  1500
D  1  1418014761.333  1418014761.372  0.000000    0.00  20.244  21.451  22.658    0    0    0    0    0    0   28    0     open  1500
D  1  1418014761.372  1418014761.428  0.000000    0.00   1.243  19.819  33.216    0    0    0    0    0    0   28    0     open  1500
D  1  1418014761.428  1418014761.471  0.000000    0.00   1.856   9.608  17.717    0    0    0    0    0    0   28    0     open  1500
D  1  1418014761.471  1418014761.524  0.000000    0.00   7.693  13.907  21.044    0    0    0    0    0    0   28    0     open  1500
D  1  1418014761.524  1418014761.576  0.000000    0.00   8.626  18.267  25.328    0    0    0    0    0    0   28    0     open  1500
D  1  1418014761.576  1418014761.632  0.000000    0.00   9.351  18.716  34.100    0    0    0    0    0    0   28    0     open  1500
D  1  1418014761.632  1418014761.679  0.000000    0.00   1.840   9.674  16.213    0    0    0    0    0    0   28    0     open  1500
D  1  1418014761.679  1418014761.724  0.000000    0.00   1.245  14.372  27.942    0    0    0    0    0    0   28    0     open  1500
D  1  1418014761.724  1418014761.772  0.000000    0.00  27.221  27.390  27.559    0    0    0    0    0    0   28    0     open  1500
D  1  1418014761.772  1418014761.824  0.000000    0.00   1.996  10.846  16.753    0    0    0    0    0    0   28    0     open  1500
D  1  1418014761.824  1418014761.876  0.000000    0.00   8.711  11.159  13.778    0    0    0    0    0    0   28    0     open  1500
D  1  1418014761.876  1418014761.924  0.000000    0.00  16.296  19.372  22.448    0    0    0    0    0    0   28    0     open  1500
D  1  1418014761.924  1418014761.972  0.000000    0.00   1.245  20.308  34.436    0    0    0    0    0    0   28    0     open  1500
D  1  1418014761.972  1418014762.025  0.000000    0.00   1.241   9.346  17.891    0    0    0    0    0    0   28    0     open  1500
D  1  1418014762.025  1418014762.072  0.000000    0.00   9.172  16.581  24.410    0    0    0    0    0    0   28    0     open  1500
D  1  1418014762.072  1418014762.121  0.000000    0.00  14.071  17.878  22.966    0    0    0    0    0    0   28    0     open  1500
D  1  1418014762.121  1418014762.172  0.000000    0.00   7.371  13.133  22.583    0    0    0    0    0    0   28    0     open  1500
# ID           begin             end   through transac min IAT avg IAT max IAT uack sack lost retr tret fack reor bkof ca state  pmtu
#                [s]             [s]  [Mbit/s]   [#/s]    [ms]    [ms]    [ms]  [#]  [#]  [#]  [#]  [#]  [#]  [#]  [#]            [B]
D  1  1418014762.172  1418014762.224  0.000000    0.00   6.497  11.473  19.249    0    0    0    0    0    0   28    0     open  1500
D  1  1418014762.224  1418014762.272  0.000000    0.00   9.622  16.114  22.015    0    0    0    0    0    0   28    0     open  1500
D  1  1418014762.272  1418014762.323  0.000000    0.00  12.645  19.324  23.106    0    0    0    0    0    0   28    0     open  1500
D  1  1418014762.323  1418014762.380  0.000000    0.00   6.737   9.713  13.934    0    0    0    0    0    0   28    0     open  1500
D  1  1418014762.380  1418014762.427  0.000000    0.00  15.492  18.409  23.333    0    0    0    0    0    0   28    0     open  1500
D  1  1418014762.427  1418014762.480  0.000000    0.00   8.098  15.003  21.909    0    0    0    0    0    0   28    0     open  1500
D  1  1418014762.480  1418014762.529  0.000000    0.00   1.262  13.238  29.967    0    0    0    0    0    0   28    0     open  1500
D  1  1418014762.529  1418014762.576  0.000000    0.00   8.537  15.680  24.969    0    0    0    0    0    0   28    0     open  1500
D  1  1418014762.576  1418014762.624  0.000000    0.00   9.377  12.442  14.854    0    0    0    0    0    0   28    0     open  1500
D  1  1418014762.624  1418014762.676  0.000000    0.00   8.065  17.277  23.547    0    0    0    0    0    0   28    0     open  1500
D  1  1418014762.676  1418014762.728  0.000000    0.00   1.933  11.091  19.632    0    0    0    0    0    0   28    0     open  1500
D  1  1418014762.728  1418014762.775  0.000000    0.00   7.045  13.979  18.968    0    0    0    0    0    0   28    0     open  1500
D  1  1418014762.775  1418014762.824  0.000000    0.00  15.411  18.843  22.230    0    0    0    0    0    0   28    0     open  1500
D  1  1418014762.824  1418014762.878  0.000000    0.00   2.475  13.598  23.448    0    0    0    0    0    0   28    0     open  1500
D  1  1418014762.878  1418014762.921  0.000000    0.00   7.022  13.047  18.613    0    0    0    0    0    0   28    0     open  1500
D  1  1418014762.921  1418014762.971  0.000000    0.00   2.642  10.076  17.509    0    0    0    0    0    0   28    0     open  1500
D  1  1418014762.971  1418014763.024  0.000000    0.00   1.599  18.727  38.847    0    0    0    0    0    0   28    0     open  1500
D  1  1418014763.024  1418014763.076  0.000000    0.00   9.631  13.761  24.964    0    0    0    0    0    0   28    0     open  1500
D  1  1418014763.076  1418014763.128  0.000000    0.00   2.262  11.013  18.318    0    0    0    0    0    0   28    0     open  1500
D  1  1418014763.128  1418014763.180  0.000000    0.00   1.249  17.172  33.670    0    0    0    0    0    0   28    0     open  1500
D  1  1418014763.180  1418014763.231  0.000000    0.00   9.584  15.946  23.499    0    0    0    0    0    0   28    0     open  1500
D  1  1418014763.231  1418014763.272  0.000000    0.00   7.166  12.180  19.042    0    0    0    0    0    0   28    0     open  1500
D  1  1418014763.272  1418014763.328  0.000000    0.00   1.503  13.491  27.494    0    0    0    0    0    0   28    0     open  1500
D  1  1418014763.328  1418014763.372  0.000000    0.00  18.693  24.371  30.050    0    0    0    0    0    0   28    0     open  1500
D  1  1418014763.372  1418014763.425  0.000000    0.00   2.197  11.530  21.760    0    0    0    0    0    0   28    0     open  1500
